1598387190

MOVE 0
MOVE 0
BUILD 1 2 2 1
BUILD 0 1 2 1
END

MOVE 1
MOVE 1
BUILD 8 7 2 4
BUILD 9 8 2 2
END

MOVE 3
MOVE 3
MOVE 2
MOVE 2
WORKSHOP 0 3
ROTATE 0 L
WORKSHOP 0 3
MOVE 0
BUILD 2 2 2 1
BUILD 0 2 2 2
BUILD 1 3 2 3
BUILD 1 1 2 2
END

MOVE 5
MOVE 5
MOVE 4
WORKSHOP 9 6
MOVE 4
WORKSHOP 9 6
ROTATE 1 L
MOVE 1
BUILD 9 7 1 3
BUILD 7 7 1 4
BUILD 8 8 1 4
BUILD 8 6 1 1
END

ROTATE 7 L
ROTATE 7 L
ROTATE 6 L
ROTATE 6 R
MOVE 3
MOVE 3
MOVE 2
ROTATE 2 R
ROTATE 0 R
MOVE 0
BUILD 0 4 1 4
END

ROTATE 11 R
ROTATE 11 R
MOVE 11
ROTATE 10 L
ROTATE 10 L
MOVE 10
ROTATE 9 R
ROTATE 9 R
ROTATE 9 R
MOVE 8
MOVE 8
ROTATE 8 R
MOVE 5
MOVE 5
MOVE 4
DIG 4
ROTATE 1 R
MOVE 1
BUILD 8 7 1 1
BUILD 8 5 1 1
END

ROTATE 12 L
ROTATE 12 R
ROTATE 12 R
MOVE 7
ROTATE 7 L
MOVE 6
ROTATE 6 R
DIG 3
DIG 3
MOVE 2
MOVE 2
MOVE 0
MOVE 0
END

MOVE 13
ROTATE 13 R
MOVE 13
ROTATE 11 L
ROTATE 11 R
ROTATE 11 L
ROTATE 10 R
MOVE 10
MOVE 10
MOVE 9
MOVE 9
ROTATE 9 L
MOVE 8
MOVE 8
ROTATE 8 L
DIG 5
DIG 5
DIG 4
DIG 4
MOVE 1
ROTATE 1 R
END

MOVE 12
MOVE 12
MOVE 12
MOVE 7
MOVE 7
ROTATE 6 L
MOVE 6
DIG 3
DIG 3
MOVE 2
MOVE 2
DIG 0
DIG 0
BUILD 1 3 1 3
BUILD 0 4 1 3
BUILD 0 2 1 2
END

MOVE 13
ROTATE 13 L
ROTATE 13 L
MOVE 11
MOVE 11
ROTATE 11 L
MOVE 10
MOVE 10
MOVE 10
ROTATE 9 R
ROTATE 9 L
ROTATE 9 R
ROTATE 8 R
MOVE 8
MOVE 8
DIG 5
DIG 5
DIG 4
DIG 4
MOVE 1
ROTATE 1 L
BUILD 8 5 1 4
BUILD 9 4 1 1
END

MOVE 15
MOVE 15
DIG 15
MOVE 14
ROTATE 14 L
MOVE 14
MOVE 12
MOVE 12
SHOOT 12
ROTATE 7 L
MOVE 7
ROTATE 6 L
ROTATE 6 L
DIG 3
DIG 3
ROTATE 2 R
DIG 2
DIG 0
DIG 0
END

ROTATE 17 L
MOVE 17
DIG 17
ROTATE 16 L
MOVE 16
MOVE 16
MOVE 13
MOVE 13
ROTATE 13 L
MOVE 11
MOVE 11
ROTATE 11 R
MOVE 10
MOVE 10
ROTATE 10 L
ROTATE 9 R
SHOOT 9
SHOOT 9
MOVE 8
MOVE 8
MOVE 8
DIG 5
DIG 5
DIG 4
DIG 4
MOVE 1
ROTATE 1 R
END

ROTATE 15 L
ROTATE 15 R
ROTATE 15 R
MOVE 14
MOVE 14
MOVE 14
ROTATE 7 R
ROTATE 7 R
MOVE 6
MOVE 6
DIG 3
DIG 3
DIG 2
DIG 2
DIG 0
DIG 0
BUILD 1 3 1 2
BUILD 0 4 1 4
BUILD 0 2 1 2
END

DIG 17
ROTATE 17 L
ROTATE 17 R
WORKSHOP 6 6
MOVE 16
MOVE 16
SHOOT 16
MOVE 13
MOVE 13
MOVE 13
MOVE 11
ROTATE 11 R
MOVE 11
ROTATE 10 L
ROTATE 10 L
ROTATE 10 R
SHOOT 9
SHOOT 9
SHOOT 9
ROTATE 8 L
ROTATE 8 R
ROTATE 8 R
DIG 5
DIG 5
DIG 4
DIG 4
ROTATE 1 R
MOVE 1
END

ROTATE 20 R
MOVE 20
ROTATE 20 L
ROTATE 19 L
ROTATE 19 L
MOVE 19
ROTATE 18 R
MOVE 18
MOVE 18
ROTATE 15 L
ROTATE 15 R
ROTATE 15 R
MOVE 7
MOVE 7
MOVE 6
MOVE 6
DIG 3
DIG 3
DIG 2
DIG 2
DIG 0
DIG 0
END

ROTATE 17 R
ROTATE 17 L
ROTATE 17 R
SHOOT 16
SHOOT 16
SHOOT 16
ROTATE 13 R
ROTATE 13 R
MOVE 13
MOVE 11
MOVE 11
MOVE 11
ROTATE 10 R
ROTATE 10 R
ROTATE 10 R
MOVE 9
MOVE 9
MOVE 9
DIG 8
ROTATE 8 L
ROTATE 8 R
DIG 5
DIG 5
DIG 4
DIG 4
ROTATE 1 L
ROTATE 1 L
BUILD 8 5 1 2
BUILD 9 4 1 4
END

ROTATE 20 R
MOVE 20
ROTATE 20 R
ROTATE 19 R
ROTATE 19 R
MOVE 19
MOVE 18
ROTATE 18 L
ROTATE 18 L
MOVE 15
ROTATE 15 L
ROTATE 15 L
MOVE 7
MOVE 7
ROTATE 6 L
ROTATE 6 R
ROTATE 3 R
MOVE 3
DIG 2
DIG 2
DIG 0
DIG 0
BUILD 1 3 1 3
END

MOVE 21
MOVE 21
MOVE 21
ROTATE 17 R
MOVE 17
ROTATE 17 L
SHOOT 16
SHOOT 16
SHOOT 16
MOVE 13
MOVE 13
ROTATE 13 R
MOVE 11
MOVE 11
ROTATE 11 R
ROTATE 10 R
ROTATE 10 R
ROTATE 10 L
MOVE 9
ROTATE 9 R
DIG 9
ROTATE 8 R
ROTATE 8 R
ROTATE 8 R
ROTATE 5 L
MOVE 5
DIG 4
DIG 4
ROTATE 1 L
MOVE 1
END

MOVE 22
ROTATE 22 R
ROTATE 22 R
ROTATE 20 L
ROTATE 20 R
ROTATE 20 R
ROTATE 19 R
ROTATE 19 R
ROTATE 19 R
MOVE 18
MOVE 18
MOVE 18
MOVE 15
DIG 15
ROTATE 15 R
MOVE 7
MOVE 7
ROTATE 6 L
ROTATE 6 R
MOVE 3
SHOOT 3
DIG 2
DIG 2
DIG 0
DIG 0
BUILD 2 5 1 4
BUILD 0 5 1 2
END

ROTATE 21 R
MOVE 21
ROTATE 21 R
ROTATE 17 R
MOVE 17
ROTATE 17 R
SHOOT 16
SHOOT 16
SHOOT 16
MOVE 13
MOVE 13
ROTATE 13 R
DIG 11
ROTATE 11 R
MOVE 11
WORKSHOP 0 9
WORKSHOP 1 8
ROTATE 10 R
ROTATE 10 L
ROTATE 10 R
ROTATE 9 L
ROTATE 9 L
SHOOT 9
ROTATE 8 R
ROTATE 8 L
ROTATE 8 L
ROTATE 5 R
ROTATE 5 R
DIG 4
DIG 4
MOVE 1
MOVE 1
END

ROTATE 24 R
ROTATE 24 L
ROTATE 24 L
ROTATE 22 R
MOVE 22
SHOOT 22
MOVE 20
ROTATE 20 R
ROTATE 20 R
ROTATE 19 L
ROTATE 19 L
MOVE 19
ROTATE 18 L
MOVE 18
ROTATE 18 R
ROTATE 15 L
ROTATE 15 R
ROTATE 15 L
MOVE 7
MOVE 7
ROTATE 6 R
ROTATE 6 R
SHOOT 3
SHOOT 3
DIG 2
ROTATE 2 R
DIG 0
DIG 0
BUILD 1 3 1 3
BUILD 0 4 1 4
END

MOVE 21
MOVE 21
ROTATE 21 R
MOVE 17
MOVE 17
ROTATE 17 L
SHOOT 16
SHOOT 16
SHOOT 16
MOVE 13
MOVE 13
MOVE 13
ROTATE 11 L
ROTATE 11 R
ROTATE 11 R
ROTATE 10 L
ROTATE 10 R
ROTATE 10 L
SHOOT 9
SHOOT 9
SHOOT 9
ROTATE 8 L
MOVE 8
ROTATE 8 L
MOVE 5
MOVE 5
DIG 4
DIG 4
MOVE 1
ROTATE 1 R
END

ROTATE 26 L
ROTATE 26 R
ROTATE 26 L
ROTATE 25 R
ROTATE 25 L
ROTATE 25 L
ROTATE 24 L
ROTATE 24 R
ROTATE 24 R
MOVE 22
MOVE 22
SHOOT 22
MOVE 20
ROTATE 20 R
MOVE 20
MOVE 19
MOVE 19
ROTATE 19 R
MOVE 18
MOVE 18
DIG 18
ROTATE 15 R
ROTATE 15 L
ROTATE 15 R
ROTATE 7 L
ROTATE 7 R
MOVE 6
MOVE 6
ROTATE 3 L
SHOOT 3
SHOOT 2
SHOOT 2
DIG 0
DIG 0
END

MOVE 17
MOVE 17
MOVE 17
MOVE 13
ROTATE 13 L
ROTATE 13 R
ROTATE 11 L
ROTATE 11 L
ROTATE 11 R
MOVE 10
ROTATE 10 R
ROTATE 10 L
SHOOT 9
SHOOT 9
SHOOT 9
ROTATE 8 R
ROTATE 8 R
ROTATE 8 R
MOVE 5
ROTATE 5 L
DIG 4
DIG 4
MOVE 1
ROTATE 1 R
END

ROTATE 26 R
ROTATE 26 R
MOVE 26
MOVE 25
ROTATE 25 R
MOVE 25
ROTATE 24 L
ROTATE 24 R
ROTATE 24 R
SHOOT 22
SHOOT 22
SHOOT 22
MOVE 20
MOVE 20
MOVE 20
MOVE 19
DIG 19
ROTATE 19 L
ROTATE 18 L
ROTATE 18 L
ROTATE 18 R
ROTATE 15 L
ROTATE 15 R
ROTATE 15 L
ROTATE 7 R
ROTATE 7 L
MOVE 6
MOVE 6
MOVE 2
ROTATE 2 L
DIG 0
DIG 0
BUILD 1 3 1 4
BUILD 0 4 1 2
BUILD 0 2 1 1
END

MOVE 17
ROTATE 17 L
MOVE 17
ROTATE 13 R
MOVE 13
MOVE 13
MOVE 11
MOVE 11
MOVE 11
ROTATE 10 R
ROTATE 10 L
ROTATE 10 L
MOVE 9
ROTATE 9 R
SHOOT 9
ROTATE 8 R
ROTATE 8 L
ROTATE 8 R
MOVE 5
ROTATE 5 R
DIG 4
DIG 4
MOVE 1
MOVE 1
BUILD 6 4 1 2
BUILD 7 5 1 3
END

ROTATE 28 R
ROTATE 28 R
ROTATE 28 L
MOVE 27
MOVE 27
MOVE 27
ROTATE 26 R
ROTATE 26 L
ROTATE 26 R
ROTATE 25 R
ROTATE 25 L
ROTATE 25 R
ROTATE 24 R
ROTATE 24 R
ROTATE 24 R
SHOOT 22
SHOOT 22
SHOOT 22
MOVE 20
MOVE 20
MOVE 20
ROTATE 19 L
MOVE 19
ROTATE 19 L
MOVE 18
ROTATE 18 R
ROTATE 18 L
ROTATE 15 R
ROTATE 15 L
ROTATE 15 L
ROTATE 7 R
ROTATE 7 R
ROTATE 6 R
SHOOT 6
ROTATE 2 L
SHOOT 2
DIG 0
DIG 0
END

MOVE 17
ROTATE 17 L
MOVE 17
MOVE 13
MOVE 13
MOVE 13
MOVE 11
MOVE 11
ROTATE 11 L
DIG 10
ROTATE 10 L
MOVE 10
SHOOT 9
SHOOT 9
SHOOT 9
ROTATE 8 R
MOVE 8
MOVE 8
SHOOT 5
SHOOT 5
DIG 4
DIG 4
ROTATE 1 R
MOVE 1
END

ROTATE 28 R
ROTATE 28 L
ROTATE 28 R
ROTATE 27 L
MOVE 27
ROTATE 27 R
ROTATE 26 L
ROTATE 26 R
ROTATE 26 L
ROTATE 25 R
MOVE 25
MOVE 25
ROTATE 24 L
ROTATE 24 R
ROTATE 24 L
SHOOT 22
SHOOT 22
SHOOT 22
ROTATE 20 L
ROTATE 20 R
ROTATE 20 R
MOVE 19
ROTATE 19 R
MOVE 19
ROTATE 18 R
ROTATE 18 R
MOVE 18
ROTATE 15 R
ROTATE 15 L
ROTATE 15 R
ROTATE 7 R
ROTATE 7 R
SHOOT 6
SHOOT 6
SHOOT 2
SHOOT 2
DIG 0
DIG 0
BUILD 1 3 1 3
BUILD 0 2 1 4
END

MOVE 17
ROTATE 17 L
MOVE 17
MOVE 11
MOVE 11
ROTATE 11 R
ROTATE 10 R
ROTATE 10 L
ROTATE 10 L
MOVE 8
MOVE 8
MOVE 8
SHOOT 5
SHOOT 5
ROTATE 4 R
MOVE 4
MOVE 1
MOVE 1
END

MOVE 31
ROTATE 31 L
ROTATE 31 L
ROTATE 30 L
ROTATE 30 R
ROTATE 30 L
ROTATE 28 L
ROTATE 28 L
ROTATE 28 L
ROTATE 27 R
MOVE 27
MOVE 27
MOVE 26
MOVE 26
ROTATE 26 R
MOVE 25
ROTATE 25 L
MOVE 25
ROTATE 24 L
ROTATE 24 L
ROTATE 24 R
MOVE 22
MOVE 22
SHOOT 22
DIG 20
ROTATE 20 R
MOVE 20
MOVE 19
MOVE 19
ROTATE 19 R
ROTATE 18 L
ROTATE 18 L
MOVE 18
ROTATE 15 R
ROTATE 15 R
ROTATE 15 R
ROTATE 7 R
ROTATE 7 L
MOVE 6
MOVE 6
SHOOT 2
SHOOT 2
DIG 0
DIG 0
END

ROTATE 17 R
MOVE 17
MOVE 17
ROTATE 11 L
ROTATE 11 R
ROTATE 11 R
ROTATE 10 L
MOVE 10
MOVE 10
MOVE 8
ROTATE 8 L
MOVE 8
SHOOT 5
SHOOT 5
ROTATE 4 R
MOVE 4
MOVE 1
MOVE 1
BUILD 7 6 1 3
BUILD 5 6 1 3
BUILD 6 7 1 4
BUILD 6 5 1 2
END

MOVE 31
ROTATE 31 R
ROTATE 31 L
MOVE 30
ROTATE 30 R
MOVE 30
ROTATE 28 R
ROTATE 28 R
ROTATE 28 R
MOVE 27
MOVE 27
MOVE 27
ROTATE 26 R
ROTATE 26 R
ROTATE 26 L
MOVE 25
ROTATE 25 L
ROTATE 25 L
ROTATE 24 R
ROTATE 24 L
ROTATE 24 R
MOVE 22
MOVE 22
MOVE 22
ROTATE 20 R
ROTATE 20 L
ROTATE 20 L
MOVE 19
MOVE 19
ROTATE 19 R
ROTATE 18 L
ROTATE 18 R
ROTATE 18 R
ROTATE 15 L
ROTATE 15 L
ROTATE 15 L
ROTATE 7 L
ROTATE 7 L
ROTATE 6 R
ROTATE 6 L
SHOOT 2
SHOOT 2
DIG 0
DIG 0
BUILD 1 3 1 4
END

MOVE 32
MOVE 32
ROTATE 32 R
MOVE 17
ROTATE 17 L
MOVE 17
ROTATE 11 L
ROTATE 11 R
ROTATE 11 L
MOVE 10
MOVE 10
MOVE 10
ROTATE 8 R
ROTATE 8 R
MOVE 8
SHOOT 5
SHOOT 5
ROTATE 4 R
MOVE 4
ROTATE 1 L
MOVE 1
END

MOVE 33
MOVE 33
MOVE 33
ROTATE 31 L
MOVE 31
MOVE 31
MOVE 30
DIG 30
ROTATE 30 R
MOVE 28
MOVE 28
ROTATE 28 L
ROTATE 27 R
DIG 27
ROTATE 27 R
ROTATE 26 R
ROTATE 26 R
ROTATE 26 L
MOVE 25
MOVE 25
MOVE 25
ROTATE 24 L
ROTATE 24 R
ROTATE 24 L
ROTATE 22 R
SHOOT 22
SHOOT 22
ROTATE 20 R
ROTATE 20 R
ROTATE 20 R
MOVE 19
MOVE 19
ROTATE 19 L
ROTATE 18 R
ROTATE 18 L
ROTATE 18 L
ROTATE 15 R
ROTATE 15 R
ROTATE 15 L
MOVE 7
ROTATE 7 R
ROTATE 6 R
ROTATE 6 R
SHOOT 2
SHOOT 2
DIG 0
DIG 0
BUILD 1 3 1 4
BUILD 0 4 1 4
BUILD 0 2 1 1
END

MOVE 32
MOVE 32
DIG 32
SHOOT 17
SHOOT 17
SHOOT 17
ROTATE 11 L
ROTATE 11 L
MOVE 11
MOVE 10
ROTATE 10 L
MOVE 10
ROTATE 8 R
ROTATE 8 L
ROTATE 8 R
SHOOT 5
SHOOT 5
MOVE 4
MOVE 4
ROTATE 1 L
MOVE 1
END

ROTATE 35 R
MOVE 35
ROTATE 35 R
MOVE 34
MOVE 34
ROTATE 34 R
ROTATE 33 L
MOVE 33
ROTATE 33 R
MOVE 31
MOVE 31
ROTATE 31 L
ROTATE 30 R
ROTATE 30 L
ROTATE 30 L
MOVE 28
MOVE 28
MOVE 28
MOVE 27
MOVE 27
MOVE 27
ROTATE 26 R
MOVE 26
SHOOT 26
MOVE 25
DIG 25
ROTATE 25 L
ROTATE 24 L
MOVE 24
ROTATE 24 R
SHOOT 22
SHOOT 22
SHOOT 22
ROTATE 20 L
ROTATE 20 R
ROTATE 20 L
MOVE 19
ROTATE 19 L
ROTATE 19 R
SHOOT 18
SHOOT 18
SHOOT 18
ROTATE 15 R
MOVE 15
ROTATE 15 R
ROTATE 7 L
ROTATE 7 L
DIG 0
DIG 0
END

ROTATE 32 L
MOVE 32
ROTATE 32 L
SHOOT 17
SHOOT 17
SHOOT 17
MOVE 11
MOVE 11
MOVE 11
MOVE 10
MOVE 10
MOVE 10
MOVE 8
MOVE 8
MOVE 8
SHOOT 5
SHOOT 5
MOVE 1
MOVE 1
BUILD 7 6 2 1
BUILD 5 6 2 2
BUILD 6 7 2 3
BUILD 6 5 2 4
END

ROTATE 35 L
MOVE 35
MOVE 35
ROTATE 34 L
MOVE 34
ROTATE 34 L
ROTATE 33 L
ROTATE 33 R
ROTATE 33 L
ROTATE 31 R
ROTATE 31 L
ROTATE 31 L
ROTATE 30 L
ROTATE 30 R
ROTATE 30 L
ROTATE 28 R
MOVE 28
ROTATE 28 R
ROTATE 27 R
ROTATE 27 L
ROTATE 27 R
MOVE 25
ROTATE 25 L
MOVE 25
MOVE 24
MOVE 24
ROTATE 24 L
SHOOT 22
SHOOT 22
SHOOT 22
ROTATE 20 R
ROTATE 20 R
ROTATE 20 L
ROTATE 19 L
ROTATE 19 L
MOVE 19
MOVE 18
SHOOT 18
SHOOT 18
ROTATE 15 L
MOVE 15
ROTATE 15 R
DIG 7
DIG 7
DIG 0
DIG 0
BUILD 1 3 2 4
BUILD 0 2 2 4
END

ROTATE 36 R
MOVE 36
ROTATE 32 L
MOVE 32
ROTATE 32 L
MOVE 17
SHOOT 17
SHOOT 17
ROTATE 11 L
ROTATE 11 L
MOVE 11
MOVE 8
MOVE 8
MOVE 8
SHOOT 5
SHOOT 5
MOVE 1
MOVE 1
END

MOVE 37
MOVE 37
ROTATE 34 R
ROTATE 34 R
ROTATE 34 R
ROTATE 33 L
MOVE 33
MOVE 33
MOVE 31
MOVE 31
MOVE 31
MOVE 30
ROTATE 30 L
MOVE 30
MOVE 28
ROTATE 28 L
MOVE 28
ROTATE 27 R
ROTATE 27 R
MOVE 27
MOVE 25
ROTATE 25 L
ROTATE 25 R
MOVE 24
MOVE 24
ROTATE 24 R
SHOOT 22
SHOOT 22
SHOOT 22
ROTATE 20 L
ROTATE 20 L
MOVE 20
ROTATE 19 L
MOVE 19
ROTATE 19 R
MOVE 18
MOVE 18
MOVE 18
MOVE 15
MOVE 15
ROTATE 15 L
DIG 7
DIG 7
DIG 0
DIG 0
BUILD 1 3 1 2
BUILD 0 4 1 3
END

MOVE 36
MOVE 36
ROTATE 32 L
MOVE 32
ROTATE 32 R
SHOOT 17
SHOOT 17
SHOOT 17
MOVE 11
MOVE 11
MOVE 11
MOVE 8
MOVE 8
ROTATE 8 R
SHOOT 5
SHOOT 5
DIG 1
DIG 1
END

MOVE 39
MOVE 39
DIG 39
ROTATE 38 L
MOVE 38
ROTATE 38 L
ROTATE 37 L
MOVE 37
MOVE 34
ROTATE 34 L
ROTATE 34 L
ROTATE 33 L
ROTATE 33 R
ROTATE 33 R
ROTATE 31 L
MOVE 31
ROTATE 31 R
ROTATE 30 L
ROTATE 30 R
ROTATE 30 R
ROTATE 28 R
MOVE 28
SHOOT 28
ROTATE 27 L
MOVE 27
MOVE 27
MOVE 25
MOVE 25
ROTATE 25 R
MOVE 24
MOVE 24
ROTATE 24 L
SHOOT 22
SHOOT 22
SHOOT 22
MOVE 20
MOVE 20
MOVE 20
MOVE 18
MOVE 18
ROTATE 18 L
MOVE 15
MOVE 15
MOVE 15
DIG 7
DIG 7
DIG 0
DIG 0
END

ROTATE 36 L
MOVE 36
MOVE 32
MOVE 32
MOVE 32
SHOOT 17
SHOOT 17
SHOOT 17
ROTATE 11 L
ROTATE 11 L
MOVE 11
ROTATE 8 L
ROTATE 8 R
ROTATE 8 R
DIG 1
DIG 1
BUILD 7 4 2 4
BUILD 8 5 2 2
END

ROTATE 39 L
ROTATE 39 R
ROTATE 39 R
MOVE 38
MOVE 38
SHOOT 38
ROTATE 37 R
ROTATE 37 L
MOVE 34
ROTATE 34 R
ROTATE 34 L
ROTATE 33 L
ROTATE 33 R
ROTATE 33 L
ROTATE 31 R
MOVE 31
MOVE 31
MOVE 28
MOVE 28
MOVE 28
ROTATE 27 R
ROTATE 27 L
ROTATE 27 R
ROTATE 25 R
ROTATE 25 L
ROTATE 25 L
ROTATE 24 L
MOVE 24
MOVE 24
ROTATE 22 R
SHOOT 22
SHOOT 22
ROTATE 20 R
ROTATE 20 L
ROTATE 20 R
ROTATE 18 L
MOVE 18
MOVE 18
ROTATE 15 R
MOVE 15
ROTATE 15 L
DIG 7
DIG 7
DIG 0
DIG 0
BUILD 1 3 1 1
BUILD 0 4 1 3
END

DIG 40
DIG 40
MOVE 36
ROTATE 36 R
ROTATE 32 R
ROTATE 32 R
MOVE 32
MOVE 11
MOVE 11
MOVE 11
MOVE 8
ROTATE 8 R
ROTATE 8 L
DIG 1
DIG 1
BUILD 8 5 1 3
END

MOVE 42
ROTATE 42 R
ROTATE 42 L
MOVE 41
ROTATE 41 R
MOVE 41
ROTATE 39 L
ROTATE 39 L
ROTATE 39 R
MOVE 38
SHOOT 38
SHOOT 38
ROTATE 37 L
ROTATE 37 R
ROTATE 34 L
ROTATE 34 R
ROTATE 34 R
ROTATE 33 R
ROTATE 33 L
ROTATE 33 L
ROTATE 31 R
MOVE 31
ROTATE 31 L
ROTATE 28 L
SHOOT 28
SHOOT 28
MOVE 27
MOVE 27
ROTATE 27 L
ROTATE 25 L
ROTATE 25 L
ROTATE 25 R
MOVE 24
ROTATE 24 R
MOVE 24
SHOOT 22
SHOOT 22
SHOOT 22
ROTATE 20 L
ROTATE 20 L
ROTATE 20 R
MOVE 18
MOVE 18
MOVE 18
MOVE 15
ROTATE 15 R
MOVE 15
DIG 7
DIG 7
DIG 0
DIG 0
END

MOVE 43
MOVE 43
MOVE 43
DIG 40
DIG 40
ROTATE 36 R
MOVE 36
MOVE 32
MOVE 32
MOVE 32
WORKSHOP 4 7
ROTATE 11 L
MOVE 11
MOVE 11
MOVE 8
MOVE 8
ROTATE 8 L
DIG 1
DIG 1
END

ROTATE 42 R
ROTATE 42 L
ROTATE 42 L
MOVE 41
DIG 41
ROTATE 41 L
ROTATE 39 L
ROTATE 39 L
ROTATE 39 R
SHOOT 38
SHOOT 38
SHOOT 38
ROTATE 37 R
ROTATE 37 R
ROTATE 34 L
ROTATE 34 R
ROTATE 34 L
MOVE 33
MOVE 33
MOVE 33
ROTATE 31 R
MOVE 31
MOVE 31
SHOOT 28
SHOOT 28
SHOOT 28
MOVE 27
ROTATE 27 L
ROTATE 27 L
ROTATE 25 R
ROTATE 25 L
ROTATE 25 R
ROTATE 24 L
ROTATE 24 R
ROTATE 24 L
SHOOT 22
SHOOT 22
SHOOT 22
ROTATE 20 L
MOVE 20
MOVE 20
MOVE 18
ROTATE 18 R
MOVE 18
MOVE 15
MOVE 15
ROTATE 15 L
ROTATE 7 R
ROTATE 7 R
DIG 0
DIG 0
BUILD 1 3 1 3
BUILD 0 4 1 4
BUILD 0 2 1 1
END

ROTATE 43 R
MOVE 43
MOVE 43
MOVE 36
ROTATE 36 R
ROTATE 32 R
ROTATE 32 R
ROTATE 32 R
ROTATE 11 L
ROTATE 11 R
ROTATE 11 R
ROTATE 8 R
ROTATE 8 L
ROTATE 8 L
DIG 1
DIG 1
BUILD 7 4 2 2
BUILD 8 5 2 3
BUILD 7 6 1 3
BUILD 5 6 1 4
BUILD 6 7 1 4
BUILD 6 5 1 1
END

ROTATE 45 R
MOVE 45
MOVE 45
MOVE 44
ROTATE 44 L
ROTATE 44 L
ROTATE 42 L
MOVE 42
ROTATE 42 R
MOVE 41
MOVE 41
MOVE 41
ROTATE 39 L
MOVE 39
ROTATE 39 R
SHOOT 38
SHOOT 38
SHOOT 38
ROTATE 37 R
MOVE 37
ROTATE 34 R
MOVE 34
MOVE 34
MOVE 33
ROTATE 33 L
ROTATE 33 R
DIG 31
ROTATE 31 R
ROTATE 31 R
SHOOT 28
SHOOT 28
SHOOT 28
MOVE 27
ROTATE 27 R
ROTATE 27 R
ROTATE 25 R
ROTATE 25 L
ROTATE 25 R
MOVE 24
ROTATE 24 R
ROTATE 24 L
SHOOT 22
SHOOT 22
SHOOT 22
MOVE 20
ROTATE 20 L
ROTATE 20 R
ROTATE 18 R
ROTATE 18 L
ROTATE 18 R
ROTATE 15 R
ROTATE 15 R
DIG 15
ROTATE 7 L
ROTATE 7 L
DIG 0
DIG 0
END

MOVE 47
MOVE 47
MOVE 46
SHOOT 46
MOVE 43
DIG 43
ROTATE 43 R
MOVE 36
MOVE 36
MOVE 32
MOVE 32
ROTATE 32 L
ROTATE 11 R
ROTATE 11 R
MOVE 11
MOVE 8
MOVE 8
MOVE 8
DIG 1
DIG 1
END

ROTATE 45 L
ROTATE 45 L
ROTATE 45 L
MOVE 44
MOVE 44
MOVE 44
MOVE 42
ROTATE 42 R
ROTATE 42 L
MOVE 41
MOVE 41
MOVE 41
ROTATE 39 L
MOVE 39
ROTATE 39 R
SHOOT 38
SHOOT 38
SHOOT 38
ROTATE 37 L
MOVE 37
MOVE 34
MOVE 34
ROTATE 34 L
ROTATE 33 L
ROTATE 33 R
ROTATE 33 R
MOVE 31
MOVE 31
ROTATE 31 R
SHOOT 28
SHOOT 28
SHOOT 28
MOVE 27
ROTATE 27 R
MOVE 27
ROTATE 25 L
ROTATE 25 L
ROTATE 25 R
ROTATE 24 L
MOVE 24
ROTATE 24 L
SHOOT 22
SHOOT 22
SHOOT 22
ROTATE 20 L
ROTATE 20 L
MOVE 20
ROTATE 18 L
ROTATE 18 L
ROTATE 18 R
ROTATE 15 R
ROTATE 15 L
ROTATE 15 L
ROTATE 7 R
ROTATE 7 R
DIG 0
DIG 0
BUILD 1 3 1 3
END

MOVE 47
MOVE 47
MOVE 43
SHOOT 43
SHOOT 43
MOVE 36
MOVE 36
ROTATE 32 R
ROTATE 32 R
MOVE 32
MOVE 11
ROTATE 11 L
MOVE 11
ROTATE 8 L
ROTATE 8 L
MOVE 8
DIG 1
DIG 1
BUILD 7 4 2 2
BUILD 7 6 1 3
BUILD 5 6 1 2
BUILD 6 7 1 3
BUILD 6 5 1 1
END

ROTATE 48 R
ROTATE 48 R
ROTATE 48 L
MOVE 45
DIG 45
ROTATE 45 R
MOVE 44
ROTATE 44 L
ROTATE 44 L
MOVE 42
ROTATE 42 R
ROTATE 42 L
MOVE 41
ROTATE 41 R
SHOOT 41
MOVE 39
ROTATE 39 L
ROTATE 39 R
SHOOT 38
SHOOT 38
SHOOT 38
ROTATE 37 L
MOVE 37
ROTATE 34 R
ROTATE 34 L
ROTATE 34 L
MOVE 33
ROTATE 33 L
MOVE 33
MOVE 31
ROTATE 31 R
MOVE 31
SHOOT 28
SHOOT 28
SHOOT 28
ROTATE 25 L
MOVE 25
ROTATE 25 R
MOVE 24
ROTATE 24 R
ROTATE 24 R
SHOOT 22
SHOOT 22
SHOOT 22
MOVE 20
MOVE 20
ROTATE 20 L
ROTATE 18 R
ROTATE 18 R
MOVE 18
ROTATE 15 R
ROTATE 15 R
ROTATE 15 R
ROTATE 7 R
MOVE 7
DIG 0
DIG 0
BUILD 0 4 1 3
BUILD 0 2 1 3
END

ROTATE 50 L
MOVE 50
ROTATE 50 R
MOVE 49
SHOOT 49
ROTATE 47 R
MOVE 47
MOVE 43
SHOOT 43
SHOOT 43
MOVE 36
DIG 36
MOVE 32
MOVE 32
ROTATE 32 R
MOVE 11
MOVE 11
MOVE 11
MOVE 8
MOVE 8
MOVE 8
DIG 1
DIG 1
END

ROTATE 52 R
ROTATE 52 R
ROTATE 52 R
MOVE 51
MOVE 51
DIG 51
ROTATE 48 L
ROTATE 48 L
MOVE 48
ROTATE 45 L
ROTATE 45 L
ROTATE 45 R
ROTATE 44 R
MOVE 44
ROTATE 44 R
MOVE 42
ROTATE 42 R
ROTATE 42 L
SHOOT 41
SHOOT 41
SHOOT 41
MOVE 39
ROTATE 39 L
ROTATE 39 R
SHOOT 38
SHOOT 38
SHOOT 38
MOVE 37
ROTATE 37 L
MOVE 34
ROTATE 34 R
ROTATE 34 L
ROTATE 31 L
ROTATE 31 R
ROTATE 31 L
SHOOT 28
SHOOT 28
SHOOT 28
ROTATE 25 R
ROTATE 25 L
ROTATE 25 L
ROTATE 24 R
MOVE 24
ROTATE 24 R
SHOOT 22
SHOOT 22
SHOOT 22
ROTATE 20 R
ROTATE 20 L
ROTATE 20 L
ROTATE 18 R
ROTATE 18 R
ROTATE 18 L
ROTATE 15 L
MOVE 15
ROTATE 15 L
ROTATE 7 L
ROTATE 7 R
DIG 0
DIG 0
END

MOVE 50
MOVE 50
MOVE 50
MOVE 47
ROTATE 47 R
DIG 36
DIG 36
MOVE 32
MOVE 32
ROTATE 32 L
ROTATE 11 L
MOVE 11
SHOOT 11
ROTATE 8 L
MOVE 8
MOVE 8
DIG 1
DIG 1
BUILD 8 5 1 1
BUILD 7 6 1 4
BUILD 5 6 1 3
BUILD 6 7 1 1
END

MOVE 52
MOVE 52
MOVE 52
ROTATE 51 R
ROTATE 51 R
MOVE 51
ROTATE 48 R
ROTATE 48 L
ROTATE 48 R
ROTATE 45 L
MOVE 45
SHOOT 45
ROTATE 44 L
ROTATE 44 R
ROTATE 44 L
ROTATE 42 L
ROTATE 42 R
ROTATE 42 R
SHOOT 41
SHOOT 41
SHOOT 41
ROTATE 39 L
ROTATE 39 L
MOVE 39
SHOOT 38
SHOOT 38
SHOOT 38
ROTATE 37 L
ROTATE 37 R
ROTATE 34 R
ROTATE 34 L
ROTATE 34 R
ROTATE 31 R
ROTATE 31 L
ROTATE 31 L
SHOOT 28
SHOOT 28
SHOOT 28
MOVE 25
ROTATE 25 L
MOVE 25
MOVE 24
MOVE 24
MOVE 24
SHOOT 22
SHOOT 22
SHOOT 22
MOVE 20
MOVE 20
ROTATE 20 R
ROTATE 15 R
ROTATE 15 R
ROTATE 15 L
ROTATE 7 R
ROTATE 7 L
MOVE 0
MOVE 0
BUILD 1 3 1 1
BUILD 0 4 1 3
BUILD 0 2 1 2
END

MOVE 54
ROTATE 54 R
ROTATE 54 R
SHOOT 53
SHOOT 53
SHOOT 53
ROTATE 50 R
MOVE 50
ROTATE 50 L
MOVE 47
MOVE 47
DIG 36
DIG 36
ROTATE 32 L
MOVE 32
MOVE 32
SHOOT 11
SHOOT 11
SHOOT 11
MOVE 8
MOVE 8
MOVE 8
DIG 1
DIG 1
BUILD 7 6 1 1
BUILD 5 6 1 3
END

ROTATE 56 R
ROTATE 56 R
ROTATE 56 R
MOVE 52
ROTATE 52 R
MOVE 52
MOVE 51
ROTATE 51 R
ROTATE 51 R
MOVE 48
MOVE 48
DIG 48
ROTATE 44 L
MOVE 44
MOVE 44
MOVE 42
DIG 42
ROTATE 42 R
ROTATE 39 R
ROTATE 39 R
MOVE 39
SHOOT 38
SHOOT 38
SHOOT 38
MOVE 37
ROTATE 37 R
ROTATE 34 R
ROTATE 34 R
ROTATE 34 L
MOVE 31
MOVE 31
ROTATE 31 L
SHOOT 28
SHOOT 28
SHOOT 28
ROTATE 25 R
ROTATE 25 R
ROTATE 25 L
DIG 24
ROTATE 24 L
ROTATE 24 R
SHOOT 22
SHOOT 22
SHOOT 22
ROTATE 20 R
MOVE 20
MOVE 20
ROTATE 15 L
ROTATE 15 R
ROTATE 15 R
ROTATE 7 L
ROTATE 7 R
ROTATE 0 L
MOVE 0
END

MOVE 57
ROTATE 57 L
ROTATE 57 R
MOVE 54
MOVE 54
MOVE 54
MOVE 53
ROTATE 53 L
SHOOT 53
ROTATE 50 R
MOVE 50
MOVE 50
ROTATE 47 L
MOVE 47
ROTATE 32 R
ROTATE 32 R
MOVE 32
SHOOT 11
SHOOT 11
SHOOT 11
DIG 1
DIG 1
BUILD 7 4 1 4
BUILD 8 5 1 3
END

ROTATE 56 R
MOVE 56
ROTATE 56 L
ROTATE 52 R
ROTATE 52 L
ROTATE 52 R
MOVE 51
MOVE 51
ROTATE 51 L
ROTATE 48 L
MOVE 48
SHOOT 48
ROTATE 44 R
ROTATE 44 L
ROTATE 44 R
MOVE 39
ROTATE 39 R
ROTATE 39 L
SHOOT 38
SHOOT 38
SHOOT 38
ROTATE 37 R
ROTATE 37 L
ROTATE 34 R
ROTATE 34 R
MOVE 34
MOVE 31
ROTATE 31 R
MOVE 31
SHOOT 28
SHOOT 28
SHOOT 28
MOVE 25
MOVE 25
MOVE 25
ROTATE 24 L
MOVE 24
ROTATE 24 R
SHOOT 22
SHOOT 22
SHOOT 22
ROTATE 20 R
ROTATE 20 R
MOVE 20
ROTATE 15 L
ROTATE 15 R
ROTATE 15 R
ROTATE 7 L
ROTATE 7 R
ROTATE 0 R
DIG 0
END

ROTATE 60 L
ROTATE 60 R
ROTATE 60 L
ROTATE 57 R
MOVE 57
MOVE 57
MOVE 54
ROTATE 54 R
MOVE 54
SHOOT 53
SHOOT 53
SHOOT 53
MOVE 50
MOVE 50
MOVE 50
ROTATE 47 R
MOVE 47
MOVE 32
ROTATE 32 L
ROTATE 32 L
DIG 1
DIG 1
BUILD 7 4 1 1
END

MOVE 56
ROTATE 56 R
MOVE 56
ROTATE 52 R
MOVE 52
MOVE 52
MOVE 51
ROTATE 51 L
ROTATE 51 R
MOVE 48
MOVE 48
SHOOT 48
ROTATE 44 R
ROTATE 44 R
MOVE 44
ROTATE 39 R
MOVE 39
DIG 39
SHOOT 38
SHOOT 38
SHOOT 38
ROTATE 37 R
MOVE 37
MOVE 34
ROTATE 34 L
ROTATE 34 R
ROTATE 31 L
MOVE 31
ROTATE 31 L
SHOOT 28
SHOOT 28
SHOOT 28
ROTATE 25 R
MOVE 25
ROTATE 25 R
ROTATE 24 L
ROTATE 24 L
MOVE 24
MOVE 20
MOVE 20
MOVE 20
MOVE 15
MOVE 15
ROTATE 15 R
ROTATE 7 L
ROTATE 7 R
DIG 0
DIG 0
BUILD 1 3 1 4
BUILD 0 4 1 2
END

ROTATE 60 R
MOVE 60
MOVE 60
MOVE 57
ROTATE 57 R
MOVE 57
MOVE 54
MOVE 54
MOVE 54
MOVE 53
MOVE 53
DIG 53
MOVE 50
ROTATE 50 L
ROTATE 50 L
SHOOT 47
SHOOT 47
MOVE 32
MOVE 32
ROTATE 32 R
DIG 1
DIG 1
BUILD 9 4 1 4
BUILD 7 4 1 1
BUILD 8 5 1 2
END

ROTATE 63 L
ROTATE 63 R
ROTATE 63 L
ROTATE 62 R
MOVE 62
ROTATE 62 L
MOVE 56
ROTATE 56 R
MOVE 56
MOVE 52
ROTATE 52 R
MOVE 52
ROTATE 51 R
MOVE 51
ROTATE 51 R
MOVE 48
MOVE 48
MOVE 48
MOVE 44
MOVE 44
MOVE 44
ROTATE 39 R
MOVE 39
MOVE 39
SHOOT 38
SHOOT 38
SHOOT 38
ROTATE 37 L
ROTATE 37 R
ROTATE 34 R
ROTATE 34 L
ROTATE 34 L
MOVE 31
MOVE 31
MOVE 31
SHOOT 28
SHOOT 28
SHOOT 28
ROTATE 25 L
ROTATE 25 L
MOVE 25
ROTATE 24 L
MOVE 24
ROTATE 24 L
MOVE 20
ROTATE 20 R
ROTATE 20 L
ROTATE 15 R
MOVE 15
ROTATE 15 R
ROTATE 7 L
ROTATE 7 R
DIG 0
DIG 0
END

ROTATE 64 R
ROTATE 64 L
ROTATE 64 R
MOVE 60
MOVE 60
ROTATE 60 L
MOVE 57
MOVE 57
MOVE 57
MOVE 54
ROTATE 54 R
DIG 54
ROTATE 53 R
ROTATE 53 R
ROTATE 53 L
ROTATE 50 L
ROTATE 50 L
ROTATE 50 R
ROTATE 32 R
MOVE 32
MOVE 32
DIG 1
DIG 1
END

MOVE 63
ROTATE 63 R
ROTATE 63 R
MOVE 62
MOVE 62
ROTATE 62 R
ROTATE 56 R
ROTATE 56 L
ROTATE 56 L
ROTATE 52 R
DIG 52
ROTATE 52 R
DIG 51
ROTATE 51 R
MOVE 51
MOVE 48
ROTATE 48 R
SHOOT 48
ROTATE 44 L
MOVE 44
MOVE 44
ROTATE 39 L
ROTATE 39 L
ROTATE 39 L
MOVE 38
SHOOT 38
SHOOT 38
ROTATE 37 L
ROTATE 37 R
ROTATE 34 L
MOVE 34
ROTATE 34 R
MOVE 31
ROTATE 31 L
MOVE 31
SHOOT 28
SHOOT 28
SHOOT 28
ROTATE 25 R
ROTATE 25 L
ROTATE 25 L
ROTATE 24 R
MOVE 24
ROTATE 24 L
ROTATE 20 L
MOVE 20
MOVE 20
ROTATE 15 R
MOVE 15
ROTATE 15 L
ROTATE 7 R
ROTATE 7 L
DIG 0
DIG 0
BUILD 1 3 1 3
BUILD 0 4 1 3
BUILD 0 2 1 3
END

ROTATE 64 L
ROTATE 64 R
ROTATE 64 L
ROTATE 60 L
MOVE 60
MOVE 60
MOVE 57
ROTATE 57 R
DIG 57
ROTATE 54 R
ROTATE 54 L
ROTATE 54 R
ROTATE 53 L
ROTATE 53 R
ROTATE 53 R
ROTATE 50 L
ROTATE 50 L
ROTATE 50 L
ROTATE 32 R
MOVE 32
MOVE 32
MOVE 1
MOVE 1
BUILD 7 2 1 4
BUILD 8 3 1 2
END

ROTATE 67 R
ROTATE 67 L
ROTATE 67 R
MOVE 66
ROTATE 66 R
ROTATE 66 L
ROTATE 63 R
ROTATE 63 R
ROTATE 63 L
MOVE 62
ROTATE 62 L
ROTATE 62 L
MOVE 56
DIG 56
ROTATE 56 L
ROTATE 52 R
ROTATE 52 R
MOVE 52
ROTATE 51 R
ROTATE 51 R
MOVE 51
SHOOT 48
SHOOT 48
SHOOT 48
ROTATE 44 L
ROTATE 44 L
ROTATE 44 L
ROTATE 39 R
MOVE 39
MOVE 39
MOVE 38
SHOOT 38
SHOOT 38
MOVE 37
ROTATE 37 L
ROTATE 34 L
ROTATE 34 L
ROTATE 34 R
ROTATE 31 R
ROTATE 31 L
ROTATE 31 L
SHOOT 28
SHOOT 28
SHOOT 28
MOVE 25
ROTATE 25 R
ROTATE 25 R
MOVE 24
ROTATE 24 L
ROTATE 24 L
MOVE 20
MOVE 20
MOVE 20
ROTATE 15 L
ROTATE 15 R
ROTATE 15 L
ROTATE 7 R
ROTATE 7 L
DIG 0
DIG 0
END

DIG 68
ROTATE 68 L
ROTATE 68 R
MOVE 60
MOVE 60
MOVE 60
ROTATE 57 L
ROTATE 57 L
ROTATE 57 L
ROTATE 54 L
ROTATE 54 R
ROTATE 54 R
SHOOT 53
SHOOT 53
SHOOT 53
ROTATE 50 L
ROTATE 50 R
ROTATE 50 R
MOVE 32
MOVE 32
MOVE 32
ROTATE 1 R
DIG 1
END

ROTATE 67 R
ROTATE 67 R
ROTATE 67 L
MOVE 66
ROTATE 66 L
MOVE 66
MOVE 63
ROTATE 63 R
ROTATE 63 L
MOVE 62
MOVE 62
MOVE 62
ROTATE 56 R
ROTATE 56 L
ROTATE 56 L
ROTATE 52 L
ROTATE 52 L
MOVE 52
ROTATE 51 R
DIG 51
ROTATE 51 R
ROTATE 44 R
ROTATE 44 R
ROTATE 44 R
MOVE 39
MOVE 39
MOVE 39
SHOOT 38
SHOOT 38
SHOOT 38
ROTATE 37 R
ROTATE 37 L
ROTATE 34 L
ROTATE 34 R
ROTATE 34 R
MOVE 31
MOVE 31
MOVE 31
MOVE 28
MOVE 28
MOVE 28
MOVE 25
ROTATE 25 L
ROTATE 25 R
MOVE 24
MOVE 24
MOVE 24
MOVE 20
MOVE 20
ROTATE 20 R
MOVE 15
ROTATE 15 R
ROTATE 15 L
ROTATE 7 L
ROTATE 7 R
DIG 0
DIG 0
BUILD 1 3 2 1
BUILD 0 2 2 2
END

DIG 68
ROTATE 68 R
ROTATE 68 R
ROTATE 57 R
ROTATE 57 R
ROTATE 57 R
ROTATE 54 R
ROTATE 54 L
ROTATE 54 R
SHOOT 53
SHOOT 53
SHOOT 53
ROTATE 50 L
ROTATE 50 L
ROTATE 50 R
ROTATE 32 R
ROTATE 32 R
MOVE 32
DIG 1
DIG 1
BUILD 8 3 1 4
BUILD 5 7 1 2
BUILD 4 6 1 4
END

MOVE 69
ROTATE 69 R
ROTATE 67 R
MOVE 67
MOVE 67
MOVE 66
MOVE 66
MOVE 66
MOVE 63
MOVE 63
MOVE 63
ROTATE 62 R
MOVE 62
ROTATE 62 L
MOVE 56
ROTATE 56 L
MOVE 56
ROTATE 52 L
ROTATE 52 R
ROTATE 52 L
MOVE 51
MOVE 51
MOVE 51
ROTATE 44 L
ROTATE 44 L
MOVE 44
MOVE 39
MOVE 39
MOVE 39
MOVE 38
MOVE 38
MOVE 38
ROTATE 37 R
ROTATE 37 R
MOVE 34
MOVE 34
ROTATE 34 R
MOVE 31
ROTATE 31 R
ROTATE 31 R
MOVE 28
MOVE 28
ROTATE 28 L
ROTATE 25 L
ROTATE 25 R
ROTATE 25 L
MOVE 24
ROTATE 24 L
ROTATE 24 R
ROTATE 15 L
ROTATE 15 R
ROTATE 15 L
ROTATE 7 R
ROTATE 7 R
DIG 0
DIG 0
BUILD 1 3 1 2
BUILD 0 4 1 3
END

SHOOT 72
SHOOT 72
SHOOT 72
ROTATE 71 L
MOVE 71
ROTATE 71 L
ROTATE 70 L
DIG 70
ROTATE 70 L
DIG 68
ROTATE 68 R
ROTATE 68 R
ROTATE 57 L
ROTATE 57 R
ROTATE 57 L
ROTATE 54 R
ROTATE 54 R
ROTATE 54 R
SHOOT 53
SHOOT 53
SHOOT 53
ROTATE 50 L
ROTATE 50 R
ROTATE 50 L
MOVE 32
MOVE 32
MOVE 32
DIG 1
DIG 1
END

MOVE 74
ROTATE 74 R
ROTATE 74 R
ROTATE 73 L
ROTATE 73 R
ROTATE 73 L
ROTATE 69 R
ROTATE 69 R
MOVE 67
ROTATE 67 L
ROTATE 67 R
MOVE 66
MOVE 66
MOVE 66
ROTATE 62 R
ROTATE 62 R
MOVE 62
SHOOT 56
SHOOT 56
SHOOT 56
ROTATE 52 L
ROTATE 52 R
ROTATE 52 R
ROTATE 51 L
MOVE 51
ROTATE 51 R
MOVE 44
MOVE 44
ROTATE 44 R
MOVE 37
MOVE 37
ROTATE 34 L
ROTATE 34 L
MOVE 34
MOVE 31
MOVE 31
MOVE 31
SHOOT 28
SHOOT 28
SHOOT 28
ROTATE 25 R
ROTATE 25 L
ROTATE 25 R
ROTATE 24 R
MOVE 24
MOVE 24
ROTATE 15 R
ROTATE 15 L
ROTATE 15 R
MOVE 7
ROTATE 7 L
DIG 0
DIG 0
END

MOVE 71
MOVE 71
MOVE 71
SHOOT 70
SHOOT 70
SHOOT 70
WORKSHOP 6 2
DIG 68
ROTATE 68 R
ROTATE 68 L
ROTATE 57 R
ROTATE 57 L
ROTATE 57 L
ROTATE 54 L
ROTATE 54 R
ROTATE 54 R
ROTATE 50 L
ROTATE 50 R
ROTATE 50 R
MOVE 32
ROTATE 32 L
SHOOT 32
DIG 1
DIG 1
END

ROTATE 74 R
MOVE 74
MOVE 74
MOVE 73
MOVE 73
MOVE 73
ROTATE 69 R
ROTATE 69 R
ROTATE 67 R
MOVE 67
DIG 67
MOVE 62
MOVE 62
MOVE 62
SHOOT 56
SHOOT 56
SHOOT 56
ROTATE 52 R
ROTATE 52 R
ROTATE 52 R
ROTATE 51 R
MOVE 51
MOVE 51
ROTATE 44 L
ROTATE 44 R
ROTATE 44 R
ROTATE 37 R
MOVE 37
ROTATE 34 R
ROTATE 34 R
MOVE 34
MOVE 31
ROTATE 31 R
MOVE 31
MOVE 28
MOVE 28
MOVE 28
ROTATE 25 R
MOVE 25
MOVE 25
ROTATE 24 L
ROTATE 24 R
ROTATE 24 L
ROTATE 15 L
ROTATE 15 R
ROTATE 15 R
ROTATE 7 R
ROTATE 7 R
DIG 0
DIG 0
BUILD 1 3 1 2
BUILD 0 2 1 4
END

MOVE 71
ROTATE 71 L
MOVE 71
MOVE 70
MOVE 70
MOVE 70
DIG 68
ROTATE 68 L
ROTATE 68 R
ROTATE 57 R
ROTATE 57 R
ROTATE 57 L
ROTATE 54 L
ROTATE 54 R
ROTATE 54 L
ROTATE 50 R
ROTATE 50 R
ROTATE 50 L
MOVE 32
ROTATE 32 L
MOVE 32
DIG 1
DIG 1
BUILD 8 3 2 2
BUILD 5 7 1 2
BUILD 4 6 1 2
END

MOVE 76
ROTATE 76 L
ROTATE 76 L
ROTATE 75 L
MOVE 75
MOVE 75
ROTATE 74 R
DIG 74
ROTATE 74 R
MOVE 73
ROTATE 73 R
DIG 73
ROTATE 69 R
MOVE 69
ROTATE 67 R
ROTATE 67 L
ROTATE 67 L
ROTATE 62 L
ROTATE 62 L
MOVE 62
SHOOT 56
SHOOT 56
SHOOT 56
ROTATE 52 L
ROTATE 52 R
ROTATE 52 L
MOVE 51
ROTATE 51 R
ROTATE 51 L
ROTATE 44 R
MOVE 44
DIG 44
MOVE 37
ROTATE 37 R
MOVE 34
MOVE 34
ROTATE 34 R
MOVE 31
ROTATE 31 R
ROTATE 31 R
DIG 28
ROTATE 28 L
SHOOT 28
ROTATE 25 L
ROTATE 25 L
MOVE 25
ROTATE 24 R
ROTATE 24 L
ROTATE 24 L
ROTATE 15 L
ROTATE 15 L
ROTATE 15 R
ROTATE 7 L
ROTATE 7 R
DIG 0
DIG 0
END

ROTATE 78 R
MOVE 78
SHOOT 78
DIG 77
DIG 77
MOVE 71
SHOOT 71
SHOOT 71
MOVE 70
ROTATE 70 R
MOVE 70
DIG 68
ROTATE 68 R
ROTATE 68 L
ROTATE 57 R
ROTATE 57 L
ROTATE 57 R
ROTATE 54 L
ROTATE 54 L
ROTATE 54 R
ROTATE 50 R
ROTATE 50 L
ROTATE 50 L
MOVE 32
MOVE 32
MOVE 32
DIG 1
DIG 1
BUILD 5 7 1 3
BUILD 4 6 1 1
END

ROTATE 76 L
MOVE 76
MOVE 76
MOVE 75
ROTATE 75 L
DIG 75
MOVE 74
ROTATE 74 R
MOVE 74
DIG 73
ROTATE 73 R
ROTATE 73 R
ROTATE 69 R
ROTATE 69 L
MOVE 67
MOVE 67
MOVE 67
MOVE 62
MOVE 62
ROTATE 62 R
SHOOT 56
SHOOT 56
SHOOT 56
ROTATE 52 L
ROTATE 52 R
ROTATE 52 L
ROTATE 51 R
MOVE 51
DIG 51
ROTATE 44 L
ROTATE 44 R
ROTATE 44 L
MOVE 37
ROTATE 37 L
MOVE 34
ROTATE 34 L
ROTATE 34 R
MOVE 31
MOVE 31
MOVE 31
MOVE 25
ROTATE 25 L
ROTATE 25 R
ROTATE 24 R
ROTATE 24 L
ROTATE 24 L
ROTATE 15 L
ROTATE 15 L
ROTATE 15 L
ROTATE 7 R
MOVE 7
DIG 0
DIG 0
BUILD 0 4 1 1
BUILD 0 2 1 1
END

ROTATE 79 L
MOVE 79
ROTATE 79 L
SHOOT 78
SHOOT 78
SHOOT 78
DIG 77
DIG 77
MOVE 71
MOVE 71
MOVE 71
ROTATE 70 L
MOVE 70
MOVE 70
DIG 68
ROTATE 68 L
ROTATE 68 R
ROTATE 57 L
ROTATE 57 L
ROTATE 57 R
ROTATE 54 L
ROTATE 54 R
ROTATE 54 R
ROTATE 50 R
ROTATE 50 L
ROTATE 50 L
ROTATE 32 L
MOVE 32
ROTATE 32 L
DIG 1
DIG 1
BUILD 5 7 1 1
BUILD 4 6 1 1
END

MOVE 82
MOVE 82
MOVE 82
ROTATE 81 L
ROTATE 81 R
ROTATE 81 L
MOVE 76
MOVE 76
DIG 76
ROTATE 75 R
ROTATE 75 L
ROTATE 75 R
ROTATE 74 R
MOVE 74
MOVE 74
ROTATE 73 R
ROTATE 73 R
DIG 73
ROTATE 69 L
MOVE 69
MOVE 67
MOVE 67
MOVE 67
ROTATE 62 R
MOVE 62
MOVE 62
SHOOT 56
SHOOT 56
SHOOT 56
ROTATE 52 R
ROTATE 52 L
ROTATE 52 L
ROTATE 51 R
MOVE 51
MOVE 51
ROTATE 37 R
ROTATE 37 R
MOVE 34
ROTATE 34 R
MOVE 34
ROTATE 31 R
ROTATE 31 R
ROTATE 31 R
ROTATE 25 L
ROTATE 25 L
MOVE 25
MOVE 24
ROTATE 24 R
MOVE 24
ROTATE 15 L
ROTATE 15 L
ROTATE 15 R
ROTATE 7 L
ROTATE 7 L
DIG 0
DIG 0
BUILD 1 3 1 2
BUILD 0 2 1 2
END

ROTATE 83 R
MOVE 83
ROTATE 83 R
MOVE 79
MOVE 79
MOVE 79
MOVE 78
MOVE 78
MOVE 78
DIG 77
DIG 77
DIG 71
ROTATE 71 L
ROTATE 71 L
ROTATE 70 R
MOVE 70
ROTATE 70 R
DIG 68
ROTATE 68 R
ROTATE 68 R
ROTATE 57 L
ROTATE 57 L
MOVE 57
ROTATE 54 R
ROTATE 54 L
ROTATE 54 R
ROTATE 50 L
ROTATE 50 R
ROTATE 50 L
ROTATE 32 L
ROTATE 32 L
ROTATE 32 R
DIG 1
DIG 1
BUILD 5 7 1 2
BUILD 4 6 1 1
END

ROTATE 86 R
ROTATE 86 R
MOVE 86
ROTATE 85 L
ROTATE 85 R
ROTATE 85 R
MOVE 82
ROTATE 82 R
MOVE 82
ROTATE 81 R
ROTATE 81 R
ROTATE 81 R
ROTATE 76 R
MOVE 76
ROTATE 76 R
ROTATE 75 L
ROTATE 75 L
ROTATE 75 R
ROTATE 74 R
MOVE 74
ROTATE 74 R
DIG 73
ROTATE 73 L
ROTATE 73 R
ROTATE 69 L
MOVE 69
ROTATE 67 L
SHOOT 67
SHOOT 67
ROTATE 62 R
MOVE 62
MOVE 62
SHOOT 56
SHOOT 56
SHOOT 56
ROTATE 52 R
ROTATE 52 L
ROTATE 52 R
ROTATE 51 R
MOVE 51
ROTATE 51 R
ROTATE 37 L
MOVE 37
MOVE 34
ROTATE 34 R
MOVE 34
MOVE 31
MOVE 31
MOVE 31
ROTATE 25 R
MOVE 25
MOVE 25
ROTATE 24 L
MOVE 24
ROTATE 24 R
ROTATE 15 R
ROTATE 15 R
MOVE 15
ROTATE 7 R
ROTATE 7 L
DIG 0
DIG 0
BUILD 0 2 1 1
END

ROTATE 87 L
ROTATE 87 L
MOVE 87
DIG 83
ROTATE 83 L
ROTATE 83 R
DIG 79
ROTATE 79 R
MOVE 79
WORKSHOP 5 2
ROTATE 78 L
SHOOT 78
SHOOT 78
DIG 77
DIG 77
MOVE 70
ROTATE 70 L
ROTATE 70 R
DIG 68
ROTATE 68 R
ROTATE 68 L
ROTATE 57 L
ROTATE 57 R
ROTATE 57 R
ROTATE 54 R
ROTATE 54 R
MOVE 54
ROTATE 50 R
ROTATE 50 R
MOVE 50
ROTATE 32 L
ROTATE 32 R
ROTATE 32 R
DIG 1
DIG 1
END

ROTATE 89 R
ROTATE 89 R
ROTATE 89 R
MOVE 86
ROTATE 86 L
ROTATE 86 L
MOVE 85
MOVE 85
ROTATE 85 L
ROTATE 81 L
MOVE 81
MOVE 81
ROTATE 76 L
MOVE 76
ROTATE 76 L
ROTATE 75 L
MOVE 75
ROTATE 75 L
ROTATE 74 R
MOVE 74
ROTATE 74 R
DIG 73
ROTATE 73 R
MOVE 73
ROTATE 69 L
MOVE 69
MOVE 67
MOVE 67
ROTATE 67 R
ROTATE 62 R
ROTATE 62 R
ROTATE 62 R
SHOOT 56
SHOOT 56
SHOOT 56
ROTATE 52 L
MOVE 52
MOVE 52
MOVE 51
ROTATE 51 L
ROTATE 51 R
ROTATE 37 R
ROTATE 37 L
ROTATE 34 L
MOVE 34
DIG 34
ROTATE 31 R
ROTATE 31 L
ROTATE 31 R
MOVE 25
MOVE 25
MOVE 25
ROTATE 24 R
ROTATE 24 L
ROTATE 24 R
ROTATE 15 L
ROTATE 15 R
ROTATE 15 L
ROTATE 7 R
ROTATE 7 L
DIG 0
DIG 0
BUILD 1 3 1 3
BUILD 0 4 1 4
END

MOVE 87
MOVE 87
MOVE 87
ROTATE 83 R
SHOOT 83
SHOOT 83
MOVE 79
MOVE 79
ROTATE 79 R
SHOOT 78
SHOOT 78
SHOOT 78
DIG 77
DIG 77
MOVE 70
MOVE 70
MOVE 70
DIG 68
ROTATE 68 L
ROTATE 68 L
ROTATE 57 R
ROTATE 57 R
ROTATE 57 R
ROTATE 54 R
ROTATE 54 L
ROTATE 54 R
ROTATE 50 R
ROTATE 50 R
MOVE 50
MOVE 32
MOVE 32
MOVE 32
WORKSHOP 8 1
DIG 1
DIG 1
END

ROTATE 91 R
MOVE 91
ROTATE 91 L
ROTATE 90 L
ROTATE 90 L
MOVE 90
MOVE 89
ROTATE 89 L
ROTATE 89 L
ROTATE 86 R
ROTATE 86 R
ROTATE 86 R
ROTATE 85 R
ROTATE 85 L
ROTATE 85 R
DIG 81
ROTATE 81 L
ROTATE 81 R
MOVE 75
ROTATE 75 L
ROTATE 75 R
ROTATE 74 L
ROTATE 74 R
ROTATE 74 L
MOVE 73
ROTATE 73 L
ROTATE 73 L
ROTATE 69 L
MOVE 69
ROTATE 67 R
SHOOT 67
SHOOT 67
SHOOT 62
SHOOT 62
SHOOT 62
SHOOT 56
SHOOT 56
SHOOT 56
MOVE 52
ROTATE 52 R
ROTATE 52 L
ROTATE 51 L
MOVE 51
ROTATE 51 R
ROTATE 37 R
ROTATE 37 L
ROTATE 34 L
MOVE 34
ROTATE 34 R
ROTATE 31 L
ROTATE 31 L
ROTATE 31 R
ROTATE 24 L
ROTATE 24 L
MOVE 24
ROTATE 15 R
ROTATE 15 R
ROTATE 15 R
ROTATE 7 L
SHOOT 7
DIG 0
DIG 0
END

ROTATE 87 R
MOVE 87
MOVE 87
MOVE 83
MOVE 83
MOVE 83
MOVE 78
WORKSHOP 3 3
ROTATE 78 R
SHOOT 78
DIG 77
DIG 77
MOVE 70
DIG 70
ROTATE 70 R
DIG 68
ROTATE 68 L
ROTATE 68 R
MOVE 57
MOVE 57
MOVE 57
ROTATE 54 L
MOVE 54
MOVE 54
ROTATE 50 L
ROTATE 50 R
ROTATE 50 R
ROTATE 32 R
ROTATE 32 L
ROTATE 32 R
DIG 1
DIG 1
END

ROTATE 91 L
MOVE 91
ROTATE 91 L
ROTATE 90 L
MOVE 90
ROTATE 90 L
ROTATE 89 R
ROTATE 89 L
ROTATE 89 R
ROTATE 86 L
ROTATE 86 R
ROTATE 86 R
ROTATE 85 L
ROTATE 85 L
MOVE 85
ROTATE 81 L
MOVE 81
ROTATE 81 L
ROTATE 75 L
MOVE 75
ROTATE 75 L
SHOOT 74
SHOOT 74
SHOOT 74
ROTATE 73 L
MOVE 73
SHOOT 73
ROTATE 69 L
MOVE 69
MOVE 67
MOVE 67
MOVE 67
SHOOT 62
SHOOT 62
SHOOT 62
SHOOT 56
SHOOT 56
SHOOT 56
ROTATE 52 R
ROTATE 52 R
MOVE 52
SHOOT 51
SHOOT 51
SHOOT 51
ROTATE 37 L
ROTATE 37 L
MOVE 34
MOVE 34
ROTATE 34 R
ROTATE 31 R
ROTATE 31 R
MOVE 31
MOVE 24
ROTATE 24 R
SHOOT 24
ROTATE 15 R
ROTATE 15 R
ROTATE 15 L
SHOOT 7
SHOOT 7
DIG 0
DIG 0
BUILD 1 3 1 4
END

ROTATE 87 L
ROTATE 87 R
ROTATE 87 R
MOVE 83
MOVE 83
ROTATE 83 R
SHOOT 78
SHOOT 78
SHOOT 78
DIG 77
DIG 77
MOVE 70
MOVE 70
MOVE 70
DIG 68
ROTATE 68 L
ROTATE 68 L
ROTATE 57 L
MOVE 57
MOVE 57
MOVE 54
MOVE 54
ROTATE 54 R
WORKSHOP 1 8
ROTATE 50 R
MOVE 50
MOVE 50
ROTATE 32 L
ROTATE 32 R
ROTATE 32 L
DIG 1
DIG 1
END

ROTATE 92 L
ROTATE 92 R
ROTATE 92 R
MOVE 91
ROTATE 91 R
ROTATE 91 L
ROTATE 90 L
ROTATE 90 L
ROTATE 90 R
ROTATE 89 L
ROTATE 89 R
ROTATE 89 L
ROTATE 86 R
MOVE 86
ROTATE 86 R
ROTATE 85 L
MOVE 85
ROTATE 85 R
MOVE 81
ROTATE 81 R
ROTATE 81 L
MOVE 75
ROTATE 75 L
ROTATE 75 R
SHOOT 74
SHOOT 74
SHOOT 74
MOVE 73
MOVE 73
MOVE 73
ROTATE 69 L
MOVE 69
SHOOT 67
SHOOT 67
SHOOT 67
SHOOT 62
SHOOT 62
SHOOT 62
SHOOT 56
SHOOT 56
SHOOT 56
MOVE 52
MOVE 52
ROTATE 52 L
SHOOT 51
SHOOT 51
SHOOT 51
ROTATE 37 R
ROTATE 37 R
ROTATE 34 R
ROTATE 34 L
ROTATE 34 L
MOVE 31
MOVE 31
ROTATE 31 R
ROTATE 15 L
ROTATE 15 R
ROTATE 15 R
SHOOT 7
SHOOT 7
DIG 0
DIG 0
BUILD 0 4 1 4
END

ROTATE 83 L
ROTATE 83 L
ROTATE 83 L
SHOOT 78
SHOOT 78
SHOOT 78
DIG 77
DIG 77
ROTATE 70 R
SHOOT 70
SHOOT 70
DIG 68
ROTATE 68 L
ROTATE 68 L
MOVE 57
MOVE 57
MOVE 57
ROTATE 54 L
ROTATE 54 R
ROTATE 54 R
MOVE 50
MOVE 50
MOVE 50
MOVE 32
ROTATE 32 L
SHOOT 32
DIG 1
DIG 1
BUILD 9 1 1 2
BUILD 4 2 1 4
END

ROTATE 93 R
MOVE 93
ROTATE 93 R
ROTATE 92 R
ROTATE 92 R
ROTATE 92 L
MOVE 91
DIG 91
ROTATE 91 R
MOVE 90
ROTATE 90 L
MOVE 90
MOVE 89
ROTATE 89 L
MOVE 89
MOVE 86
MOVE 86
DIG 86
ROTATE 85 L
ROTATE 85 R
ROTATE 85 R
ROTATE 81 R
MOVE 81
MOVE 81
ROTATE 75 R
SHOOT 75
SHOOT 75
SHOOT 74
SHOOT 74
SHOOT 74
MOVE 73
MOVE 73
MOVE 73
ROTATE 69 L
ROTATE 69 R
SHOOT 62
SHOOT 62
SHOOT 62
SHOOT 56
SHOOT 56
SHOOT 56
ROTATE 52 R
ROTATE 52 L
ROTATE 52 R
SHOOT 51
SHOOT 51
SHOOT 51
ROTATE 37 L
ROTATE 37 L
ROTATE 34 R
ROTATE 34 R
ROTATE 34 L
ROTATE 15 R
ROTATE 15 L
ROTATE 15 R
SHOOT 7
SHOOT 7
DIG 0
DIG 0
BUILD 0 4 1 2
BUILD 0 2 1 4
END

WORKSHOP 9 0
ROTATE 94 R
ROTATE 94 L
ROTATE 94 R
MOVE 83
MOVE 83
MOVE 83
SHOOT 78
SHOOT 78
SHOOT 78
DIG 77
DIG 77
MOVE 70
MOVE 70
MOVE 70
DIG 68
ROTATE 68 L
ROTATE 68 R
ROTATE 57 R
MOVE 57
MOVE 57
ROTATE 54 R
MOVE 54
MOVE 54
MOVE 50
MOVE 50
ROTATE 50 L
MOVE 32
ROTATE 32 L
MOVE 32
DIG 1
DIG 1
END

MOVE 97
ROTATE 97 L
ROTATE 97 L
ROTATE 96 L
MOVE 96
ROTATE 96 L
MOVE 93
ROTATE 93 R
ROTATE 93 L
MOVE 92
ROTATE 92 L
ROTATE 92 L
ROTATE 91 L
ROTATE 91 L
ROTATE 91 L
MOVE 90
ROTATE 90 L
ROTATE 90 L
ROTATE 89 R
MOVE 89
ROTATE 89 L
MOVE 85
MOVE 85
ROTATE 85 L
MOVE 81
MOVE 81
MOVE 81
SHOOT 75
SHOOT 75
SHOOT 75
SHOOT 74
SHOOT 74
SHOOT 74
MOVE 73
ROTATE 73 L
SHOOT 73
ROTATE 69 L
ROTATE 69 R
SHOOT 62
SHOOT 62
SHOOT 62
MOVE 56
MOVE 56
MOVE 56
ROTATE 52 L
ROTATE 52 R
ROTATE 52 R
SHOOT 51
SHOOT 51
SHOOT 51
ROTATE 37 L
ROTATE 37 L
ROTATE 34 R
ROTATE 34 L
ROTATE 34 R
ROTATE 15 L
ROTATE 15 L
ROTATE 15 L
SHOOT 7
SHOOT 7
DIG 0
DIG 0
END

ROTATE 94 L
ROTATE 94 L
DIG 94
MOVE 83
MOVE 83
MOVE 83
DIG 77
DIG 77
MOVE 70
MOVE 70
ROTATE 70 L
DIG 68
ROTATE 68 R
ROTATE 68 L
ROTATE 57 R
SHOOT 57
SHOOT 57
MOVE 54
MOVE 54
MOVE 54
ROTATE 50 R
ROTATE 50 R
ROTATE 50 L
MOVE 32
MOVE 32
MOVE 32
DIG 1
DIG 1
BUILD 4 2 2 1
BUILD 5 3 2 1
BUILD 0 8 1 2
BUILD 1 9 1 4
BUILD 1 7 1 2
END

ROTATE 97 R
ROTATE 97 R
ROTATE 97 R
ROTATE 96 L
MOVE 96
ROTATE 96 L
ROTATE 93 L
MOVE 93
MOVE 93
ROTATE 92 L
ROTATE 92 L
MOVE 92
MOVE 91
ROTATE 91 L
ROTATE 91 L
MOVE 90
MOVE 90
ROTATE 90 R
ROTATE 89 R
MOVE 89
ROTATE 89 R
ROTATE 85 R
ROTATE 85 L
ROTATE 85 R
MOVE 81
MOVE 81
MOVE 81
SHOOT 75
SHOOT 75
SHOOT 75
MOVE 74
ROTATE 74 R
SHOOT 74
MOVE 69
MOVE 69
SHOOT 62
SHOOT 62
SHOOT 62
ROTATE 56 R
ROTATE 56 L
ROTATE 56 R
ROTATE 52 L
ROTATE 52 L
ROTATE 52 L
ROTATE 51 R
MOVE 51
MOVE 51
ROTATE 37 R
MOVE 37
ROTATE 34 R
ROTATE 34 R
ROTATE 34 R
ROTATE 15 R
ROTATE 15 L
ROTATE 15 R
SHOOT 7
SHOOT 7
DIG 0
DIG 0
BUILD 1 3 1 2
END

DIG 99
DIG 99
ROTATE 98 L
MOVE 98
ROTATE 94 L
ROTATE 94 L
ROTATE 94 L
ROTATE 83 L
MOVE 83
MOVE 83
DIG 77
DIG 77
ROTATE 70 L
MOVE 70
SHOOT 70
DIG 68
ROTATE 68 L
ROTATE 68 L
SHOOT 57
SHOOT 57
SHOOT 57
ROTATE 54 R
MOVE 54
ROTATE 54 L
MOVE 50
ROTATE 50 L
ROTATE 50 L
ROTATE 32 L
MOVE 32
ROTATE 32 L
DIG 1
DIG 1
BUILD 4 2 1 1
END

ROTATE 100 R
ROTATE 100 L
ROTATE 100 L
MOVE 97
SHOOT 97
SHOOT 97
ROTATE 96 L
ROTATE 96 R
ROTATE 96 R
MOVE 93
MOVE 93
MOVE 93
ROTATE 92 R
ROTATE 92 R
ROTATE 92 R
MOVE 91
ROTATE 91 L
ROTATE 91 R
ROTATE 90 L
ROTATE 90 R
ROTATE 90 L
ROTATE 89 L
ROTATE 89 L
MOVE 89
ROTATE 85 R
MOVE 85
MOVE 85
SHOOT 75
SHOOT 75
SHOOT 75
SHOOT 74
SHOOT 74
SHOOT 74
MOVE 69
MOVE 69
SHOOT 62
SHOOT 62
SHOOT 62
ROTATE 56 L
ROTATE 56 R
ROTATE 56 L
MOVE 52
MOVE 52
MOVE 52
ROTATE 51 R
ROTATE 51 R
ROTATE 51 L
ROTATE 37 R
ROTATE 37 R
ROTATE 34 R
MOVE 34
MOVE 34
ROTATE 15 L
MOVE 15
MOVE 15
SHOOT 7
SHOOT 7
DIG 0
DIG 0
BUILD 0 2 1 1
END

DIG 99
DIG 99
ROTATE 94 R
ROTATE 94 R
ROTATE 94 R
MOVE 83
ROTATE 83 R
ROTATE 83 R
DIG 77
DIG 77
MOVE 70
MOVE 70
MOVE 70
DIG 68
ROTATE 68 L
ROTATE 68 R
ROTATE 57 R
ROTATE 57 L
ROTATE 57 L
ROTATE 54 R
ROTATE 54 R
MOVE 54
ROTATE 50 L
ROTATE 50 R
ROTATE 50 L
MOVE 32
MOVE 32
ROTATE 32 R
DIG 1
DIG 1
BUILD 4 2 1 4
BUILD 0 8 1 4
BUILD 1 9 1 4
BUILD 1 7 1 3
END

ROTATE 102 R
ROTATE 102 L
ROTATE 102 R
MOVE 100
ROTATE 100 R
ROTATE 100 R
MOVE 97
MOVE 97
MOVE 97
ROTATE 96 L
ROTATE 96 L
MOVE 96
SHOOT 93
SHOOT 93
SHOOT 93
ROTATE 92 L
ROTATE 92 L
ROTATE 92 R
ROTATE 91 L
ROTATE 91 L
ROTATE 91 L
MOVE 90
ROTATE 90 L
MOVE 90
MOVE 89
MOVE 89
MOVE 89
ROTATE 85 L
ROTATE 85 L
MOVE 85
SHOOT 75
SHOOT 75
SHOOT 75
SHOOT 74
SHOOT 74
SHOOT 74
MOVE 69
SHOOT 69
SHOOT 62
SHOOT 62
SHOOT 62
ROTATE 56 L
MOVE 56
MOVE 56
ROTATE 52 R
ROTATE 52 L
ROTATE 52 L
ROTATE 51 L
ROTATE 51 L
MOVE 51
MOVE 37
ROTATE 37 R
MOVE 34
ROTATE 34 R
ROTATE 34 R
MOVE 15
ROTATE 15 L
ROTATE 15 R
SHOOT 7
SHOOT 7
DIG 0
DIG 0
BUILD 1 3 1 4
BUILD 0 4 1 3
END

ROTATE 105 L
ROTATE 105 L
ROTATE 105 L
DIG 104
ROTATE 104 L
ROTATE 104 L
ROTATE 94 L
ROTATE 94 L
ROTATE 94 R
ROTATE 83 L
ROTATE 83 L
ROTATE 83 L
DIG 77
DIG 77
ROTATE 70 L
SHOOT 70
SHOOT 70
DIG 68
ROTATE 68 R
ROTATE 68 L
ROTATE 57 L
MOVE 57
ROTATE 57 L
ROTATE 50 R
ROTATE 50 R
MOVE 50
ROTATE 32 R
MOVE 32
MOVE 32
DIG 1
DIG 1
BUILD 4 2 1 4
BUILD 5 3 1 4
END

ROTATE 108 R
ROTATE 108 R
ROTATE 108 R
MOVE 107
MOVE 107
MOVE 107
ROTATE 102 R
ROTATE 102 L
ROTATE 102 R
MOVE 100
MOVE 100
MOVE 100
DIG 97
ROTATE 97 L
ROTATE 97 R
ROTATE 96 R
ROTATE 96 R
ROTATE 96 R
MOVE 92
MOVE 92
MOVE 92
ROTATE 91 R
ROTATE 91 R
ROTATE 91 L
ROTATE 90 L
MOVE 90
MOVE 90
MOVE 89
ROTATE 89 R
MOVE 89
ROTATE 85 L
ROTATE 85 R
ROTATE 85 L
SHOOT 75
SHOOT 75
SHOOT 75
SHOOT 74
SHOOT 74
SHOOT 74
MOVE 69
MOVE 69
SHOOT 62
SHOOT 62
SHOOT 62
MOVE 56
MOVE 56
MOVE 56
ROTATE 52 R
ROTATE 52 L
ROTATE 52 L
MOVE 51
MOVE 51
ROTATE 51 R
ROTATE 37 R
ROTATE 37 R
ROTATE 34 L
ROTATE 34 R
ROTATE 34 L
ROTATE 15 L
ROTATE 15 L
MOVE 15
SHOOT 7
SHOOT 7
DIG 0
DIG 0
END

MOVE 105
MOVE 105
MOVE 105
ROTATE 104 L
ROTATE 104 R
ROTATE 104 R
ROTATE 94 R
ROTATE 94 R
ROTATE 94 L
MOVE 83
MOVE 83
MOVE 83
DIG 77
DIG 77
SHOOT 70
SHOOT 70
SHOOT 70
DIG 68
ROTATE 68 L
ROTATE 68 L
ROTATE 57 L
SHOOT 57
SHOOT 57
SHOOT 50
SHOOT 50
SHOOT 50
ROTATE 32 L
ROTATE 32 L
MOVE 32
DIG 1
DIG 1
BUILD 4 2 1 3
BUILD 5 3 1 3
END

MOVE 108
MOVE 108
MOVE 108
ROTATE 107 L
ROTATE 107 R
ROTATE 107 R
ROTATE 102 L
ROTATE 102 R
ROTATE 102 L
ROTATE 100 L
ROTATE 100 L
ROTATE 100 R
ROTATE 97 L
MOVE 97
ROTATE 97 R
MOVE 96
MOVE 96
MOVE 96
ROTATE 92 R
MOVE 92
ROTATE 92 R
MOVE 91
MOVE 91
ROTATE 91 L
ROTATE 90 L
ROTATE 90 L
ROTATE 90 R
ROTATE 85 L
ROTATE 85 L
ROTATE 85 L
SHOOT 75
SHOOT 75
SHOOT 75
SHOOT 74
SHOOT 74
SHOOT 74
ROTATE 69 R
MOVE 69
SHOOT 62
SHOOT 62
SHOOT 62
ROTATE 52 R
ROTATE 52 R
ROTATE 52 L
MOVE 51
MOVE 51
MOVE 51
ROTATE 37 L
ROTATE 37 L
ROTATE 34 L
ROTATE 34 R
ROTATE 34 R
MOVE 15
MOVE 15
ROTATE 15 R
SHOOT 7
SHOOT 7
DIG 0
DIG 0
BUILD 1 3 1 2
END

MOVE 105
ROTATE 105 L
SHOOT 105
ROTATE 104 R
ROTATE 104 R
ROTATE 104 R
ROTATE 94 R
ROTATE 94 L
ROTATE 94 R
MOVE 83
MOVE 83
ROTATE 83 R
DIG 77
DIG 77
DIG 68
ROTATE 68 R
ROTATE 68 R
SHOOT 57
SHOOT 57
SHOOT 57
SHOOT 50
SHOOT 50
SHOOT 50
MOVE 32
MOVE 32
MOVE 32
DIG 1
DIG 1
BUILD 4 2 2 2
BUILD 5 3 2 1
END

ROTATE 113 R
MOVE 113
ROTATE 113 L
MOVE 108
MOVE 108
SHOOT 108
ROTATE 107 R
ROTATE 107 L
ROTATE 107 R
ROTATE 102 R
ROTATE 102 R
ROTATE 102 L
ROTATE 100 R
ROTATE 100 R
ROTATE 100 R
MOVE 97
MOVE 97
ROTATE 97 R
MOVE 96
MOVE 96
MOVE 96
MOVE 92
MOVE 92
MOVE 92
ROTATE 91 R
ROTATE 91 R
MOVE 91
ROTATE 90 L
MOVE 90
MOVE 90
ROTATE 85 R
ROTATE 85 R
ROTATE 85 R
SHOOT 75
SHOOT 75
SHOOT 75
MOVE 74
MOVE 74
ROTATE 74 L
SHOOT 62
SHOOT 62
SHOOT 62
MOVE 52
MOVE 52
ROTATE 52 R
SHOOT 51
SHOOT 51
SHOOT 51
ROTATE 37 L
ROTATE 37 L
MOVE 34
MOVE 34
ROTATE 34 R
ROTATE 15 R
ROTATE 15 L
ROTATE 15 L
SHOOT 7
SHOOT 7
MOVE 0
MOVE 0
BUILD 1 3 1 2
BUILD 0 4 1 1
END

SHOOT 114
SHOOT 114
ROTATE 104 R
ROTATE 104 L
ROTATE 104 L
ROTATE 94 L
ROTATE 94 R
ROTATE 94 R
DIG 77
DIG 77
DIG 68
ROTATE 68 R
ROTATE 68 L
MOVE 57
MOVE 57
MOVE 57
MOVE 50
ROTATE 50 L
MOVE 50
ROTATE 32 R
ROTATE 32 L
ROTATE 32 R
DIG 1
DIG 1
BUILD 2 8 1 3
BUILD 1 9 1 3
BUILD 1 7 1 3
END

ROTATE 115 R
ROTATE 115 L
ROTATE 115 R
ROTATE 113 R
ROTATE 113 R
ROTATE 113 R
MOVE 108
MOVE 108
MOVE 108
ROTATE 107 R
ROTATE 107 R
ROTATE 107 L
ROTATE 102 R
ROTATE 102 L
ROTATE 102 R
ROTATE 100 R
ROTATE 100 L
ROTATE 100 L
ROTATE 97 L
ROTATE 97 L
ROTATE 97 L
MOVE 96
MOVE 96
MOVE 96
DIG 92
ROTATE 92 R
MOVE 92
MOVE 91
MOVE 91
MOVE 91
MOVE 90
MOVE 90
DIG 90
ROTATE 85 R
ROTATE 85 R
ROTATE 85 R
SHOOT 75
SHOOT 75
SHOOT 75
SHOOT 74
SHOOT 74
SHOOT 74
SHOOT 62
SHOOT 62
SHOOT 62
ROTATE 52 R
MOVE 52
MOVE 52
MOVE 51
ROTATE 51 L
MOVE 51
ROTATE 37 R
ROTATE 37 R
ROTATE 34 R
MOVE 34
MOVE 34
ROTATE 15 R
ROTATE 15 L
ROTATE 15 L
SHOOT 7
SHOOT 7
ROTATE 0 R
SHOOT 0
END

ROTATE 117 R
ROTATE 117 R
ROTATE 117 L
SHOOT 116
SHOOT 116
SHOOT 116
ROTATE 104 R
ROTATE 104 R
ROTATE 104 R
ROTATE 94 L
ROTATE 94 R
ROTATE 94 L
MOVE 77
DIG 77
ROTATE 68 L
ROTATE 68 L
DIG 68
MOVE 57
MOVE 57
ROTATE 57 R
MOVE 50
MOVE 50
MOVE 50
ROTATE 32 R
SHOOT 32
SHOOT 32
MOVE 1
ROTATE 1 R
BUILD 8 2 2 1
BUILD 4 2 1 1
END

ROTATE 115 L
ROTATE 115 L
MOVE 115
MOVE 113
ROTATE 113 R
ROTATE 113 R
MOVE 108
ROTATE 108 L
SHOOT 108
ROTATE 107 R
ROTATE 107 R
ROTATE 107 L
ROTATE 102 R
MOVE 102
MOVE 102
MOVE 100
MOVE 100
MOVE 100
MOVE 97
MOVE 97
ROTATE 97 L
ROTATE 96 L
ROTATE 96 L
MOVE 96
MOVE 92
ROTATE 92 L
MOVE 92
MOVE 91
MOVE 91
MOVE 91
ROTATE 90 R
MOVE 90
MOVE 90
ROTATE 85 R
MOVE 85
MOVE 85
SHOOT 75
SHOOT 75
SHOOT 75
SHOOT 74
SHOOT 74
SHOOT 74
SHOOT 62
SHOOT 62
SHOOT 62
ROTATE 52 L
ROTATE 52 R
ROTATE 52 R
ROTATE 37 R
ROTATE 37 R
ROTATE 34 R
ROTATE 34 L
ROTATE 34 L
ROTATE 15 L
MOVE 15
MOVE 15
SHOOT 7
SHOOT 7
SHOOT 0
SHOOT 0
END

ROTATE 119 R
MOVE 119
ROTATE 117 R
SHOOT 117
SHOOT 117
SHOOT 116
SHOOT 116
SHOOT 116
ROTATE 104 L
ROTATE 104 L
ROTATE 104 L
ROTATE 94 R
ROTATE 94 L
ROTATE 94 L
DIG 77
DIG 77
ROTATE 68 L
ROTATE 68 L
ROTATE 68 R
MOVE 57
MOVE 57
MOVE 57
MOVE 50
ROTATE 50 R
MOVE 50
MOVE 32
MOVE 32
MOVE 32
SHOOT 1
SHOOT 1
BUILD 8 2 1 1
END

MOVE 115
MOVE 115
SHOOT 115
MOVE 113
MOVE 113
ROTATE 113 R
SHOOT 108
SHOOT 108
SHOOT 108
ROTATE 107 L
ROTATE 107 R
ROTATE 107 L
ROTATE 102 L
ROTATE 102 L
MOVE 102
DIG 100
ROTATE 100 R
MOVE 100
MOVE 97
ROTATE 97 R
MOVE 97
MOVE 96
MOVE 96
MOVE 96
ROTATE 92 R
ROTATE 92 R
ROTATE 92 R
MOVE 91
ROTATE 91 L
SHOOT 91
ROTATE 90 R
MOVE 90
ROTATE 90 L
ROTATE 85 R
MOVE 85
MOVE 85
MOVE 74
ROTATE 74 R
SHOOT 74
ROTATE 62 R
MOVE 62
MOVE 62
ROTATE 52 L
ROTATE 52 L
ROTATE 52 R
MOVE 37
MOVE 37
ROTATE 34 L
MOVE 34
ROTATE 34 L
ROTATE 15 L
ROTATE 15 R
ROTATE 15 R
SHOOT 7
SHOOT 7
SHOOT 0
SHOOT 0
END

ROTATE 120 L
ROTATE 120 L
ROTATE 120 R
SHOOT 119
SHOOT 119
SHOOT 116
SHOOT 116
SHOOT 116
MOVE 104
ROTATE 104 L
SHOOT 104
ROTATE 94 L
ROTATE 94 R
ROTATE 94 L
DIG 77
DIG 77
ROTATE 68 L
ROTATE 68 R
ROTATE 68 R
MOVE 57
ROTATE 57 R
SHOOT 57
MOVE 50
SHOOT 50
SHOOT 50
MOVE 32
SHOOT 32
SHOOT 32
SHOOT 1
SHOOT 1
END

SHOOT 115
SHOOT 115
SHOOT 115
MOVE 113
ROTATE 113 L
ROTATE 113 R
MOVE 107
ROTATE 107 R
ROTATE 107 R
ROTATE 102 L
MOVE 102
MOVE 102
ROTATE 97 R
MOVE 97
ROTATE 97 R
SHOOT 96
SHOOT 96
SHOOT 96
ROTATE 92 L
MOVE 92
ROTATE 92 L
SHOOT 91
SHOOT 91
SHOOT 91
ROTATE 90 L
ROTATE 90 R
ROTATE 90 R
MOVE 85
MOVE 85
DIG 85
SHOOT 74
SHOOT 74
SHOOT 74
MOVE 62
DIG 62
ROTATE 62 R
ROTATE 52 L
MOVE 52
ROTATE 52 L
ROTATE 37 R
ROTATE 37 R
ROTATE 34 L
ROTATE 34 L
MOVE 34
ROTATE 15 R
MOVE 15
MOVE 15
SHOOT 7
SHOOT 7
SHOOT 0
SHOOT 0
END

ROTATE 120 L
ROTATE 120 R
ROTATE 120 L
SHOOT 119
SHOOT 119
SHOOT 116
SHOOT 116
SHOOT 116
ROTATE 94 R
ROTATE 94 R
ROTATE 94 L
DIG 77
DIG 77
ROTATE 68 L
ROTATE 68 L
ROTATE 68 R
SHOOT 57
SHOOT 57
SHOOT 57
SHOOT 32
SHOOT 32
SHOOT 32
MOVE 1
MOVE 1
END

MOVE 115
MOVE 115
MOVE 115
MOVE 113
ROTATE 113 R
MOVE 113
ROTATE 107 L
ROTATE 107 R
ROTATE 107 R
MOVE 102
MOVE 102
MOVE 102
MOVE 97
MOVE 97
MOVE 97
ROTATE 92 R
ROTATE 92 L
ROTATE 92 L
ROTATE 90 L
ROTATE 90 L
ROTATE 90 R
ROTATE 85 L
ROTATE 85 L
MOVE 85
SHOOT 74
SHOOT 74
SHOOT 74
MOVE 62
MOVE 62
ROTATE 62 R
MOVE 52
MOVE 52
MOVE 52
MOVE 37
ROTATE 37 R
MOVE 34
MOVE 34
MOVE 34
ROTATE 15 R
ROTATE 15 R
ROTATE 15 R
SHOOT 7
SHOOT 7
ROTATE 0 R
SHOOT 0
END

ROTATE 120 R
ROTATE 120 L
ROTATE 120 R
MOVE 119
MOVE 119
SHOOT 116
SHOOT 116
SHOOT 116
MOVE 94
MOVE 94
ROTATE 94 R
DIG 77
DIG 77
ROTATE 68 L
ROTATE 68 R
ROTATE 68 R
MOVE 57
MOVE 57
MOVE 57
SHOOT 32
SHOOT 32
SHOOT 32
MOVE 1
MOVE 1
END

ROTATE 115 R
SHOOT 115
SHOOT 115
MOVE 113
MOVE 113
MOVE 113
ROTATE 107 R
ROTATE 107 L
ROTATE 107 L
MOVE 102
ROTATE 102 L
SHOOT 102
ROTATE 97 R
ROTATE 97 L
ROTATE 97 L
MOVE 92
ROTATE 92 L
MOVE 92
ROTATE 90 R
ROTATE 90 R
MOVE 90
MOVE 85
MOVE 85
MOVE 85
SHOOT 74
SHOOT 74
SHOOT 74
ROTATE 62 R
MOVE 62
ROTATE 62 L
ROTATE 52 R
ROTATE 52 R
MOVE 52
MOVE 37
ROTATE 37 L
MOVE 34
MOVE 34
MOVE 34
ROTATE 15 R
ROTATE 15 R
ROTATE 15 R
SHOOT 7
SHOOT 7
SHOOT 0
SHOOT 0
END

ROTATE 120 L
ROTATE 120 L
MOVE 120
MOVE 119
MOVE 119
ROTATE 94 R
MOVE 94
MOVE 94
DIG 77
ROTATE 77 L
ROTATE 68 R
MOVE 68
MOVE 68
SHOOT 57
SHOOT 57
SHOOT 57
SHOOT 32
SHOOT 32
SHOOT 32
MOVE 1
MOVE 1
END

SHOOT 115
SHOOT 115
SHOOT 115
DIG 113
ROTATE 113 R
ROTATE 113 L
MOVE 107
MOVE 107
MOVE 107
MOVE 102
DIG 102
ROTATE 102 R
ROTATE 97 L
MOVE 97
MOVE 97
ROTATE 92 R
MOVE 92
MOVE 92
MOVE 90
MOVE 90
MOVE 90
MOVE 85
ROTATE 85 R
ROTATE 85 R
MOVE 62
MOVE 62
MOVE 62
ROTATE 52 R
ROTATE 52 L
ROTATE 52 L
MOVE 37
ROTATE 37 R
ROTATE 34 R
ROTATE 34 L
ROTATE 34 L
MOVE 15
MOVE 15
ROTATE 15 R
SHOOT 7
SHOOT 7
ROTATE 0 R
MOVE 0
END

MOVE 120
MOVE 120
MOVE 120
MOVE 119
MOVE 119
ROTATE 94 L
ROTATE 94 L
ROTATE 94 R
MOVE 77
MOVE 77
ROTATE 68 L
ROTATE 68 R
ROTATE 68 L
MOVE 57
MOVE 57
MOVE 57
SHOOT 32
SHOOT 32
SHOOT 32
MOVE 1
ROTATE 1 R
BUILD 8 2 1 1
END

SHOOT 115
SHOOT 115
SHOOT 115
ROTATE 113 L
MOVE 113
SHOOT 113
ROTATE 107 R
MOVE 107
MOVE 107
MOVE 102
ROTATE 102 R
ROTATE 102 L
MOVE 97
ROTATE 97 L
MOVE 97
ROTATE 92 R
MOVE 92
ROTATE 92 R
MOVE 90
MOVE 90
MOVE 90
MOVE 85
ROTATE 85 L
ROTATE 85 R
ROTATE 62 L
ROTATE 62 R
ROTATE 62 R
MOVE 52
ROTATE 52 L
ROTATE 52 R
MOVE 37
MOVE 37
MOVE 34
MOVE 34
MOVE 34
ROTATE 15 L
MOVE 15
ROTATE 15 R
SHOOT 7
SHOOT 7
SHOOT 0
SHOOT 0
END

ROTATE 121 L
ROTATE 121 L
MOVE 121
MOVE 120
MOVE 120
ROTATE 120 R
ROTATE 119 L
ROTATE 119 L
ROTATE 94 L
ROTATE 94 R
ROTATE 94 R
SHOOT 77
SHOOT 77
ROTATE 68 L
MOVE 68
ROTATE 68 R
ROTATE 57 R
ROTATE 57 R
MOVE 57
SHOOT 32
SHOOT 32
SHOOT 32
ROTATE 1 L
ROTATE 1 L
END

SHOOT 115
SHOOT 115
SHOOT 115
SHOOT 113
SHOOT 113
SHOOT 113
MOVE 107
MOVE 107
MOVE 107
ROTATE 102 L
ROTATE 102 R
ROTATE 102 R
MOVE 97
MOVE 97
MOVE 97
ROTATE 92 L
ROTATE 92 L
SHOOT 92
MOVE 90
MOVE 90
ROTATE 90 R
ROTATE 85 L
MOVE 85
MOVE 85
MOVE 62
SHOOT 62
SHOOT 62
ROTATE 52 L
ROTATE 52 L
MOVE 52
ROTATE 37 L
ROTATE 37 L
ROTATE 15 R
MOVE 15
MOVE 15
SHOOT 7
SHOOT 7
SHOOT 0
SHOOT 0
BUILD 1 3 1 3
BUILD 0 4 1 1
BUILD 0 2 1 3
END

ROTATE 121 L
MOVE 121
MOVE 121
MOVE 120
MOVE 120
MOVE 120
MOVE 119
MOVE 119
ROTATE 94 L
ROTATE 94 R
ROTATE 94 R
ROTATE 68 R
MOVE 68
ROTATE 68 L
MOVE 57
MOVE 57
MOVE 57
ROTATE 1 R
ROTATE 1 R
END

MOVE 122
MOVE 122
MOVE 122
SHOOT 115
SHOOT 115
SHOOT 115
MOVE 113
MOVE 113
MOVE 113
DIG 107
ROTATE 107 L
MOVE 107
ROTATE 102 L
ROTATE 102 L
ROTATE 102 R
MOVE 97
ROTATE 97 L
ROTATE 97 L
SHOOT 92
SHOOT 92
SHOOT 92
MOVE 90
MOVE 90
SHOOT 90
ROTATE 85 R
MOVE 85
MOVE 85
SHOOT 62
SHOOT 62
SHOOT 62
MOVE 52
ROTATE 52 L
MOVE 52
MOVE 37
MOVE 37
MOVE 15
ROTATE 15 L
ROTATE 15 L
SHOOT 7
SHOOT 7
MOVE 0
MOVE 0
END

SHOOT 121
SHOOT 121
SHOOT 121
DIG 120
ROTATE 120 R
MOVE 120
MOVE 119
MOVE 119
ROTATE 94 L
ROTATE 94 L
ROTATE 94 L
ROTATE 68 L
MOVE 68
MOVE 68
ROTATE 57 R
MOVE 57
ROTATE 57 R
MOVE 1
MOVE 1
END

MOVE 122
MOVE 122
ROTATE 122 L
SHOOT 115
SHOOT 115
SHOOT 115
MOVE 107
SHOOT 107
SHOOT 107
ROTATE 102 R
ROTATE 102 L
ROTATE 102 R
MOVE 97
MOVE 97
ROTATE 97 R
SHOOT 92
SHOOT 92
SHOOT 92
MOVE 90
MOVE 90
MOVE 90
SHOOT 85
SHOOT 85
SHOOT 85
SHOOT 62
SHOOT 62
SHOOT 62
MOVE 52
ROTATE 52 L
ROTATE 52 R
MOVE 37
ROTATE 37 R
MOVE 15
MOVE 15
MOVE 15
SHOOT 7
SHOOT 7
SHOOT 0
SHOOT 0
END

MOVE 121
MOVE 121
MOVE 121
SHOOT 120
SHOOT 120
SHOOT 120
MOVE 94
MOVE 94
MOVE 94
ROTATE 68 L
MOVE 68
MOVE 68
SHOOT 1
SHOOT 1
BUILD 9 1 1 2
END

MOVE 122
DIG 122
ROTATE 122 R
MOVE 115
ROTATE 115 L
ROTATE 115 R
MOVE 102
ROTATE 102 L
ROTATE 102 R
ROTATE 97 L
ROTATE 97 R
ROTATE 97 L
ROTATE 92 R
ROTATE 92 R
ROTATE 92 L
ROTATE 90 L
ROTATE 90 R
ROTATE 90 L
MOVE 85
MOVE 85
MOVE 85
SHOOT 62
SHOOT 62
SHOOT 62
ROTATE 52 R
MOVE 52
ROTATE 52 R
ROTATE 37 R
MOVE 37
ROTATE 15 R
ROTATE 15 L
ROTATE 15 R
SHOOT 7
SHOOT 7
SHOOT 0
SHOOT 0
END

ROTATE 123 R
ROTATE 123 L
ROTATE 123 R
MOVE 121
ROTATE 121 R
MOVE 121
MOVE 120
MOVE 120
MOVE 120
MOVE 94
MOVE 94
SHOOT 94
MOVE 68
MOVE 68
MOVE 68
SHOOT 1
SHOOT 1
END

MOVE 122
ROTATE 122 L
MOVE 122
ROTATE 115 R
ROTATE 115 L
ROTATE 115 R
ROTATE 102 L
ROTATE 102 R
ROTATE 102 L
ROTATE 97 L
MOVE 97
MOVE 97
ROTATE 92 R
ROTATE 92 L
ROTATE 92 L
ROTATE 90 L
SHOOT 90
SHOOT 90
MOVE 85
ROTATE 85 R
ROTATE 85 R
SHOOT 62
SHOOT 62
SHOOT 62
MOVE 52
ROTATE 52 R
MOVE 52
MOVE 37
MOVE 37
ROTATE 15 R
MOVE 15
MOVE 15
SHOOT 7
SHOOT 7
SHOOT 0
SHOOT 0
END

ROTATE 123 L
ROTATE 123 L
MOVE 123
MOVE 121
DIG 121
ROTATE 121 L
MOVE 120
MOVE 120
ROTATE 120 R
MOVE 68
ROTATE 68 R
MOVE 68
SHOOT 1
SHOOT 1
BUILD 9 1 1 1
END

MOVE 122
ROTATE 122 L
ROTATE 122 L
ROTATE 115 L
ROTATE 115 L
ROTATE 115 L
ROTATE 102 R
ROTATE 102 L
ROTATE 102 L
ROTATE 97 R
MOVE 97
MOVE 97
ROTATE 92 R
ROTATE 92 R
ROTATE 92 L
MOVE 90
MOVE 90
MOVE 90
MOVE 85
MOVE 85
MOVE 85
SHOOT 62
SHOOT 62
SHOOT 62
ROTATE 52 R
MOVE 52
ROTATE 52 R
MOVE 37
MOVE 37
MOVE 15
ROTATE 15 L
ROTATE 15 L
SHOOT 7
SHOOT 7
SHOOT 0
SHOOT 0
END

ROTATE 124 R
ROTATE 124 L
ROTATE 124 R
MOVE 123
SHOOT 123
SHOOT 123
SHOOT 121
SHOOT 121
SHOOT 121
ROTATE 68 L
MOVE 68
ROTATE 68 R
ROTATE 1 R
MOVE 1
BUILD 8 2 1 1
END

MOVE 122
MOVE 122
ROTATE 122 L
ROTATE 115 R
ROTATE 115 L
ROTATE 115 R
ROTATE 102 L
MOVE 102
MOVE 102
MOVE 97
ROTATE 97 L
MOVE 97
ROTATE 92 R
ROTATE 92 L
ROTATE 92 L
MOVE 85
MOVE 85
MOVE 85
MOVE 62
MOVE 62
SHOOT 62
MOVE 52
MOVE 52
ROTATE 52 L
MOVE 37
ROTATE 37 R
ROTATE 15 L
ROTATE 15 R
ROTATE 15 R
SHOOT 7
SHOOT 7
SHOOT 0
SHOOT 0
END

MOVE 125
ROTATE 125 R
ROTATE 125 R
ROTATE 124 R
MOVE 124
DIG 124
MOVE 123
MOVE 123
MOVE 123
SHOOT 121
END

