
Player1
MOVE 0
WORKSHOP 0 2
ROTATE 0 L
BUILD 1 1 2 4
BUILD 0 0 2 4
END

Player2
MOVE 1
WORKSHOP 9 7
ROTATE 1 R
BUILD 8 8 2 1
BUILD 9 9 2 1
END

Player1
ROTATE 3 R
MOVE 3
ROTATE 2 R
MOVE 2
MOVE 0
ROTATE 0 L
BUILD 0 1 1 2
BUILD 1 2 1 3
BUILD 1 2 2 4
BUILD 0 1 2 3
END

Player2
ROTATE 5 L
ROTATE 5 L
ROTATE 4 L
MOVE 4
ROTATE 1 R
ROTATE 1 R
BUILD 8 8 2 3
END

Player1
MOVE 7
WORKSHOP 0 3
DIG 7
ROTATE 7 R
ROTATE 6 L
ROTATE 6 L
ROTATE 6 R
DIG 3
DIG 3
MOVE 2
MOVE 2
ROTATE 0 R
MOVE 0
END

Player2
MOVE 8
ROTATE 8 L
ROTATE 5 R
ROTATE 5 L
MOVE 4
WORKSHOP 9 6
DIG 4
MOVE 1
MOVE 1
END

Player1
ROTATE 7 L
ROTATE 7 L
MOVE 7
ROTATE 6 L
MOVE 6
ROTATE 6 R
DIG 3
DIG 3
MOVE 2
MOVE 2
MOVE 0
MOVE 0
BUILD 5 1 1 3
BUILD 3 1 1 4
BUILD 4 2 1 1
END

Player2
ROTATE 8 L
MOVE 8
MOVE 5
DIG 5
DIG 4
DIG 4
MOVE 1
MOVE 1
BUILD 9 5 1 1
END

Player1
MOVE 9
MOVE 9
ROTATE 9 L
MOVE 7
MOVE 7
ROTATE 7 R
MOVE 6
MOVE 6
DIG 6
DIG 3
DIG 3
MOVE 2
MOVE 2
MOVE 0
MOVE 0
BUILD 7 1 1 1
BUILD 5 1 1 1
BUILD 6 2 1 1
BUILD 6 0 1 2
END

Player2
ROTATE 10 L
MOVE 10
DIG 10
MOVE 8
ROTATE 8 R
DIG 5
DIG 5
DIG 4
DIG 4
MOVE 1
MOVE 1
BUILD 9 5 1 2
END

Player1
ROTATE 11 L
MOVE 11
ROTATE 11 L
MOVE 9
ROTATE 9 L
MOVE 9
MOVE 7
ROTATE 7 L
ROTATE 7 L
ROTATE 6 L
MOVE 6
MOVE 6
DIG 3
DIG 3
MOVE 2
ROTATE 2 L
MOVE 0
MOVE 0
END

Player2
DIG 12
ROTATE 12 R
ROTATE 12 R
ROTATE 10 L
MOVE 10
MOVE 10
ROTATE 8 L
ROTATE 8 R
DIG 5
DIG 5
DIG 4
DIG 4
MOVE 1
MOVE 1
END

Player1
MOVE 11
MOVE 11
DIG 11
MOVE 9
MOVE 9
ROTATE 9 R
MOVE 7
MOVE 7
MOVE 7
MOVE 6
MOVE 6
MOVE 6
DIG 3
DIG 3
MOVE 2
ROTATE 2 L
MOVE 0
ROTATE 0 R
END

Player2
ROTATE 12 L
MOVE 12
ROTATE 12 L
ROTATE 10 R
ROTATE 10 L
ROTATE 10 R
ROTATE 8 L
ROTATE 8 L
DIG 5
DIG 5
DIG 4
DIG 4
MOVE 1
ROTATE 1 L
BUILD 9 5 1 3
END

Player1
ROTATE 11 L
MOVE 11
MOVE 11
MOVE 9
MOVE 9
ROTATE 9 R
ROTATE 7 L
MOVE 7
MOVE 7
ROTATE 6 L
MOVE 6
MOVE 6
ROTATE 3 R
MOVE 3
ROTATE 2 L
ROTATE 2 R
DIG 0
DIG 0
BUILD 8 1 1 2
END

Player2
ROTATE 13 L
ROTATE 13 R
ROTATE 13 R
MOVE 12
ROTATE 12 R
ROTATE 12 R
ROTATE 10 L
ROTATE 10 R
ROTATE 10 L
MOVE 8
DIG 8
DIG 5
DIG 5
DIG 4
ROTATE 4 R
MOVE 1
ROTATE 1 L
END

Player1
MOVE 14
ROTATE 14 R
MOVE 14
MOVE 11
ROTATE 11 L
MOVE 11
MOVE 9
MOVE 9
DIG 9
ROTATE 7 R
ROTATE 7 R
MOVE 7
MOVE 6
ROTATE 6 L
MOVE 6
MOVE 3
MOVE 3
MOVE 2
ROTATE 2 R
DIG 0
DIG 0
BUILD 8 1 1 4
BUILD 9 0 1 2
END

Player2
DIG 13
ROTATE 13 R
MOVE 13
ROTATE 12 R
ROTATE 12 R
ROTATE 12 R
ROTATE 10 L
MOVE 10
MOVE 10
DIG 8
DIG 8
DIG 5
ROTATE 5 L
ROTATE 4 R
MOVE 4
MOVE 1
MOVE 1
BUILD 8 6 1 4
BUILD 9 5 1 1
END

Player1
ROTATE 16 L
ROTATE 16 L
ROTATE 16 R
ROTATE 15 L
MOVE 15
MOVE 15
ROTATE 14 L
MOVE 14
ROTATE 14 R
ROTATE 11 R
ROTATE 11 L
ROTATE 11 R
ROTATE 9 L
ROTATE 9 L
MOVE 9
MOVE 7
MOVE 7
ROTATE 7 R
ROTATE 6 R
ROTATE 6 R
ROTATE 6 R
ROTATE 3 L
MOVE 3
ROTATE 2 R
ROTATE 2 L
DIG 0
DIG 0
BUILD 1 2 1 2
BUILD 0 1 1 4
END

Player2
DIG 17
ROTATE 17 L
ROTATE 17 L
ROTATE 13 R
ROTATE 13 R
MOVE 13
ROTATE 12 L
MOVE 12
ROTATE 12 R
ROTATE 10 L
ROTATE 10 R
ROTATE 10 R
DIG 8
DIG 8
ROTATE 5 L
MOVE 5
MOVE 4
MOVE 4
MOVE 1
MOVE 1
END

Player1
MOVE 19
ROTATE 19 R
MOVE 19
ROTATE 18 R
MOVE 18
ROTATE 18 L
ROTATE 16 R
ROTATE 16 L
ROTATE 16 L
ROTATE 15 R
ROTATE 15 L
ROTATE 15 L
ROTATE 14 R
MOVE 14
ROTATE 14 L
ROTATE 11 L
ROTATE 11 R
ROTATE 11 L
ROTATE 9 R
ROTATE 9 L
ROTATE 9 R
MOVE 7
MOVE 7
ROTATE 7 R
MOVE 6
MOVE 6
ROTATE 6 L
MOVE 3
MOVE 3
ROTATE 2 L
ROTATE 2 L
DIG 0
DIG 0
END

Player2
MOVE 17
MOVE 17
ROTATE 17 R
ROTATE 13 L
ROTATE 13 R
ROTATE 13 L
ROTATE 12 L
ROTATE 12 R
ROTATE 12 R
MOVE 10
MOVE 10
MOVE 10
DIG 8
DIG 8
ROTATE 5 R
ROTATE 5 R
ROTATE 4 L
ROTATE 4 R
DIG 1
DIG 1
END

Player1
DIG 19
ROTATE 19 R
ROTATE 19 R
MOVE 18
ROTATE 18 R
MOVE 18
ROTATE 16 R
ROTATE 16 L
ROTATE 16 R
MOVE 15
ROTATE 15 R
ROTATE 15 R
ROTATE 14 L
MOVE 14
MOVE 14
ROTATE 11 L
ROTATE 11 L
ROTATE 11 R
ROTATE 9 R
MOVE 9
DIG 9
ROTATE 7 L
ROTATE 7 L
ROTATE 7 L
ROTATE 6 L
MOVE 6
ROTATE 6 R
ROTATE 3 L
MOVE 3
MOVE 2
ROTATE 2 R
DIG 0
DIG 0
BUILD 1 2 1 4
BUILD 0 1 1 3
END

Player2
MOVE 17
MOVE 17
MOVE 17
ROTATE 13 L
MOVE 13
ROTATE 13 L
MOVE 12
ROTATE 12 L
ROTATE 12 L
MOVE 10
ROTATE 10 L
MOVE 10
DIG 8
DIG 8
ROTATE 5 L
ROTATE 5 L
ROTATE 4 R
ROTATE 4 R
DIG 1
DIG 1
BUILD 8 6 2 2
BUILD 9 5 2 1
END

Player1
ROTATE 21 L
MOVE 21
MOVE 21
MOVE 20
ROTATE 20 R
ROTATE 20 R
ROTATE 19 L
ROTATE 19 R
ROTATE 19 R
ROTATE 18 R
ROTATE 18 R
MOVE 18
ROTATE 16 L
ROTATE 16 R
ROTATE 16 R
MOVE 15
MOVE 15
ROTATE 15 L
DIG 14
ROTATE 14 L
ROTATE 14 L
MOVE 11
MOVE 11
ROTATE 11 L
ROTATE 9 R
ROTATE 9 L
ROTATE 9 L
MOVE 7
ROTATE 7 R
MOVE 7
ROTATE 6 L
ROTATE 6 L
MOVE 6
ROTATE 3 R
MOVE 3
MOVE 2
ROTATE 2 R
DIG 0
DIG 0
END

Player2
MOVE 22
MOVE 22
MOVE 17
MOVE 17
MOVE 17
ROTATE 13 R
ROTATE 13 R
ROTATE 13 R
MOVE 12
ROTATE 12 L
MOVE 12
MOVE 10
MOVE 10
ROTATE 10 L
DIG 8
ROTATE 8 R
ROTATE 5 L
MOVE 5
MOVE 4
MOVE 4
DIG 1
DIG 1
BUILD 8 6 1 3
BUILD 9 5 1 2
END

Player1
MOVE 21
ROTATE 21 R
DIG 21
MOVE 20
MOVE 20
DIG 20
ROTATE 19 R
ROTATE 19 L
ROTATE 19 L
ROTATE 18 R
ROTATE 18 R
MOVE 18
MOVE 16
MOVE 16
ROTATE 16 R
ROTATE 15 R
ROTATE 15 R
ROTATE 15 L
ROTATE 14 L
ROTATE 14 R
ROTATE 14 L
MOVE 11
ROTATE 11 L
ROTATE 11 R
ROTATE 9 L
MOVE 9
MOVE 9
ROTATE 7 R
MOVE 7
ROTATE 7 L
ROTATE 6 L
MOVE 6
MOVE 6
MOVE 3
ROTATE 3 L
ROTATE 2 L
MOVE 2
DIG 0
DIG 0
BUILD 8 1 1 1
BUILD 9 0 1 1
END

Player2
DIG 24
ROTATE 24 R
ROTATE 24 L
ROTATE 23 R
MOVE 23
ROTATE 23 R
MOVE 22
MOVE 22
MOVE 17
MOVE 17
ROTATE 17 L
ROTATE 13 L
ROTATE 13 L
ROTATE 13 R
ROTATE 12 L
ROTATE 12 R
ROTATE 12 R
ROTATE 10 R
ROTATE 10 R
MOVE 10
ROTATE 8 L
ROTATE 8 R
ROTATE 5 R
ROTATE 5 R
MOVE 4
ROTATE 4 R
DIG 1
DIG 1
BUILD 8 7 1 2
END

Player1
ROTATE 26 R
ROTATE 26 R
ROTATE 26 R
ROTATE 25 L
ROTATE 25 L
MOVE 25
ROTATE 21 L
MOVE 21
ROTATE 21 R
ROTATE 20 R
ROTATE 20 L
ROTATE 20 R
ROTATE 19 R
ROTATE 19 L
ROTATE 19 R
ROTATE 18 R
ROTATE 18 L
ROTATE 18 R
ROTATE 16 L
ROTATE 16 R
ROTATE 16 L
ROTATE 15 R
ROTATE 15 R
ROTATE 15 R
ROTATE 14 R
ROTATE 14 R
ROTATE 14 L
ROTATE 11 L
MOVE 11
MOVE 11
ROTATE 9 R
ROTATE 9 L
ROTATE 9 L
ROTATE 7 R
ROTATE 7 L
ROTATE 7 L
MOVE 6
ROTATE 6 L
ROTATE 6 L
ROTATE 3 L
MOVE 3
MOVE 2
ROTATE 2 L
DIG 0
DIG 0
END

Player2
ROTATE 27 R
ROTATE 27 L
ROTATE 27 R
ROTATE 24 R
ROTATE 24 L
ROTATE 24 R
ROTATE 23 R
ROTATE 23 L
ROTATE 23 R
MOVE 22
ROTATE 22 R
MOVE 17
ROTATE 17 R
ROTATE 17 R
ROTATE 13 R
ROTATE 13 L
ROTATE 13 R
MOVE 12
MOVE 12
ROTATE 12 R
MOVE 10
ROTATE 10 L
ROTATE 10 L
ROTATE 8 L
ROTATE 8 L
MOVE 5
ROTATE 5 L
ROTATE 4 R
ROTATE 4 R
DIG 1
DIG 1
BUILD 9 8 1 4
END

Player1
ROTATE 26 R
ROTATE 26 R
ROTATE 26 L
MOVE 25
ROTATE 25 R
ROTATE 25 R
MOVE 21
MOVE 21
ROTATE 21 R
ROTATE 20 R
MOVE 20
MOVE 20
ROTATE 19 L
ROTATE 19 R
ROTATE 19 L
ROTATE 18 R
MOVE 18
ROTATE 18 L
ROTATE 16 R
ROTATE 16 R
ROTATE 16 L
ROTATE 15 R
ROTATE 15 L
ROTATE 15 L
ROTATE 14 R
ROTATE 14 R
ROTATE 14 L
ROTATE 11 L
ROTATE 11 R
ROTATE 11 L
ROTATE 9 L
MOVE 9
MOVE 9
MOVE 7
ROTATE 7 L
ROTATE 7 L
ROTATE 6 L
MOVE 6
MOVE 6
MOVE 3
ROTATE 3 L
MOVE 2
ROTATE 2 R
DIG 0
DIG 0
BUILD 8 1 1 3
END

Player2
ROTATE 28 R
ROTATE 28 R
ROTATE 28 L
ROTATE 27 L
ROTATE 27 R
ROTATE 27 L
ROTATE 24 L
ROTATE 24 R
ROTATE 24 L
ROTATE 23 L
MOVE 23
MOVE 23
ROTATE 22 R
MOVE 22
MOVE 17
ROTATE 17 R
MOVE 17
ROTATE 13 L
ROTATE 13 L
ROTATE 13 L
ROTATE 12 L
ROTATE 12 L
MOVE 12
MOVE 10
MOVE 10
ROTATE 10 R
MOVE 8
ROTATE 8 R
ROTATE 5 L
ROTATE 5 R
MOVE 4
MOVE 4
DIG 1
DIG 1
BUILD 8 6 1 2
END

Player1
ROTATE 29 R
MOVE 29
ROTATE 29 L
ROTATE 26 L
ROTATE 26 R
ROTATE 26 L
ROTATE 25 R
ROTATE 25 R
MOVE 25
MOVE 21
MOVE 21
MOVE 21
ROTATE 20 L
ROTATE 20 L
MOVE 20
MOVE 19
ROTATE 19 L
ROTATE 19 L
MOVE 18
MOVE 18
MOVE 18
ROTATE 16 L
ROTATE 16 R
ROTATE 16 L
MOVE 15
ROTATE 15 L
ROTATE 15 L
ROTATE 14 R
ROTATE 14 L
ROTATE 14 R
MOVE 11
ROTATE 11 R
ROTATE 11 L
ROTATE 9 L
ROTATE 9 L
MOVE 9
ROTATE 7 R
ROTATE 7 L
ROTATE 7 L
ROTATE 6 L
MOVE 6
ROTATE 6 L
MOVE 3
MOVE 3
MOVE 2
DIG 2
DIG 0
DIG 0
BUILD 0 1 1 2
END

Player2
MOVE 30
ROTATE 30 R
MOVE 30
ROTATE 28 L
ROTATE 28 R
ROTATE 28 L
MOVE 27
DIG 27
ROTATE 27 L
ROTATE 24 R
ROTATE 24 L
ROTATE 24 L
ROTATE 23 L
ROTATE 23 L
ROTATE 23 R
ROTATE 22 R
MOVE 22
MOVE 17
MOVE 17
MOVE 17
MOVE 13
ROTATE 13 L
ROTATE 13 R
MOVE 12
MOVE 12
ROTATE 12 L
ROTATE 10 L
ROTATE 10 L
MOVE 10
MOVE 8
ROTATE 8 R
ROTATE 5 R
ROTATE 5 R
MOVE 4
MOVE 4
DIG 1
DIG 1
BUILD 8 6 1 4
END

Player1
ROTATE 31 L
ROTATE 31 L
MOVE 31
ROTATE 29 R
ROTATE 29 L
ROTATE 29 R
ROTATE 26 L
MOVE 26
ROTATE 26 L
MOVE 25
ROTATE 25 L
ROTATE 25 R
ROTATE 21 L
ROTATE 21 L
MOVE 21
MOVE 20
ROTATE 20 R
ROTATE 20 L
MOVE 19
ROTATE 19 L
ROTATE 19 L
ROTATE 18 R
DIG 18
ROTATE 18 L
MOVE 16
ROTATE 16 R
ROTATE 16 L
ROTATE 15 R
ROTATE 15 R
ROTATE 15 L
ROTATE 14 R
ROTATE 14 R
ROTATE 14 R
ROTATE 11 R
ROTATE 11 L
ROTATE 11 L
ROTATE 9 L
ROTATE 9 R
ROTATE 9 L
ROTATE 7 L
ROTATE 7 R
ROTATE 7 R
ROTATE 6 L
MOVE 6
ROTATE 6 L
ROTATE 3 R
MOVE 3
DIG 2
DIG 2
DIG 0
DIG 0
BUILD 9 0 1 4
BUILD 1 2 1 2
BUILD 0 1 1 1
END

Player2
DIG 32
ROTATE 32 R
ROTATE 32 L
ROTATE 30 L
MOVE 30
MOVE 30
ROTATE 28 R
ROTATE 28 R
ROTATE 28 R
MOVE 27
ROTATE 27 L
MOVE 27
ROTATE 24 L
ROTATE 24 L
MOVE 24
ROTATE 23 R
ROTATE 23 R
ROTATE 23 L
ROTATE 22 L
MOVE 22
ROTATE 17 R
ROTATE 17 R
ROTATE 17 L
ROTATE 13 R
ROTATE 13 R
ROTATE 13 L
ROTATE 12 L
ROTATE 12 R
ROTATE 12 L
MOVE 10
MOVE 10
ROTATE 10 L
ROTATE 8 R
MOVE 8
MOVE 5
ROTATE 5 R
ROTATE 4 R
ROTATE 4 L
DIG 1
DIG 1
BUILD 9 5 1 3
END

Player1
ROTATE 35 L
MOVE 35
ROTATE 35 R
ROTATE 34 R
ROTATE 34 R
MOVE 34
ROTATE 33 L
ROTATE 33 R
ROTATE 33 R
MOVE 31
ROTATE 31 L
DIG 31
ROTATE 29 L
ROTATE 29 R
ROTATE 29 L
ROTATE 26 R
MOVE 26
ROTATE 26 R
ROTATE 25 L
ROTATE 25 R
ROTATE 25 R
MOVE 21
MOVE 21
MOVE 21
ROTATE 20 R
ROTATE 20 R
MOVE 20
ROTATE 19 L
MOVE 19
ROTATE 19 R
ROTATE 18 R
ROTATE 18 R
ROTATE 18 L
ROTATE 16 R
ROTATE 16 R
ROTATE 16 L
ROTATE 15 R
ROTATE 15 L
ROTATE 15 R
MOVE 14
MOVE 14
ROTATE 14 R
ROTATE 11 R
ROTATE 11 R
ROTATE 11 L
ROTATE 9 L
MOVE 9
DIG 9
ROTATE 7 L
ROTATE 7 L
ROTATE 7 L
ROTATE 6 R
MOVE 6
ROTATE 6 L
MOVE 3
ROTATE 3 L
DIG 2
DIG 2
DIG 0
DIG 0
END

Player2
ROTATE 36 L
ROTATE 36 R
ROTATE 36 L
ROTATE 32 R
ROTATE 32 R
MOVE 32
ROTATE 30 L
MOVE 30
ROTATE 30 R
ROTATE 28 L
MOVE 28
ROTATE 28 L
MOVE 27
ROTATE 27 L
ROTATE 27 R
ROTATE 24 R
ROTATE 24 L
ROTATE 24 R
ROTATE 23 L
ROTATE 23 L
MOVE 23
DIG 22
DIG 22
ROTATE 17 L
ROTATE 17 R
ROTATE 17 L
ROTATE 13 R
ROTATE 13 R
ROTATE 13 R
ROTATE 12 L
ROTATE 12 R
ROTATE 12 R
ROTATE 10 R
ROTATE 10 R
ROTATE 10 R
MOVE 8
ROTATE 8 R
ROTATE 5 R
ROTATE 5 R
ROTATE 4 R
ROTATE 4 L
DIG 1
DIG 1
BUILD 8 6 1 2
END

Player1
MOVE 35
DIG 35
ROTATE 35 R
DIG 34
ROTATE 34 L
ROTATE 34 L
ROTATE 33 R
ROTATE 33 R
MOVE 33
DIG 31
ROTATE 31 R
ROTATE 31 R
ROTATE 29 L
MOVE 29
ROTATE 29 R
ROTATE 26 L
ROTATE 26 L
MOVE 26
DIG 25
ROTATE 25 L
ROTATE 25 R
ROTATE 21 R
ROTATE 21 L
ROTATE 21 R
ROTATE 20 L
ROTATE 20 R
ROTATE 20 L
MOVE 19
ROTATE 19 L
ROTATE 19 L
ROTATE 18 L
ROTATE 18 R
ROTATE 18 R
ROTATE 16 R
MOVE 16
ROTATE 16 L
ROTATE 15 R
MOVE 15
ROTATE 15 L
ROTATE 14 R
ROTATE 14 R
ROTATE 14 R
ROTATE 11 R
ROTATE 11 R
ROTATE 11 R
ROTATE 9 L
ROTATE 9 R
ROTATE 9 R
ROTATE 7 R
MOVE 7
MOVE 7
MOVE 6
ROTATE 6 R
ROTATE 6 L
MOVE 3
ROTATE 3 L
DIG 2
DIG 2
DIG 0
DIG 0
BUILD 9 0 1 2
END

Player2
MOVE 37
MOVE 37
ROTATE 37 L
ROTATE 36 R
ROTATE 36 L
ROTATE 36 L
ROTATE 32 R
MOVE 32
ROTATE 32 L
ROTATE 30 R
MOVE 30
ROTATE 30 L
ROTATE 28 R
ROTATE 28 R
ROTATE 28 R
ROTATE 27 L
ROTATE 27 R
ROTATE 27 R
ROTATE 24 L
ROTATE 24 L
ROTATE 24 R
MOVE 23
ROTATE 23 R
ROTATE 23 R
DIG 22
DIG 22
ROTATE 17 R
ROTATE 17 R
MOVE 17
MOVE 13
ROTATE 13 R
ROTATE 13 L
MOVE 12
MOVE 12
ROTATE 12 L
MOVE 10
ROTATE 10 L
MOVE 10
ROTATE 8 R
ROTATE 8 L
ROTATE 5 R
ROTATE 5 R
MOVE 4
ROTATE 4 L
DIG 1
DIG 1
BUILD 8 6 1 4
END

Player1
ROTATE 38 L
ROTATE 38 L
ROTATE 38 L
MOVE 35
ROTATE 35 L
ROTATE 35 R
ROTATE 34 L
MOVE 34
MOVE 34
ROTATE 33 L
ROTATE 33 L
ROTATE 33 L
MOVE 31
MOVE 31
ROTATE 31 L
ROTATE 29 L
ROTATE 29 L
ROTATE 29 R
ROTATE 26 R
MOVE 26
ROTATE 26 L
DIG 25
ROTATE 25 L
ROTATE 25 L
ROTATE 21 R
MOVE 21
MOVE 21
ROTATE 20 R
ROTATE 20 R
MOVE 20
ROTATE 19 R
ROTATE 19 L
ROTATE 19 R
MOVE 18
ROTATE 18 L
ROTATE 18 L
ROTATE 16 R
ROTATE 16 L
ROTATE 16 R
ROTATE 15 R
ROTATE 15 L
ROTATE 15 L
MOVE 14
ROTATE 14 R
MOVE 14
MOVE 11
ROTATE 11 L
MOVE 11
ROTATE 9 L
ROTATE 9 R
ROTATE 9 R
ROTATE 7 R
ROTATE 7 R
ROTATE 7 R
ROTATE 6 R
MOVE 6
ROTATE 6 R
ROTATE 3 L
ROTATE 3 R
DIG 2
DIG 2
DIG 0
DIG 0
BUILD 1 3 1 1
BUILD 0 4 1 2
END

Player2
DIG 39
ROTATE 39 R
ROTATE 39 L
DIG 37
ROTATE 37 R
MOVE 37
ROTATE 36 L
DIG 36
ROTATE 36 L
ROTATE 32 R
ROTATE 32 L
ROTATE 32 R
ROTATE 30 L
ROTATE 30 L
MOVE 30
ROTATE 28 L
ROTATE 28 R
ROTATE 28 R
ROTATE 27 L
ROTATE 27 R
ROTATE 27 L
ROTATE 24 L
MOVE 24
ROTATE 24 L
MOVE 23
ROTATE 23 R
DIG 23
DIG 22
DIG 22
MOVE 17
MOVE 17
MOVE 17
ROTATE 13 R
ROTATE 13 R
ROTATE 13 L
ROTATE 12 L
MOVE 12
MOVE 12
ROTATE 10 R
MOVE 10
ROTATE 10 L
ROTATE 8 R
MOVE 8
MOVE 5
MOVE 5
MOVE 4
MOVE 4
DIG 1
DIG 1
BUILD 3 9 1 3
END

Player1
ROTATE 41 R
ROTATE 41 L
ROTATE 41 L
ROTATE 40 L
ROTATE 40 R
ROTATE 40 R
ROTATE 38 L
ROTATE 38 L
ROTATE 38 R
ROTATE 35 L
ROTATE 35 R
ROTATE 35 R
ROTATE 34 R
ROTATE 34 L
ROTATE 34 L
ROTATE 33 R
ROTATE 33 R
ROTATE 33 L
ROTATE 31 R
ROTATE 31 L
ROTATE 31 R
ROTATE 29 R
ROTATE 29 R
MOVE 29
MOVE 26
MOVE 26
ROTATE 26 L
ROTATE 25 L
ROTATE 25 L
DIG 25
ROTATE 21 L
MOVE 21
ROTATE 21 L
ROTATE 20 R
ROTATE 20 R
ROTATE 20 R
ROTATE 19 L
ROTATE 19 R
ROTATE 19 L
MOVE 18
ROTATE 18 L
ROTATE 18 L
ROTATE 16 R
ROTATE 16 L
ROTATE 16 R
MOVE 15
ROTATE 15 L
ROTATE 15 L
MOVE 14
ROTATE 14 L
ROTATE 14 R
ROTATE 11 R
MOVE 11
MOVE 11
MOVE 9
ROTATE 9 L
ROTATE 9 R
ROTATE 7 L
ROTATE 7 R
ROTATE 7 R
ROTATE 6 R
ROTATE 6 R
ROTATE 6 L
ROTATE 3 R
ROTATE 3 R
DIG 2
ROTATE 2 L
DIG 0
DIG 0
END

Player2
ROTATE 42 R
MOVE 42
MOVE 42
ROTATE 39 R
ROTATE 39 R
ROTATE 39 L
MOVE 37
MOVE 37
ROTATE 37 R
ROTATE 36 R
ROTATE 36 L
ROTATE 36 L
ROTATE 32 R
MOVE 32
ROTATE 32 L
ROTATE 30 R
MOVE 30
DIG 30
ROTATE 28 R
ROTATE 28 R
MOVE 28
ROTATE 27 L
ROTATE 27 R
ROTATE 27 R
ROTATE 24 R
ROTATE 24 R
ROTATE 24 R
ROTATE 23 R
ROTATE 23 L
ROTATE 23 R
DIG 22
DIG 22
ROTATE 17 L
MOVE 17
ROTATE 17 R
ROTATE 13 R
ROTATE 13 L
ROTATE 13 L
ROTATE 12 R
ROTATE 12 R
MOVE 12
MOVE 10
ROTATE 10 L
ROTATE 10 L
ROTATE 8 L
ROTATE 8 R
ROTATE 5 R
ROTATE 5 L
MOVE 4
ROTATE 4 L
DIG 1
DIG 1
BUILD 4 8 1 1
END

Player1
MOVE 41
DIG 41
ROTATE 41 R
DIG 40
ROTATE 40 R
ROTATE 40 L
ROTATE 38 R
ROTATE 38 L
ROTATE 38 L
ROTATE 35 L
ROTATE 35 L
MOVE 35
ROTATE 34 L
ROTATE 34 R
ROTATE 34 R
ROTATE 33 L
ROTATE 33 L
ROTATE 33 R
ROTATE 31 R
ROTATE 31 R
ROTATE 31 R
ROTATE 29 R
ROTATE 29 R
ROTATE 29 L
ROTATE 26 L
MOVE 26
ROTATE 26 R
DIG 25
ROTATE 25 R
MOVE 25
MOVE 21
ROTATE 21 L
MOVE 21
ROTATE 20 L
ROTATE 20 R
ROTATE 20 L
MOVE 19
ROTATE 19 R
ROTATE 19 L
ROTATE 18 L
ROTATE 18 L
MOVE 18
ROTATE 16 R
ROTATE 16 L
ROTATE 16 L
ROTATE 15 L
ROTATE 15 L
ROTATE 15 R
ROTATE 14 L
MOVE 14
ROTATE 14 L
ROTATE 11 R
ROTATE 11 L
ROTATE 11 R
ROTATE 9 R
ROTATE 9 L
ROTATE 9 R
ROTATE 7 R
ROTATE 7 R
ROTATE 7 L
ROTATE 6 L
ROTATE 6 R
ROTATE 6 L
MOVE 3
ROTATE 3 L
ROTATE 2 L
MOVE 2
DIG 0
DIG 0
BUILD 0 1 1 1
END

Player2
ROTATE 43 R
ROTATE 43 L
ROTATE 43 R
ROTATE 42 L
ROTATE 42 R
ROTATE 42 R
ROTATE 39 L
ROTATE 39 L
ROTATE 39 R
WORKSHOP 2 6
WORKSHOP 3 5
ROTATE 37 L
ROTATE 37 R
ROTATE 37 L
ROTATE 36 L
MOVE 36
ROTATE 36 L
ROTATE 32 L
MOVE 32
ROTATE 32 L
ROTATE 30 R
MOVE 30
MOVE 30
DIG 28
ROTATE 28 R
MOVE 28
MOVE 27
ROTATE 27 L
ROTATE 27 R
ROTATE 24 L
ROTATE 24 L
ROTATE 24 R
MOVE 23
ROTATE 23 L
ROTATE 23 R
DIG 22
DIG 22
ROTATE 17 L
ROTATE 17 L
ROTATE 17 L
ROTATE 13 L
MOVE 13
ROTATE 13 R
ROTATE 12 R
ROTATE 12 R
ROTATE 12 R
ROTATE 10 L
DIG 10
ROTATE 10 R
ROTATE 8 L
ROTATE 8 R
ROTATE 5 R
ROTATE 5 R
ROTATE 4 L
MOVE 4
DIG 1
DIG 1
BUILD 9 5 1 1
END

Player1
ROTATE 44 R
ROTATE 44 L
ROTATE 44 R
ROTATE 41 L
ROTATE 41 L
ROTATE 41 L
ROTATE 40 R
ROTATE 40 R
ROTATE 40 R
ROTATE 38 L
ROTATE 38 R
ROTATE 38 L
MOVE 35
ROTATE 35 R
ROTATE 35 R
SHOOT 34
SHOOT 34
SHOOT 34
ROTATE 33 R
ROTATE 33 L
ROTATE 33 L
MOVE 31
ROTATE 31 R
ROTATE 31 R
ROTATE 29 R
ROTATE 29 L
ROTATE 29 R
ROTATE 26 R
MOVE 26
ROTATE 26 L
ROTATE 25 L
ROTATE 25 L
ROTATE 25 R
MOVE 21
ROTATE 21 L
ROTATE 21 L
ROTATE 20 L
MOVE 20
ROTATE 20 L
MOVE 19
ROTATE 19 R
MOVE 19
ROTATE 18 L
ROTATE 18 R
ROTATE 18 R
ROTATE 16 R
ROTATE 16 R
ROTATE 16 R
MOVE 15
ROTATE 15 L
ROTATE 15 L
MOVE 14
ROTATE 14 R
ROTATE 14 R
ROTATE 11 L
ROTATE 11 R
ROTATE 11 R
ROTATE 9 R
MOVE 9
DIG 9
ROTATE 7 R
MOVE 7
ROTATE 7 R
ROTATE 6 L
MOVE 6
MOVE 6
ROTATE 3 L
SHOOT 3
ROTATE 2 L
ROTATE 2 L
DIG 0
DIG 0
BUILD 8 1 1 2
END

Player2
ROTATE 45 L
ROTATE 45 L
DIG 45
ROTATE 43 R
ROTATE 43 R
MOVE 43
MOVE 42
MOVE 42
DIG 42
ROTATE 39 R
ROTATE 39 R
ROTATE 39 R
ROTATE 37 R
ROTATE 37 R
ROTATE 37 L
ROTATE 36 L
ROTATE 36 R
ROTATE 36 L
ROTATE 32 L
ROTATE 32 R
ROTATE 32 L
ROTATE 30 R
ROTATE 30 L
ROTATE 30 L
ROTATE 28 L
ROTATE 28 L
MOVE 28
ROTATE 27 L
ROTATE 27 R
ROTATE 27 L
ROTATE 24 L
MOVE 24
ROTATE 24 R
ROTATE 23 L
ROTATE 23 L
ROTATE 23 L
ROTATE 22 R
ROTATE 22 R
MOVE 17
DIG 17
ROTATE 17 L
MOVE 13
MOVE 13
ROTATE 13 R
ROTATE 12 L
ROTATE 12 R
ROTATE 12 L
MOVE 10
ROTATE 10 R
ROTATE 10 R
ROTATE 8 R
ROTATE 8 R
MOVE 5
ROTATE 5 R
MOVE 4
ROTATE 4 L
DIG 1
DIG 1
BUILD 2 5 1 1
BUILD 3 4 1 1
END

Player1
ROTATE 46 R
ROTATE 46 L
ROTATE 46 L
ROTATE 44 R
ROTATE 44 L
ROTATE 44 L
MOVE 41
ROTATE 41 R
ROTATE 41 R
ROTATE 40 L
MOVE 40
MOVE 40
ROTATE 38 R
ROTATE 38 R
ROTATE 38 L
MOVE 35
ROTATE 35 L
ROTATE 35 L
SHOOT 34
SHOOT 34
SHOOT 34
ROTATE 33 R
ROTATE 33 R
ROTATE 33 L
ROTATE 31 R
DIG 31
ROTATE 31 R
ROTATE 29 R
ROTATE 29 L
ROTATE 29 R
ROTATE 26 L
ROTATE 26 L
MOVE 26
ROTATE 25 L
ROTATE 25 L
ROTATE 25 R
MOVE 21
ROTATE 21 L
ROTATE 21 L
ROTATE 20 R
ROTATE 20 R
MOVE 20
MOVE 19
ROTATE 19 L
ROTATE 19 L
MOVE 18
ROTATE 18 R
ROTATE 18 R
ROTATE 16 L
MOVE 16
ROTATE 16 R
ROTATE 15 L
ROTATE 15 R
ROTATE 15 L
SHOOT 14
SHOOT 14
SHOOT 14
ROTATE 11 L
ROTATE 11 L
ROTATE 11 L
ROTATE 9 L
ROTATE 9 L
ROTATE 9 R
ROTATE 7 L
ROTATE 7 L
ROTATE 7 R
ROTATE 6 R
ROTATE 6 L
ROTATE 6 R
SHOOT 3
SHOOT 3
ROTATE 2 L
ROTATE 2 L
DIG 0
DIG 0
BUILD 1 2 1 3
END

Player2
ROTATE 45 R
ROTATE 45 L
ROTATE 45 R
ROTATE 43 R
ROTATE 43 L
ROTATE 43 L
ROTATE 42 R
ROTATE 42 L
ROTATE 42 R
ROTATE 39 L
MOVE 39
ROTATE 39 R
ROTATE 37 L
ROTATE 37 R
ROTATE 37 R
ROTATE 36 R
MOVE 36
ROTATE 36 R
ROTATE 32 R
ROTATE 32 L
ROTATE 32 R
ROTATE 30 L
MOVE 30
MOVE 30
ROTATE 28 L
ROTATE 28 R
ROTATE 28 L
ROTATE 27 L
MOVE 27
ROTATE 27 R
ROTATE 24 R
ROTATE 24 R
MOVE 24
ROTATE 23 L
ROTATE 23 L
MOVE 23
ROTATE 22 L
MOVE 22
ROTATE 17 L
MOVE 17
ROTATE 17 R
ROTATE 13 L
ROTATE 13 R
ROTATE 13 R
ROTATE 12 L
ROTATE 12 L
ROTATE 12 L
ROTATE 10 R
ROTATE 10 R
MOVE 10
ROTATE 8 R
ROTATE 8 L
ROTATE 5 R
ROTATE 5 L
ROTATE 4 R
ROTATE 4 L
DIG 1
DIG 1
BUILD 2 5 1 1
BUILD 3 4 1 3
END

Player1
ROTATE 49 L
MOVE 49
DIG 49
ROTATE 46 L
ROTATE 46 L
ROTATE 46 R
ROTATE 44 L
MOVE 44
ROTATE 44 L
MOVE 41
ROTATE 41 L
ROTATE 41 R
ROTATE 40 R
ROTATE 40 L
ROTATE 40 L
ROTATE 38 R
ROTATE 38 L
ROTATE 38 L
MOVE 35
MOVE 35
ROTATE 35 L
SHOOT 34
SHOOT 34
SHOOT 34
ROTATE 33 L
MOVE 33
ROTATE 33 L
ROTATE 31 L
ROTATE 31 L
ROTATE 31 L
ROTATE 29 L
ROTATE 29 L
ROTATE 29 R
ROTATE 26 R
ROTATE 26 R
MOVE 26
ROTATE 25 L
ROTATE 25 L
ROTATE 25 R
ROTATE 21 R
MOVE 21
ROTATE 21 R
ROTATE 20 R
MOVE 20
ROTATE 20 R
ROTATE 19 L
MOVE 19
ROTATE 19 R
ROTATE 18 L
ROTATE 18 L
MOVE 18
ROTATE 16 R
ROTATE 16 L
ROTATE 16 R
ROTATE 15 L
ROTATE 15 L
ROTATE 15 L
SHOOT 14
SHOOT 14
SHOOT 14
ROTATE 11 R
ROTATE 11 L
ROTATE 11 L
ROTATE 9 L
ROTATE 9 L
ROTATE 9 L
ROTATE 7 L
ROTATE 7 L
ROTATE 7 R
ROTATE 6 R
ROTATE 6 R
ROTATE 6 L
SHOOT 3
SHOOT 3
ROTATE 2 L
ROTATE 2 L
DIG 0
DIG 0
BUILD 0 1 1 3
END

Player2
MOVE 45
ROTATE 45 R
ROTATE 45 L
ROTATE 43 L
MOVE 43
ROTATE 43 L
ROTATE 42 R
MOVE 42
MOVE 42
ROTATE 39 L
ROTATE 39 R
ROTATE 39 R
MOVE 37
MOVE 37
ROTATE 37 L
ROTATE 36 L
MOVE 36
ROTATE 36 R
ROTATE 32 L
MOVE 32
ROTATE 32 R
ROTATE 30 L
MOVE 30
ROTATE 30 L
MOVE 28
ROTATE 28 R
ROTATE 28 R
ROTATE 27 L
ROTATE 27 L
ROTATE 27 L
ROTATE 24 R
ROTATE 24 L
ROTATE 24 R
ROTATE 23 L
ROTATE 23 R
ROTATE 23 R
ROTATE 22 R
ROTATE 22 L
ROTATE 17 R
MOVE 17
ROTATE 17 R
ROTATE 13 L
ROTATE 13 L
ROTATE 13 R
ROTATE 12 R
ROTATE 12 L
ROTATE 12 L
MOVE 10
MOVE 10
ROTATE 10 R
ROTATE 8 L
MOVE 8
MOVE 5
ROTATE 5 R
ROTATE 4 R
MOVE 4
DIG 1
DIG 1
END

Player1
ROTATE 52 L
ROTATE 52 L
ROTATE 52 R
ROTATE 49 L
MOVE 49
ROTATE 49 R
ROTATE 46 R
ROTATE 46 L
ROTATE 46 R
ROTATE 44 R
ROTATE 44 R
ROTATE 44 R
ROTATE 41 R
ROTATE 41 L
ROTATE 41 L
ROTATE 40 R
ROTATE 40 R
ROTATE 40 L
ROTATE 38 R
ROTATE 38 L
ROTATE 38 R
ROTATE 35 L
MOVE 35
ROTATE 35 L
SHOOT 34
SHOOT 34
SHOOT 34
ROTATE 33 L
MOVE 33
ROTATE 33 R
SHOOT 31
SHOOT 31
SHOOT 31
ROTATE 29 L
MOVE 29
ROTATE 29 L
ROTATE 26 L
ROTATE 26 L
ROTATE 26 L
ROTATE 25 R
MOVE 25
ROTATE 25 R
ROTATE 21 R
ROTATE 21 R
ROTATE 21 L
MOVE 20
ROTATE 20 R
MOVE 20
MOVE 19
ROTATE 19 L
ROTATE 19 L
ROTATE 18 L
ROTATE 18 L
MOVE 18
ROTATE 16 R
ROTATE 16 R
ROTATE 16 R
ROTATE 15 L
ROTATE 15 R
ROTATE 15 L
MOVE 14
ROTATE 14 R
ROTATE 14 L
MOVE 11
ROTATE 11 L
ROTATE 11 L
ROTATE 9 L
ROTATE 9 R
ROTATE 9 R
MOVE 7
ROTATE 7 R
ROTATE 7 L
ROTATE 6 L
ROTATE 6 R
ROTATE 6 L
SHOOT 3
SHOOT 3
ROTATE 2 R
ROTATE 2 R
DIG 0
DIG 0
BUILD 1 3 1 4
BUILD 0 4 1 1
END

Player2
ROTATE 45 R
ROTATE 45 R
MOVE 45
ROTATE 43 R
ROTATE 43 R
MOVE 43
ROTATE 42 R
MOVE 42
ROTATE 42 R
ROTATE 39 L
ROTATE 39 L
MOVE 39
ROTATE 37 R
MOVE 37
ROTATE 37 R
ROTATE 36 R
MOVE 36
MOVE 36
ROTATE 32 R
ROTATE 32 L
ROTATE 32 L
ROTATE 30 L
ROTATE 30 L
ROTATE 30 L
MOVE 28
ROTATE 28 R
ROTATE 28 R
MOVE 27
ROTATE 27 R
ROTATE 27 R
ROTATE 24 L
ROTATE 24 L
ROTATE 24 R
MOVE 23
ROTATE 23 L
ROTATE 23 R
ROTATE 22 L
ROTATE 22 L
ROTATE 17 L
ROTATE 17 R
ROTATE 17 R
ROTATE 13 R
ROTATE 13 L
ROTATE 13 R
ROTATE 12 L
ROTATE 12 R
ROTATE 12 L
MOVE 10
DIG 10
ROTATE 10 L
ROTATE 8 R
ROTATE 8 L
ROTATE 5 R
ROTATE 5 L
ROTATE 4 R
MOVE 4
DIG 1
DIG 1
BUILD 2 5 1 4
BUILD 3 6 1 3
END

Player1
DIG 54
ROTATE 54 R
ROTATE 54 R
ROTATE 53 L
ROTATE 53 L
DIG 53
ROTATE 52 R
ROTATE 52 R
ROTATE 52 L
ROTATE 49 L
ROTATE 49 L
ROTATE 49 L
ROTATE 46 L
ROTATE 46 R
ROTATE 46 R
ROTATE 44 R
ROTATE 44 L
ROTATE 44 R
ROTATE 41 L
ROTATE 41 R
ROTATE 41 L
ROTATE 40 R
ROTATE 40 L
ROTATE 40 R
ROTATE 38 L
ROTATE 38 R
ROTATE 38 R
ROTATE 35 R
ROTATE 35 R
ROTATE 35 R
SHOOT 34
SHOOT 34
SHOOT 34
ROTATE 33 L
ROTATE 33 L
ROTATE 33 R
ROTATE 31 R
ROTATE 31 R
ROTATE 31 R
ROTATE 29 R
ROTATE 29 R
ROTATE 29 R
ROTATE 26 L
ROTATE 26 R
ROTATE 26 R
DIG 25
ROTATE 25 L
ROTATE 25 R
MOVE 21
ROTATE 21 L
MOVE 21
ROTATE 20 R
ROTATE 20 L
ROTATE 20 R
ROTATE 19 L
MOVE 19
ROTATE 19 L
ROTATE 18 L
ROTATE 18 L
MOVE 18
ROTATE 16 R
ROTATE 16 L
ROTATE 16 R
ROTATE 15 R
MOVE 15
ROTATE 15 R
ROTATE 14 L
SHOOT 14
SHOOT 14
MOVE 11
ROTATE 11 L
ROTATE 11 L
ROTATE 9 R
ROTATE 9 R
ROTATE 9 R
ROTATE 7 L
ROTATE 7 L
ROTATE 7 L
ROTATE 6 L
ROTATE 6 L
ROTATE 6 R
SHOOT 3
SHOOT 3
MOVE 2
ROTATE 2 R
DIG 0
DIG 0
END

Player2
MOVE 56
ROTATE 56 R
ROTATE 56 L
ROTATE 45 R
ROTATE 45 L
ROTATE 45 R
MOVE 43
MOVE 43
ROTATE 43 R
ROTATE 42 L
ROTATE 42 L
ROTATE 42 R
ROTATE 39 L
MOVE 39
ROTATE 39 L
ROTATE 37 R
MOVE 37
ROTATE 37 R
ROTATE 36 L
ROTATE 36 R
ROTATE 36 L
ROTATE 32 R
MOVE 32
ROTATE 32 L
ROTATE 30 L
ROTATE 30 L
MOVE 30
ROTATE 28 L
MOVE 28
ROTATE 28 R
ROTATE 27 L
MOVE 27
ROTATE 27 L
MOVE 24
ROTATE 24 L
ROTATE 24 R
ROTATE 23 R
ROTATE 23 R
ROTATE 23 L
MOVE 22
ROTATE 22 R
ROTATE 17 R
ROTATE 17 R
ROTATE 17 R
MOVE 13
MOVE 13
ROTATE 13 L
ROTATE 12 R
MOVE 12
MOVE 12
ROTATE 10 L
ROTATE 10 R
ROTATE 10 L
ROTATE 8 R
ROTATE 8 L
ROTATE 5 L
MOVE 5
ROTATE 4 R
MOVE 4
DIG 1
DIG 1
END

Player1
ROTATE 54 R
ROTATE 54 L
ROTATE 54 R
ROTATE 53 R
ROTATE 53 R
MOVE 53
ROTATE 52 R
ROTATE 52 R
ROTATE 52 R
ROTATE 49 L
ROTATE 49 R
ROTATE 49 L
ROTATE 46 L
ROTATE 46 R
ROTATE 46 L
ROTATE 44 L
ROTATE 44 R
ROTATE 44 L
ROTATE 41 R
ROTATE 41 L
ROTATE 41 R
ROTATE 40 R
ROTATE 40 R
ROTATE 40 L
ROTATE 38 R
ROTATE 38 L
ROTATE 38 R
ROTATE 35 R
ROTATE 35 R
ROTATE 35 R
SHOOT 34
SHOOT 34
SHOOT 34
ROTATE 33 L
ROTATE 33 L
ROTATE 33 L
ROTATE 31 L
ROTATE 31 R
ROTATE 31 L
ROTATE 29 R
ROTATE 29 L
ROTATE 29 R
MOVE 26
ROTATE 26 L
ROTATE 26 L
DIG 25
ROTATE 25 L
ROTATE 25 R
ROTATE 21 L
ROTATE 21 R
ROTATE 21 R
MOVE 20
ROTATE 20 L
ROTATE 20 R
ROTATE 19 R
ROTATE 19 R
MOVE 19
ROTATE 18 R
ROTATE 18 L
ROTATE 18 R
ROTATE 16 R
ROTATE 16 R
ROTATE 16 L
ROTATE 15 R
ROTATE 15 L
ROTATE 15 R
SHOOT 14
SHOOT 14
SHOOT 14
MOVE 11
MOVE 11
ROTATE 11 L
ROTATE 9 R
ROTATE 9 L
ROTATE 9 L
ROTATE 7 R
ROTATE 7 L
ROTATE 7 L
ROTATE 6 R
ROTATE 6 L
ROTATE 6 L
SHOOT 3
SHOOT 3
MOVE 2
ROTATE 2 R
DIG 0
DIG 0
END

Player2
MOVE 56
MOVE 56
ROTATE 56 L
ROTATE 45 R
ROTATE 45 R
ROTATE 45 L
ROTATE 43 L
ROTATE 43 R
ROTATE 43 L
ROTATE 42 R
ROTATE 42 L
ROTATE 42 L
ROTATE 39 L
ROTATE 39 L
MOVE 39
MOVE 37
ROTATE 37 L
ROTATE 37 L
ROTATE 36 L
MOVE 36
MOVE 36
ROTATE 32 L
ROTATE 32 R
ROTATE 32 L
ROTATE 30 R
MOVE 30
MOVE 30
MOVE 28
ROTATE 28 R
ROTATE 28 R
ROTATE 27 R
ROTATE 27 L
ROTATE 27 L
ROTATE 24 L
ROTATE 24 R
ROTATE 24 L
ROTATE 23 L
MOVE 23
ROTATE 23 L
ROTATE 22 L
MOVE 22
ROTATE 17 R
ROTATE 17 L
ROTATE 17 R
ROTATE 13 L
MOVE 13
ROTATE 13 L
MOVE 12
MOVE 12
ROTATE 12 R
ROTATE 10 R
ROTATE 10 L
ROTATE 10 L
ROTATE 8 R
MOVE 8
MOVE 5
MOVE 5
ROTATE 4 L
MOVE 4
DIG 1
DIG 1
BUILD 2 5 1 3
BUILD 3 6 1 2
END

Player1
ROTATE 54 L
ROTATE 54 L
ROTATE 54 R
ROTATE 53 L
ROTATE 53 R
ROTATE 53 L
ROTATE 52 L
ROTATE 52 R
ROTATE 52 R
ROTATE 49 R
MOVE 49
ROTATE 49 L
ROTATE 46 L
ROTATE 46 L
ROTATE 46 L
ROTATE 44 R
ROTATE 44 L
ROTATE 44 R
ROTATE 41 L
ROTATE 41 R
ROTATE 41 L
ROTATE 40 R
ROTATE 40 L
ROTATE 40 R
ROTATE 38 L
ROTATE 38 L
ROTATE 38 L
ROTATE 35 L
MOVE 35
ROTATE 35 R
SHOOT 34
SHOOT 34
SHOOT 34
ROTATE 33 L
ROTATE 33 L
ROTATE 33 L
ROTATE 31 R
ROTATE 31 L
ROTATE 31 R
ROTATE 29 R
ROTATE 29 L
ROTATE 29 R
WORKSHOP 5 4
ROTATE 26 R
ROTATE 26 R
ROTATE 26 R
DIG 25
ROTATE 25 L
MOVE 25
ROTATE 21 R
ROTATE 21 R
ROTATE 21 L
ROTATE 20 R
ROTATE 20 R
ROTATE 20 R
ROTATE 19 R
ROTATE 19 R
ROTATE 19 L
ROTATE 18 R
MOVE 18
MOVE 18
ROTATE 16 L
ROTATE 16 R
ROTATE 16 R
MOVE 15
ROTATE 15 L
ROTATE 15 R
SHOOT 14
SHOOT 14
SHOOT 14
ROTATE 11 R
ROTATE 11 L
ROTATE 11 L
ROTATE 9 R
ROTATE 9 R
ROTATE 9 R
ROTATE 7 L
ROTATE 7 R
ROTATE 7 L
ROTATE 6 R
ROTATE 6 R
ROTATE 6 L
SHOOT 3
SHOOT 3
ROTATE 2 L
ROTATE 2 L
DIG 0
DIG 0
END

Player2
ROTATE 58 R
ROTATE 58 L
ROTATE 58 R
ROTATE 56 R
ROTATE 56 L
ROTATE 56 L
MOVE 45
ROTATE 45 L
MOVE 45
ROTATE 43 R
ROTATE 43 R
ROTATE 43 R
ROTATE 42 L
MOVE 42
MOVE 42
ROTATE 39 L
ROTATE 39 R
ROTATE 39 R
WORKSHOP 4 5
ROTATE 37 L
WORKSHOP 4 5
ROTATE 37 R
ROTATE 37 L
ROTATE 36 L
MOVE 36
ROTATE 36 R
ROTATE 32 L
ROTATE 32 L
ROTATE 32 R
ROTATE 30 R
ROTATE 30 L
ROTATE 30 R
ROTATE 28 L
ROTATE 28 R
ROTATE 28 L
ROTATE 27 R
ROTATE 27 L
ROTATE 27 L
ROTATE 24 R
MOVE 24
MOVE 24
ROTATE 23 L
ROTATE 23 L
ROTATE 23 L
ROTATE 22 L
ROTATE 22 L
MOVE 17
ROTATE 17 L
MOVE 17
MOVE 13
ROTATE 13 L
MOVE 13
ROTATE 12 R
MOVE 12
ROTATE 12 R
ROTATE 10 L
ROTATE 10 R
ROTATE 10 R
ROTATE 8 R
ROTATE 8 R
ROTATE 5 L
ROTATE 5 L
DIG 4
DIG 4
DIG 1
DIG 1
END

Player1
ROTATE 54 R
ROTATE 54 R
ROTATE 54 R
ROTATE 53 L
ROTATE 53 L
ROTATE 53 L
ROTATE 52 R
ROTATE 52 R
ROTATE 52 R
ROTATE 49 L
ROTATE 49 R
ROTATE 49 R
ROTATE 46 L
ROTATE 46 R
ROTATE 46 R
ROTATE 44 L
ROTATE 44 R
ROTATE 44 L
ROTATE 41 L
ROTATE 41 L
ROTATE 41 R
ROTATE 40 R
ROTATE 40 L
ROTATE 40 R
ROTATE 38 R
ROTATE 38 L
ROTATE 38 L
ROTATE 35 R
ROTATE 35 L
ROTATE 35 L
SHOOT 34
SHOOT 34
SHOOT 34
ROTATE 33 L
ROTATE 33 R
ROTATE 33 R
MOVE 31
ROTATE 31 R
ROTATE 31 R
ROTATE 29 R
ROTATE 29 R
ROTATE 29 L
ROTATE 26 L
ROTATE 26 R
ROTATE 26 L
ROTATE 25 L
DIG 25
ROTATE 25 L
ROTATE 21 R
ROTATE 21 R
SHOOT 21
ROTATE 20 R
ROTATE 20 R
ROTATE 20 L
ROTATE 19 R
ROTATE 19 L
ROTATE 19 L
ROTATE 18 L
ROTATE 18 R
ROTATE 18 R
MOVE 16
DIG 16
ROTATE 16 L
ROTATE 15 R
ROTATE 15 R
MOVE 15
SHOOT 14
SHOOT 14
SHOOT 14
MOVE 11
ROTATE 11 L
ROTATE 11 L
ROTATE 9 R
ROTATE 9 L
ROTATE 9 R
ROTATE 7 L
ROTATE 7 L
ROTATE 7 L
ROTATE 6 R
ROTATE 6 R
ROTATE 6 L
SHOOT 3
SHOOT 3
ROTATE 2 L
MOVE 2
DIG 0
DIG 0
END

Player2
ROTATE 58 R
ROTATE 58 L
ROTATE 58 L
ROTATE 56 R
ROTATE 56 L
ROTATE 56 R
MOVE 45
WORKSHOP 6 4
WORKSHOP 7 3
ROTATE 45 R
ROTATE 45 L
ROTATE 43 R
MOVE 43
ROTATE 43 R
ROTATE 42 R
ROTATE 42 L
ROTATE 42 R
ROTATE 39 R
ROTATE 39 L
ROTATE 39 L
MOVE 37
ROTATE 37 L
ROTATE 37 R
ROTATE 36 L
ROTATE 36 R
ROTATE 36 R
ROTATE 32 L
ROTATE 32 R
ROTATE 32 L
ROTATE 30 L
ROTATE 30 L
MOVE 30
ROTATE 28 L
ROTATE 28 R
ROTATE 28 R
ROTATE 27 L
ROTATE 27 L
ROTATE 27 L
ROTATE 24 L
ROTATE 24 R
ROTATE 24 L
ROTATE 23 L
ROTATE 23 L
ROTATE 23 R
ROTATE 22 L
MOVE 22
ROTATE 17 L
MOVE 17
ROTATE 17 L
ROTATE 13 R
MOVE 13
ROTATE 13 L
ROTATE 12 R
MOVE 12
ROTATE 12 L
ROTATE 10 L
ROTATE 10 R
ROTATE 10 L
ROTATE 8 L
ROTATE 8 R
MOVE 5
MOVE 5
DIG 4
DIG 4
DIG 1
DIG 1
END

Player1
ROTATE 54 R
ROTATE 54 R
ROTATE 54 R
ROTATE 53 L
ROTATE 53 L
ROTATE 53 R
ROTATE 52 R
ROTATE 52 R
ROTATE 52 R
ROTATE 49 L
ROTATE 49 R
ROTATE 49 L
ROTATE 46 L
ROTATE 46 L
ROTATE 46 L
ROTATE 44 R
ROTATE 44 R
ROTATE 44 R
ROTATE 41 L
ROTATE 41 L
ROTATE 41 R
ROTATE 40 R
ROTATE 40 L
ROTATE 40 L
ROTATE 38 R
ROTATE 38 L
ROTATE 38 R
ROTATE 35 L
ROTATE 35 L
ROTATE 35 L
SHOOT 34
SHOOT 34
SHOOT 34
ROTATE 33 L
ROTATE 33 R
ROTATE 33 L
MOVE 31
ROTATE 31 R
ROTATE 31 L
ROTATE 29 L
ROTATE 29 R
ROTATE 29 R
MOVE 26
ROTATE 26 R
MOVE 26
ROTATE 25 L
ROTATE 25 R
ROTATE 25 R
SHOOT 21
SHOOT 21
SHOOT 21
ROTATE 20 L
ROTATE 20 R
ROTATE 20 R
ROTATE 19 R
ROTATE 19 L
ROTATE 19 R
ROTATE 18 L
ROTATE 18 R
ROTATE 18 R
ROTATE 16 R
ROTATE 16 L
ROTATE 16 R
MOVE 15
ROTATE 15 R
ROTATE 15 L
SHOOT 14
SHOOT 14
SHOOT 14
MOVE 11
MOVE 11
ROTATE 11 R
ROTATE 9 L
ROTATE 9 L
ROTATE 9 R
ROTATE 7 R
ROTATE 7 L
ROTATE 7 R
ROTATE 6 R
ROTATE 6 R
ROTATE 6 R
SHOOT 3
SHOOT 3
MOVE 2
ROTATE 2 R
DIG 0
DIG 0
BUILD 5 5 1 4
END

Player2
ROTATE 58 L
MOVE 58
WORKSHOP 2 7
MOVE 58
ROTATE 56 R
ROTATE 56 R
ROTATE 56 L
ROTATE 45 L
ROTATE 45 R
ROTATE 45 L
DIG 43
ROTATE 43 R
ROTATE 43 R
ROTATE 42 L
ROTATE 42 L
ROTATE 42 R
ROTATE 39 L
ROTATE 39 L
ROTATE 39 R
ROTATE 37 L
ROTATE 37 R
ROTATE 37 L
ROTATE 36 R
ROTATE 36 L
ROTATE 36 R
ROTATE 32 L
ROTATE 32 R
ROTATE 32 R
MOVE 30
ROTATE 30 R
ROTATE 30 R
ROTATE 28 L
ROTATE 28 R
ROTATE 28 R
ROTATE 27 L
ROTATE 27 R
ROTATE 27 R
ROTATE 24 L
ROTATE 24 L
ROTATE 24 L
ROTATE 23 L
ROTATE 23 L
ROTATE 23 L
MOVE 22
ROTATE 22 R
ROTATE 17 R
ROTATE 17 L
ROTATE 17 R
ROTATE 13 R
ROTATE 13 R
ROTATE 13 L
ROTATE 12 L
ROTATE 12 R
ROTATE 12 R
ROTATE 10 L
ROTATE 10 L
ROTATE 10 L
ROTATE 8 L
ROTATE 8 R
ROTATE 5 R
DIG 5
DIG 4
DIG 4
DIG 1
DIG 1
END

Player1
ROTATE 59 L
SHOOT 59
SHOOT 59
ROTATE 54 R
ROTATE 54 L
ROTATE 54 R
ROTATE 53 R
ROTATE 53 R
ROTATE 53 R
ROTATE 52 L
ROTATE 52 R
ROTATE 52 R
ROTATE 49 L
ROTATE 49 R
ROTATE 49 L
ROTATE 46 R
ROTATE 46 L
ROTATE 46 R
ROTATE 44 R
ROTATE 44 R
ROTATE 44 L
ROTATE 41 R
ROTATE 41 R
ROTATE 41 L
ROTATE 40 R
ROTATE 40 R
ROTATE 40 L
ROTATE 38 L
ROTATE 38 L
ROTATE 38 R
ROTATE 35 R
ROTATE 35 R
ROTATE 35 L
SHOOT 34
SHOOT 34
SHOOT 34
ROTATE 33 R
ROTATE 33 L
ROTATE 33 R
ROTATE 31 R
ROTATE 31 R
MOVE 31
ROTATE 29 L
ROTATE 29 L
ROTATE 29 L
ROTATE 26 R
MOVE 26
MOVE 26
ROTATE 25 R
ROTATE 25 L
ROTATE 25 L
SHOOT 21
SHOOT 21
SHOOT 21
ROTATE 20 R
ROTATE 20 R
ROTATE 20 L
ROTATE 19 R
ROTATE 19 R
MOVE 19
MOVE 18
ROTATE 18 R
ROTATE 18 R
ROTATE 16 L
MOVE 16
MOVE 16
ROTATE 15 R
ROTATE 15 R
ROTATE 15 R
SHOOT 14
SHOOT 14
SHOOT 14
ROTATE 11 L
ROTATE 11 R
ROTATE 11 R
ROTATE 9 L
ROTATE 9 R
ROTATE 9 R
ROTATE 7 R
ROTATE 7 R
ROTATE 7 L
ROTATE 6 R
ROTATE 6 L
ROTATE 6 R
SHOOT 3
SHOOT 3
ROTATE 2 L
ROTATE 2 L
MOVE 0
DIG 0
BUILD 9 1 2 4
END

Player2
ROTATE 58 R
ROTATE 58 L
ROTATE 58 L
ROTATE 56 L
ROTATE 56 L
ROTATE 56 L
ROTATE 45 L
MOVE 45
MOVE 45
MOVE 43
ROTATE 43 R
ROTATE 43 L
ROTATE 42 L
ROTATE 42 R
ROTATE 42 R
ROTATE 39 L
ROTATE 39 L
ROTATE 39 L
ROTATE 37 R
ROTATE 37 R
MOVE 37
ROTATE 36 L
MOVE 36
ROTATE 36 R
ROTATE 32 L
ROTATE 32 R
ROTATE 32 R
MOVE 30
MOVE 30
ROTATE 30 L
ROTATE 28 R
ROTATE 28 L
ROTATE 28 L
ROTATE 27 R
ROTATE 27 R
ROTATE 27 R
ROTATE 24 L
ROTATE 24 L
ROTATE 24 L
ROTATE 23 L
ROTATE 23 L
ROTATE 23 L
ROTATE 22 L
ROTATE 22 L
ROTATE 17 R
ROTATE 17 R
MOVE 17
ROTATE 13 R
ROTATE 13 R
ROTATE 13 L
MOVE 12
MOVE 12
ROTATE 12 L
MOVE 10
ROTATE 10 R
ROTATE 10 L
ROTATE 8 L
ROTATE 8 L
DIG 5
DIG 5
DIG 4
DIG 4
DIG 1
DIG 1
BUILD 6 5 1 2
BUILD 6 3 1 4
END

Player1
ROTATE 60 R
ROTATE 60 L
SHOOT 59
SHOOT 59
SHOOT 59
ROTATE 54 L
ROTATE 54 L
ROTATE 54 L
ROTATE 53 R
ROTATE 53 L
ROTATE 53 L
ROTATE 52 R
ROTATE 52 L
ROTATE 52 R
ROTATE 49 R
ROTATE 49 L
ROTATE 49 L
ROTATE 46 L
ROTATE 46 L
ROTATE 46 R
ROTATE 44 L
ROTATE 44 R
ROTATE 44 L
ROTATE 41 L
ROTATE 41 R
ROTATE 41 R
ROTATE 40 R
ROTATE 40 L
ROTATE 40 L
ROTATE 38 L
ROTATE 38 R
ROTATE 38 R
ROTATE 35 R
ROTATE 35 R
ROTATE 35 R
SHOOT 34
SHOOT 34
SHOOT 34
ROTATE 33 L
ROTATE 33 R
ROTATE 33 R
ROTATE 31 L
ROTATE 31 L
ROTATE 31 L
ROTATE 29 R
ROTATE 29 L
ROTATE 29 L
ROTATE 26 L
ROTATE 26 R
ROTATE 26 R
MOVE 25
MOVE 25
ROTATE 25 R
SHOOT 21
SHOOT 21
SHOOT 21
MOVE 20
ROTATE 20 R
ROTATE 20 R
ROTATE 19 L
ROTATE 19 L
ROTATE 19 L
MOVE 18
ROTATE 18 R
ROTATE 18 L
ROTATE 16 R
MOVE 16
ROTATE 16 L
MOVE 15
DIG 15
ROTATE 15 L
MOVE 14
SHOOT 14
SHOOT 14
MOVE 11
ROTATE 11 R
ROTATE 11 L
ROTATE 9 L
ROTATE 9 L
ROTATE 9 R
ROTATE 7 R
ROTATE 7 R
ROTATE 7 L
ROTATE 6 R
ROTATE 6 R
ROTATE 6 L
MOVE 3
ROTATE 3 L
ROTATE 2 R
MOVE 2
DIG 0
DIG 0
BUILD 1 3 1 1
END

Player2
SHOOT 62
SHOOT 62
SHOOT 62
SHOOT 61
SHOOT 61
SHOOT 61
MOVE 58
MOVE 58
ROTATE 58 L
ROTATE 56 L
ROTATE 56 L
ROTATE 56 L
ROTATE 45 L
ROTATE 45 R
ROTATE 45 R
ROTATE 43 R
ROTATE 43 L
ROTATE 43 R
ROTATE 42 L
ROTATE 42 R
ROTATE 42 L
ROTATE 39 L
ROTATE 39 L
ROTATE 39 L
ROTATE 37 L
ROTATE 37 L
ROTATE 37 R
MOVE 36
ROTATE 36 R
ROTATE 36 R
ROTATE 32 L
ROTATE 32 L
ROTATE 32 L
MOVE 30
ROTATE 30 L
MOVE 30
ROTATE 28 L
ROTATE 28 R
ROTATE 28 L
ROTATE 27 R
ROTATE 27 L
ROTATE 27 R
ROTATE 24 L
ROTATE 24 L
ROTATE 24 R
ROTATE 23 L
ROTATE 23 L
ROTATE 23 R
MOVE 22
MOVE 22
ROTATE 17 L
ROTATE 17 R
ROTATE 17 R
ROTATE 13 R
MOVE 13
MOVE 13
ROTATE 12 L
ROTATE 12 L
DIG 12
ROTATE 10 R
ROTATE 10 L
ROTATE 10 R
ROTATE 8 R
ROTATE 8 R
DIG 5
DIG 5
DIG 4
DIG 4
DIG 1
DIG 1
END

Player1
ROTATE 63 L
ROTATE 63 R
ROTATE 63 R
ROTATE 60 L
ROTATE 60 R
ROTATE 54 R
ROTATE 54 L
ROTATE 54 L
ROTATE 53 L
ROTATE 53 R
ROTATE 53 L
ROTATE 52 L
ROTATE 52 R
ROTATE 52 L
ROTATE 49 R
ROTATE 49 L
ROTATE 49 R
ROTATE 46 R
ROTATE 46 L
ROTATE 46 L
ROTATE 44 L
ROTATE 44 R
ROTATE 44 R
ROTATE 41 L
ROTATE 41 R
ROTATE 41 R
ROTATE 40 L
ROTATE 40 R
ROTATE 40 L
ROTATE 38 R
ROTATE 38 L
ROTATE 38 R
ROTATE 35 L
ROTATE 35 R
ROTATE 35 R
ROTATE 34 R
ROTATE 34 L
ROTATE 34 R
ROTATE 33 R
ROTATE 33 L
ROTATE 33 R
ROTATE 31 R
ROTATE 31 L
ROTATE 31 L
ROTATE 29 L
ROTATE 29 R
ROTATE 29 L
ROTATE 25 R
ROTATE 25 L
ROTATE 25 R
SHOOT 21
SHOOT 21
SHOOT 21
ROTATE 20 R
ROTATE 20 R
ROTATE 20 L
MOVE 19
ROTATE 19 L
ROTATE 19 R
ROTATE 18 R
ROTATE 18 L
ROTATE 18 R
ROTATE 16 R
ROTATE 16 L
ROTATE 16 R
ROTATE 15 R
ROTATE 15 R
ROTATE 15 R
SHOOT 14
SHOOT 14
SHOOT 14
ROTATE 11 L
ROTATE 11 R
ROTATE 11 R
ROTATE 9 R
ROTATE 9 L
ROTATE 9 L
ROTATE 7 R
ROTATE 7 R
ROTATE 7 L
ROTATE 6 L
ROTATE 6 R
ROTATE 6 L
ROTATE 3 R
ROTATE 3 L
ROTATE 2 R
ROTATE 2 L
DIG 0
DIG 0
BUILD 5 5 1 2
BUILD 5 3 1 4
END

Player2
SHOOT 62
SHOOT 62
SHOOT 62
SHOOT 61
SHOOT 61
SHOOT 61
ROTATE 58 R
ROTATE 58 R
DIG 58
MOVE 56
SHOOT 56
SHOOT 56
MOVE 45
ROTATE 45 R
ROTATE 45 L
ROTATE 43 R
ROTATE 43 R
ROTATE 43 L
MOVE 42
ROTATE 42 L
ROTATE 42 L
ROTATE 39 L
ROTATE 39 R
ROTATE 39 L
MOVE 37
ROTATE 37 R
MOVE 37
ROTATE 36 L
ROTATE 36 R
ROTATE 36 R
ROTATE 32 R
ROTATE 32 R
ROTATE 32 R
ROTATE 28 L
ROTATE 28 R
ROTATE 28 R
ROTATE 27 R
ROTATE 27 L
ROTATE 27 L
ROTATE 24 L
ROTATE 24 L
ROTATE 24 L
ROTATE 23 R
ROTATE 23 R
ROTATE 23 L
ROTATE 22 L
ROTATE 22 L
ROTATE 17 R
ROTATE 17 L
ROTATE 17 R
ROTATE 13 L
ROTATE 13 L
MOVE 13
ROTATE 12 L
ROTATE 12 R
ROTATE 12 L
ROTATE 10 R
MOVE 10
ROTATE 10 R
ROTATE 8 R
ROTATE 8 L
DIG 5
DIG 5
ROTATE 4 R
ROTATE 4 R
DIG 1
DIG 1
BUILD 4 6 1 2
END

Player1
ROTATE 65 R
SHOOT 65
SHOOT 65
DIG 63
ROTATE 63 L
ROTATE 63 R
ROTATE 60 R
ROTATE 60 R
ROTATE 54 L
ROTATE 54 L
ROTATE 54 R
ROTATE 53 L
ROTATE 53 L
ROTATE 53 L
ROTATE 52 L
ROTATE 52 R
ROTATE 52 R
ROTATE 49 R
ROTATE 49 L
ROTATE 49 L
ROTATE 46 R
ROTATE 46 L
ROTATE 46 L
ROTATE 44 L
ROTATE 44 R
ROTATE 44 R
MOVE 41
ROTATE 41 R
ROTATE 41 R
ROTATE 40 L
ROTATE 40 R
ROTATE 40 R
ROTATE 38 L
ROTATE 38 R
ROTATE 38 L
MOVE 35
ROTATE 35 L
ROTATE 35 L
ROTATE 34 R
ROTATE 34 R
ROTATE 34 R
ROTATE 33 R
ROTATE 33 L
ROTATE 33 R
ROTATE 31 R
ROTATE 31 L
ROTATE 31 R
ROTATE 29 R
ROTATE 29 R
ROTATE 29 R
ROTATE 25 R
ROTATE 25 R
MOVE 25
SHOOT 21
SHOOT 21
SHOOT 21
ROTATE 20 R
MOVE 20
ROTATE 20 L
ROTATE 19 R
ROTATE 19 R
ROTATE 19 L
MOVE 18
ROTATE 18 R
ROTATE 18 R
ROTATE 16 L
ROTATE 16 L
ROTATE 16 R
ROTATE 15 R
ROTATE 15 R
ROTATE 15 R
SHOOT 14
SHOOT 14
SHOOT 14
MOVE 11
ROTATE 11 L
ROTATE 11 R
ROTATE 9 R
ROTATE 9 L
ROTATE 9 R
ROTATE 7 R
ROTATE 7 L
ROTATE 7 L
ROTATE 6 R
ROTATE 6 R
ROTATE 6 L
ROTATE 3 R
ROTATE 3 L
ROTATE 2 R
ROTATE 2 L
DIG 0
DIG 0
END

Player2
MOVE 66
ROTATE 66 L
MOVE 66
SHOOT 62
SHOOT 62
SHOOT 62
MOVE 61
ROTATE 61 L
MOVE 61
MOVE 58
ROTATE 58 R
ROTATE 58 R
ROTATE 45 R
ROTATE 45 R
MOVE 45
ROTATE 43 L
ROTATE 43 L
ROTATE 43 L
MOVE 42
ROTATE 42 L
ROTATE 42 R
ROTATE 39 L
ROTATE 39 L
ROTATE 39 L
ROTATE 37 L
ROTATE 37 R
ROTATE 37 L
ROTATE 36 L
ROTATE 36 R
ROTATE 36 L
ROTATE 32 L
ROTATE 32 L
ROTATE 32 L
ROTATE 28 R
ROTATE 28 R
ROTATE 28 R
ROTATE 27 L
ROTATE 27 L
ROTATE 27 R
ROTATE 24 L
ROTATE 24 R
ROTATE 24 R
ROTATE 23 R
ROTATE 23 R
ROTATE 23 L
MOVE 22
ROTATE 22 L
MOVE 17
ROTATE 17 L
ROTATE 17 R
ROTATE 13 R
MOVE 13
ROTATE 13 L
ROTATE 12 R
ROTATE 12 L
ROTATE 12 L
ROTATE 10 R
ROTATE 10 R
ROTATE 10 L
ROTATE 8 L
ROTATE 8 R
DIG 5
DIG 5
MOVE 4
ROTATE 4 L
ROTATE 1 R
ROTATE 1 L
BUILD 7 4 2 1
BUILD 6 5 2 1
END

Player1
SHOOT 65
SHOOT 65
SHOOT 65
ROTATE 63 L
MOVE 63
ROTATE 63 L
ROTATE 60 L
ROTATE 60 L
ROTATE 54 L
ROTATE 54 R
ROTATE 54 R
ROTATE 53 L
ROTATE 53 R
ROTATE 53 R
ROTATE 52 R
ROTATE 52 R
ROTATE 52 R
ROTATE 49 L
ROTATE 49 L
ROTATE 49 R
ROTATE 46 L
ROTATE 46 R
ROTATE 46 R
ROTATE 44 L
ROTATE 44 L
ROTATE 44 L
MOVE 41
ROTATE 41 R
ROTATE 41 L
ROTATE 40 R
ROTATE 40 R
MOVE 40
ROTATE 38 L
ROTATE 38 R
ROTATE 38 L
ROTATE 35 L
ROTATE 35 L
MOVE 35
ROTATE 34 L
ROTATE 34 L
ROTATE 34 L
ROTATE 33 L
ROTATE 33 L
ROTATE 33 L
ROTATE 31 L
ROTATE 31 L
ROTATE 31 R
ROTATE 29 R
ROTATE 29 R
ROTATE 29 R
ROTATE 25 R
SHOOT 25
SHOOT 25
SHOOT 21
SHOOT 21
SHOOT 21
ROTATE 20 R
ROTATE 20 R
ROTATE 20 L
ROTATE 19 L
ROTATE 19 L
ROTATE 19 R
ROTATE 18 L
MOVE 18
ROTATE 18 L
ROTATE 16 R
ROTATE 16 R
ROTATE 16 L
ROTATE 15 R
ROTATE 15 R
MOVE 15
SHOOT 14
SHOOT 14
SHOOT 14
ROTATE 9 R
ROTATE 9 L
ROTATE 9 R
ROTATE 7 R
ROTATE 7 L
ROTATE 7 R
MOVE 6
ROTATE 6 R
ROTATE 6 R
ROTATE 3 L
MOVE 3
ROTATE 2 R
ROTATE 2 R
DIG 0
DIG 0
BUILD 1 3 1 1
END

Player2
ROTATE 67 L
ROTATE 67 L
MOVE 61
MOVE 61
ROTATE 61 R
ROTATE 58 R
ROTATE 58 R
ROTATE 58 L
ROTATE 45 L
ROTATE 45 R
ROTATE 45 R
MOVE 43
ROTATE 43 R
ROTATE 43 R
ROTATE 42 L
ROTATE 42 L
MOVE 42
ROTATE 39 L
ROTATE 39 R
ROTATE 39 R
ROTATE 37 R
ROTATE 37 L
ROTATE 37 L
ROTATE 36 R
ROTATE 36 R
ROTATE 36 R
ROTATE 32 L
MOVE 32
ROTATE 32 L
ROTATE 28 R
ROTATE 28 R
ROTATE 28 L
ROTATE 27 L
ROTATE 27 L
ROTATE 27 L
ROTATE 24 L
ROTATE 24 L
ROTATE 24 L
ROTATE 23 R
ROTATE 23 R
ROTATE 23 R
ROTATE 22 L
ROTATE 22 L
ROTATE 17 L
ROTATE 17 R
ROTATE 17 R
ROTATE 13 L
ROTATE 13 R
ROTATE 13 R
MOVE 12
ROTATE 12 L
ROTATE 12 R
ROTATE 10 L
ROTATE 10 R
ROTATE 10 R
ROTATE 8 L
ROTATE 8 L
DIG 5
ROTATE 5 L
MOVE 4
ROTATE 4 L
ROTATE 1 R
ROTATE 1 R
END

Player1
ROTATE 68 L
ROTATE 68 R
ROTATE 68 R
MOVE 65
ROTATE 65 L
MOVE 65
ROTATE 63 R
ROTATE 63 L
ROTATE 63 R
ROTATE 60 R
ROTATE 60 L
ROTATE 54 L
ROTATE 54 R
ROTATE 54 L
ROTATE 53 R
ROTATE 53 L
ROTATE 53 R
ROTATE 52 R
ROTATE 52 R
ROTATE 52 L
ROTATE 49 R
ROTATE 49 L
ROTATE 49 R
ROTATE 46 R
ROTATE 46 L
ROTATE 46 R
ROTATE 44 R
MOVE 44
DIG 44
ROTATE 41 R
ROTATE 41 R
ROTATE 41 L
MOVE 40
ROTATE 40 L
ROTATE 40 L
ROTATE 38 L
ROTATE 38 L
ROTATE 38 R
ROTATE 35 L
ROTATE 35 R
ROTATE 35 L
ROTATE 34 L
SHOOT 34
SHOOT 34
ROTATE 33 L
ROTATE 33 R
ROTATE 33 L
MOVE 31
MOVE 31
ROTATE 31 R
ROTATE 29 L
ROTATE 29 L
ROTATE 29 L
ROTATE 25 L
ROTATE 25 L
ROTATE 25 R
SHOOT 21
SHOOT 21
SHOOT 21
MOVE 20
MOVE 20
ROTATE 20 R
ROTATE 19 L
ROTATE 19 L
MOVE 19
ROTATE 18 R
ROTATE 18 L
ROTATE 18 R
ROTATE 16 L
MOVE 16
ROTATE 16 R
ROTATE 15 R
ROTATE 15 R
MOVE 15
MOVE 14
SHOOT 14
SHOOT 14
ROTATE 9 L
ROTATE 9 R
ROTATE 9 R
ROTATE 7 L
ROTATE 7 L
ROTATE 7 L
ROTATE 6 R
MOVE 6
ROTATE 6 L
ROTATE 3 R
ROTATE 3 R
ROTATE 2 L
ROTATE 2 R
DIG 0
DIG 0
BUILD 5 5 1 3
END

Player2
WORKSHOP 7 3
ROTATE 67 L
WORKSHOP 7 3
ROTATE 67 L
ROTATE 61 R
SHOOT 61
SHOOT 61
ROTATE 58 L
ROTATE 58 L
ROTATE 58 L
ROTATE 45 L
ROTATE 45 L
ROTATE 45 L
ROTATE 43 L
ROTATE 43 R
ROTATE 43 R
ROTATE 42 L
SHOOT 42
SHOOT 42
ROTATE 39 L
ROTATE 39 L
ROTATE 39 R
ROTATE 37 L
ROTATE 37 R
ROTATE 37 R
ROTATE 36 R
ROTATE 36 R
ROTATE 36 R
ROTATE 32 R
ROTATE 32 R
ROTATE 32 L
ROTATE 28 L
ROTATE 28 R
ROTATE 28 L
ROTATE 27 L
ROTATE 27 R
ROTATE 27 R
ROTATE 24 R
ROTATE 24 L
ROTATE 24 L
ROTATE 23 R
ROTATE 23 L
ROTATE 23 R
SHOOT 22
SHOOT 22
MOVE 17
MOVE 17
ROTATE 17 R
SHOOT 13
SHOOT 13
SHOOT 13
ROTATE 12 L
ROTATE 12 R
ROTATE 12 R
ROTATE 10 L
MOVE 10
ROTATE 10 L
ROTATE 8 L
MOVE 8
ROTATE 5 L
ROTATE 5 L
ROTATE 4 R
ROTATE 4 L
ROTATE 1 L
ROTATE 1 R
END

Player1
DIG 68
ROTATE 68 L
ROTATE 68 L
ROTATE 65 R
ROTATE 65 L
ROTATE 65 R
ROTATE 63 R
ROTATE 63 R
ROTATE 63 L
ROTATE 60 R
ROTATE 60 R
ROTATE 54 L
ROTATE 54 R
ROTATE 54 R
ROTATE 53 R
MOVE 53
ROTATE 53 R
ROTATE 52 L
ROTATE 52 R
ROTATE 52 L
MOVE 49
ROTATE 49 R
ROTATE 49 R
ROTATE 46 R
ROTATE 46 R
ROTATE 46 L
ROTATE 44 L
ROTATE 44 R
ROTATE 44 R
ROTATE 41 L
ROTATE 41 R
ROTATE 41 R
ROTATE 40 L
ROTATE 40 L
ROTATE 40 R
ROTATE 38 L
ROTATE 38 L
ROTATE 38 L
ROTATE 35 R
MOVE 35
ROTATE 35 R
SHOOT 34
SHOOT 34
SHOOT 34
ROTATE 33 R
ROTATE 33 R
ROTATE 33 L
SHOOT 31
SHOOT 31
SHOOT 31
ROTATE 29 L
ROTATE 29 R
ROTATE 29 R
ROTATE 25 R
ROTATE 25 R
ROTATE 25 L
SHOOT 21
SHOOT 21
SHOOT 21
ROTATE 20 L
ROTATE 20 L
ROTATE 20 R
ROTATE 19 R
ROTATE 19 R
MOVE 19
ROTATE 18 L
ROTATE 18 R
ROTATE 18 R
MOVE 16
ROTATE 16 L
ROTATE 16 L
ROTATE 15 R
ROTATE 15 R
ROTATE 15 R
DIG 9
ROTATE 9 L
ROTATE 9 R
ROTATE 7 L
ROTATE 7 R
ROTATE 7 R
ROTATE 6 L
ROTATE 6 R
ROTATE 6 R
MOVE 3
SHOOT 3
ROTATE 2 R
ROTATE 2 R
DIG 0
DIG 0
BUILD 5 5 1 1
END

Player2
ROTATE 67 R
ROTATE 67 L
SHOOT 61
SHOOT 61
SHOOT 61
ROTATE 58 L
ROTATE 58 R
ROTATE 58 R
MOVE 45
ROTATE 45 R
ROTATE 45 R
ROTATE 43 L
ROTATE 43 R
ROTATE 43 R
ROTATE 42 R
ROTATE 42 R
ROTATE 42 R
ROTATE 39 R
ROTATE 39 L
ROTATE 39 L
MOVE 37
ROTATE 37 L
ROTATE 37 R
MOVE 36
ROTATE 36 L
ROTATE 36 L
ROTATE 32 R
ROTATE 32 L
ROTATE 32 L
ROTATE 28 L
ROTATE 28 R
ROTATE 28 L
ROTATE 27 R
ROTATE 27 L
ROTATE 27 R
MOVE 24
ROTATE 24 R
ROTATE 24 R
ROTATE 23 L
MOVE 23
ROTATE 23 R
SHOOT 22
SHOOT 22
ROTATE 17 R
MOVE 17
ROTATE 17 L
MOVE 13
MOVE 13
MOVE 13
ROTATE 12 L
ROTATE 12 L
ROTATE 12 R
ROTATE 10 R
ROTATE 10 R
MOVE 10
ROTATE 8 L
ROTATE 8 L
ROTATE 5 R
ROTATE 5 L
ROTATE 4 R
ROTATE 4 R
ROTATE 1 L
ROTATE 1 R
BUILD 6 5 2 3
BUILD 3 5 1 3
BUILD 4 6 1 4
END

Player1
ROTATE 68 L
ROTATE 68 R
ROTATE 68 R
ROTATE 65 L
ROTATE 65 L
ROTATE 65 L
ROTATE 63 L
ROTATE 63 R
ROTATE 63 R
ROTATE 60 R
ROTATE 60 L
ROTATE 54 L
ROTATE 54 R
ROTATE 54 R
ROTATE 53 L
ROTATE 53 L
ROTATE 53 L
ROTATE 52 R
ROTATE 52 R
ROTATE 52 R
MOVE 49
ROTATE 49 L
ROTATE 49 R
ROTATE 46 R
ROTATE 46 L
ROTATE 46 R
ROTATE 44 L
ROTATE 44 L
ROTATE 44 R
MOVE 41
ROTATE 41 L
ROTATE 41 R
ROTATE 40 R
ROTATE 40 L
ROTATE 40 L
ROTATE 38 L
ROTATE 38 R
ROTATE 38 L
ROTATE 35 L
ROTATE 35 R
ROTATE 35 L
ROTATE 34 R
ROTATE 34 L
ROTATE 34 L
ROTATE 33 R
ROTATE 33 L
ROTATE 33 R
SHOOT 31
SHOOT 31
SHOOT 31
ROTATE 29 L
ROTATE 29 L
ROTATE 29 L
ROTATE 25 R
ROTATE 25 R
ROTATE 25 R
SHOOT 21
SHOOT 21
SHOOT 21
ROTATE 20 R
ROTATE 20 R
MOVE 20
SHOOT 19
SHOOT 19
SHOOT 19
MOVE 18
ROTATE 18 L
ROTATE 18 R
ROTATE 16 L
ROTATE 16 L
ROTATE 16 L
ROTATE 15 R
ROTATE 15 L
ROTATE 15 R
DIG 9
ROTATE 9 L
ROTATE 9 L
ROTATE 7 R
ROTATE 7 L
ROTATE 7 R
ROTATE 6 R
ROTATE 6 R
ROTATE 6 R
SHOOT 3
SHOOT 3
ROTATE 2 R
ROTATE 2 L
DIG 0
DIG 0
BUILD 1 2 1 2
END

Player2
MOVE 71
DIG 71
MOVE 67
ROTATE 67 L
MOVE 61
SHOOT 61
SHOOT 61
ROTATE 58 R
MOVE 58
ROTATE 58 R
ROTATE 45 L
ROTATE 45 L
ROTATE 45 L
MOVE 43
ROTATE 43 R
ROTATE 43 R
ROTATE 42 L
ROTATE 42 R
ROTATE 42 R
ROTATE 39 R
ROTATE 39 L
ROTATE 39 L
ROTATE 37 L
ROTATE 37 L
ROTATE 37 L
ROTATE 36 R
ROTATE 36 R
ROTATE 36 L
ROTATE 32 L
ROTATE 32 R
ROTATE 32 R
ROTATE 28 R
ROTATE 28 L
ROTATE 28 R
ROTATE 27 L
ROTATE 27 L
ROTATE 27 L
ROTATE 24 R
ROTATE 24 R
ROTATE 24 L
ROTATE 23 L
ROTATE 23 L
ROTATE 23 R
MOVE 22
MOVE 22
ROTATE 17 L
MOVE 17
ROTATE 17 R
ROTATE 12 L
MOVE 12
ROTATE 12 L
ROTATE 10 R
ROTATE 10 R
MOVE 10
ROTATE 8 R
ROTATE 8 L
ROTATE 5 R
ROTATE 5 R
ROTATE 4 L
ROTATE 4 L
ROTATE 1 R
ROTATE 1 R
END

Player1
ROTATE 72 L
ROTATE 72 L
ROTATE 72 R
ROTATE 68 R
ROTATE 68 L
ROTATE 68 R
ROTATE 65 L
ROTATE 65 L
ROTATE 65 R
ROTATE 63 L
ROTATE 63 R
ROTATE 63 R
ROTATE 60 L
ROTATE 60 R
ROTATE 54 L
MOVE 54
ROTATE 54 L
ROTATE 53 L
ROTATE 53 R
ROTATE 53 R
MOVE 52
ROTATE 52 R
ROTATE 52 L
ROTATE 49 L
ROTATE 49 R
ROTATE 49 L
ROTATE 46 L
ROTATE 46 L
ROTATE 46 L
ROTATE 44 R
ROTATE 44 L
ROTATE 44 R
ROTATE 41 L
ROTATE 41 L
ROTATE 41 R
MOVE 40
ROTATE 40 R
ROTATE 40 R
ROTATE 38 R
ROTATE 38 R
ROTATE 38 R
ROTATE 35 L
ROTATE 35 L
ROTATE 35 R
ROTATE 34 R
ROTATE 34 L
ROTATE 34 L
ROTATE 33 R
ROTATE 33 L
ROTATE 33 L
SHOOT 31
SHOOT 31
SHOOT 31
ROTATE 29 R
ROTATE 29 R
ROTATE 29 R
ROTATE 25 L
ROTATE 25 R
ROTATE 25 R
SHOOT 21
SHOOT 21
SHOOT 21
ROTATE 20 L
ROTATE 20 R
ROTATE 20 L
MOVE 19
SHOOT 19
SHOOT 19
ROTATE 18 L
ROTATE 18 R
ROTATE 18 R
MOVE 16
ROTATE 16 L
ROTATE 16 L
ROTATE 15 R
ROTATE 15 L
ROTATE 15 L
ROTATE 9 R
ROTATE 9 R
DIG 9
ROTATE 7 R
ROTATE 7 L
ROTATE 7 R
ROTATE 6 R
MOVE 6
ROTATE 6 L
ROTATE 3 L
ROTATE 3 R
ROTATE 2 L
ROTATE 2 L
DIG 0
DIG 0
BUILD 0 1 2 4
BUILD 0 4 1 3
END

Player2
DIG 71
DIG 71
DIG 67
DIG 67
MOVE 61
ROTATE 61 L
MOVE 61
ROTATE 58 R
MOVE 58
ROTATE 58 R
ROTATE 45 L
ROTATE 45 R
ROTATE 45 R
ROTATE 43 R
MOVE 43
ROTATE 43 L
ROTATE 42 L
MOVE 42
ROTATE 42 L
ROTATE 39 R
ROTATE 39 R
ROTATE 39 R
MOVE 37
ROTATE 37 L
ROTATE 37 L
ROTATE 36 R
ROTATE 36 R
ROTATE 36 R
ROTATE 32 R
MOVE 32
MOVE 32
ROTATE 28 L
ROTATE 28 L
ROTATE 28 R
ROTATE 27 L
ROTATE 27 L
ROTATE 27 L
ROTATE 24 R
MOVE 24
MOVE 24
ROTATE 23 R
MOVE 23
MOVE 23
ROTATE 22 R
SHOOT 22
MOVE 17
ROTATE 17 R
ROTATE 17 R
ROTATE 12 R
ROTATE 12 R
ROTATE 12 L
ROTATE 10 L
MOVE 10
ROTATE 10 R
MOVE 8
ROTATE 8 R
MOVE 5
ROTATE 5 R
MOVE 4
MOVE 4
ROTATE 1 L
MOVE 1
END

Player1
ROTATE 74 L
DIG 74
ROTATE 74 R
ROTATE 73 R
ROTATE 73 L
ROTATE 72 R
ROTATE 72 R
ROTATE 72 L
ROTATE 68 R
ROTATE 68 R
ROTATE 68 R
ROTATE 65 R
ROTATE 65 L
ROTATE 65 R
ROTATE 63 L
ROTATE 63 R
ROTATE 63 L
ROTATE 60 R
ROTATE 60 R
ROTATE 54 R
ROTATE 54 R
ROTATE 54 R
ROTATE 53 L
ROTATE 53 L
MOVE 53
ROTATE 52 L
ROTATE 52 R
ROTATE 52 L
ROTATE 49 L
ROTATE 49 R
ROTATE 49 L
ROTATE 46 L
ROTATE 46 L
ROTATE 46 L
MOVE 44
ROTATE 44 L
ROTATE 44 L
ROTATE 41 R
ROTATE 41 R
ROTATE 41 R
ROTATE 40 R
ROTATE 40 R
ROTATE 40 L
ROTATE 38 L
ROTATE 38 L
ROTATE 38 L
ROTATE 35 L
ROTATE 35 L
MOVE 35
ROTATE 34 L
ROTATE 34 L
ROTATE 34 R
ROTATE 33 R
ROTATE 33 R
ROTATE 33 L
SHOOT 31
SHOOT 31
SHOOT 31
ROTATE 29 L
ROTATE 29 R
ROTATE 29 R
ROTATE 25 L
ROTATE 25 L
ROTATE 25 R
SHOOT 21
SHOOT 21
SHOOT 21
ROTATE 20 L
MOVE 20
ROTATE 20 L
MOVE 19
SHOOT 19
SHOOT 19
ROTATE 18 R
ROTATE 18 R
MOVE 18
MOVE 16
ROTATE 16 L
ROTATE 16 R
ROTATE 15 R
ROTATE 15 L
ROTATE 15 L
DIG 9
ROTATE 9 L
ROTATE 9 L
ROTATE 7 R
ROTATE 7 R
ROTATE 7 L
ROTATE 6 L
ROTATE 6 L
ROTATE 6 R
SHOOT 3
SHOOT 3
ROTATE 2 L
ROTATE 2 L
DIG 0
DIG 0
END

Player2
DIG 71
DIG 71
DIG 67
DIG 67
SHOOT 61
SHOOT 61
SHOOT 61
MOVE 58
MOVE 58
ROTATE 58 L
ROTATE 45 L
ROTATE 45 L
ROTATE 45 R
MOVE 43
MOVE 43
ROTATE 43 R
ROTATE 42 L
ROTATE 42 L
MOVE 42
ROTATE 39 L
ROTATE 39 R
ROTATE 39 R
ROTATE 37 L
ROTATE 37 L
ROTATE 37 L
ROTATE 36 R
ROTATE 36 R
ROTATE 36 L
ROTATE 32 R
ROTATE 32 L
ROTATE 32 L
ROTATE 28 R
ROTATE 28 R
ROTATE 28 L
ROTATE 27 L
ROTATE 27 L
ROTATE 27 L
ROTATE 24 L
MOVE 24
ROTATE 24 R
MOVE 23
ROTATE 23 R
ROTATE 23 L
SHOOT 22
SHOOT 22
MOVE 12
ROTATE 12 L
ROTATE 12 R
ROTATE 10 L
ROTATE 10 R
ROTATE 10 R
MOVE 8
ROTATE 8 R
ROTATE 5 L
ROTATE 5 L
ROTATE 4 L
DIG 4
MOVE 1
ROTATE 1 L
END

Player1
ROTATE 74 L
ROTATE 74 R
ROTATE 74 R
ROTATE 73 L
ROTATE 73 L
ROTATE 72 R
ROTATE 72 L
ROTATE 72 R
ROTATE 68 R
ROTATE 68 R
ROTATE 68 L
ROTATE 65 R
ROTATE 65 L
ROTATE 65 L
ROTATE 63 L
ROTATE 63 R
ROTATE 63 R
ROTATE 60 R
ROTATE 60 L
ROTATE 54 L
ROTATE 54 L
ROTATE 54 R
ROTATE 53 L
ROTATE 53 L
ROTATE 53 R
ROTATE 52 R
ROTATE 52 L
ROTATE 52 R
ROTATE 49 R
ROTATE 49 L
ROTATE 49 R
ROTATE 46 R
ROTATE 46 R
ROTATE 46 L
MOVE 44
ROTATE 44 R
ROTATE 44 R
ROTATE 41 R
ROTATE 41 L
ROTATE 41 L
ROTATE 40 R
MOVE 40
ROTATE 40 R
ROTATE 38 L
ROTATE 38 L
ROTATE 38 R
ROTATE 35 R
MOVE 35
ROTATE 35 L
ROTATE 34 R
ROTATE 34 L
ROTATE 34 R
ROTATE 33 R
ROTATE 33 R
ROTATE 33 R
SHOOT 31
SHOOT 31
SHOOT 31
ROTATE 29 L
ROTATE 29 R
ROTATE 29 L
ROTATE 25 L
ROTATE 25 L
ROTATE 25 L
SHOOT 21
SHOOT 21
SHOOT 21
MOVE 20
ROTATE 20 R
ROTATE 20 R
ROTATE 18 L
MOVE 18
ROTATE 18 L
ROTATE 16 L
ROTATE 16 R
ROTATE 16 L
ROTATE 15 R
ROTATE 15 L
ROTATE 15 L
ROTATE 9 R
ROTATE 9 L
ROTATE 9 R
ROTATE 7 R
ROTATE 7 R
ROTATE 7 R
ROTATE 6 L
ROTATE 6 L
MOVE 6
SHOOT 3
SHOOT 3
ROTATE 2 R
ROTATE 2 R
DIG 0
DIG 0
END

Player2
DIG 71
DIG 71
DIG 67
DIG 67
MOVE 61
MOVE 61
DIG 61
ROTATE 58 R
ROTATE 58 R
MOVE 58
ROTATE 45 L
ROTATE 45 R
ROTATE 45 R
ROTATE 43 R
MOVE 43
ROTATE 43 R
ROTATE 42 L
ROTATE 42 R
ROTATE 42 R
ROTATE 39 L
ROTATE 39 R
ROTATE 39 R
ROTATE 37 R
ROTATE 37 L
ROTATE 37 L
ROTATE 36 L
ROTATE 36 R
ROTATE 36 L
ROTATE 32 R
ROTATE 32 R
ROTATE 32 R
ROTATE 28 R
ROTATE 28 R
ROTATE 28 R
ROTATE 27 R
ROTATE 27 R
ROTATE 27 R
ROTATE 24 R
ROTATE 24 R
ROTATE 24 L
ROTATE 23 L
ROTATE 23 L
MOVE 23
SHOOT 22
SHOOT 22
MOVE 12
MOVE 12
MOVE 12
ROTATE 10 L
ROTATE 10 R
ROTATE 10 R
ROTATE 8 L
ROTATE 8 L
ROTATE 5 L
ROTATE 5 R
DIG 4
DIG 4
MOVE 1
ROTATE 1 R
END

Player1
ROTATE 74 L
ROTATE 74 L
ROTATE 74 R
ROTATE 73 L
MOVE 73
ROTATE 72 R
ROTATE 72 R
ROTATE 72 R
ROTATE 68 R
ROTATE 68 L
ROTATE 68 L
WORKSHOP 7 2
ROTATE 65 L
ROTATE 65 R
ROTATE 65 L
ROTATE 63 L
ROTATE 63 R
ROTATE 63 L
ROTATE 60 L
ROTATE 60 R
ROTATE 54 R
ROTATE 54 L
ROTATE 54 L
ROTATE 53 R
MOVE 53
ROTATE 53 L
ROTATE 52 R
ROTATE 52 L
ROTATE 52 L
MOVE 49
ROTATE 49 R
ROTATE 49 R
ROTATE 46 R
ROTATE 46 R
ROTATE 46 R
ROTATE 44 R
ROTATE 44 L
ROTATE 44 L
ROTATE 41 R
ROTATE 41 R
ROTATE 41 R
ROTATE 40 L
ROTATE 40 L
ROTATE 40 L
ROTATE 38 L
ROTATE 38 R
ROTATE 38 R
MOVE 35
ROTATE 35 R
ROTATE 35 R
ROTATE 34 L
ROTATE 34 R
ROTATE 34 L
ROTATE 33 L
ROTATE 33 L
ROTATE 33 L
SHOOT 31
SHOOT 31
SHOOT 31
ROTATE 29 L
ROTATE 29 L
ROTATE 29 L
ROTATE 25 R
ROTATE 25 L
ROTATE 25 L
SHOOT 21
SHOOT 21
SHOOT 21
ROTATE 20 L
ROTATE 20 R
ROTATE 20 R
ROTATE 18 L
ROTATE 18 L
ROTATE 18 R
ROTATE 16 L
MOVE 16
SHOOT 16
ROTATE 15 L
ROTATE 15 L
ROTATE 15 R
ROTATE 9 L
ROTATE 9 R
ROTATE 9 L
ROTATE 7 L
ROTATE 7 R
ROTATE 7 R
ROTATE 6 R
MOVE 6
ROTATE 6 L
SHOOT 3
SHOOT 3
ROTATE 2 L
ROTATE 2 R
DIG 0
DIG 0
END

Player2
DIG 71
DIG 71
DIG 67
DIG 67
ROTATE 61 L
ROTATE 61 L
MOVE 61
ROTATE 58 L
ROTATE 58 L
MOVE 58
ROTATE 45 L
ROTATE 45 R
ROTATE 45 L
MOVE 43
ROTATE 43 L
MOVE 43
MOVE 42
MOVE 42
MOVE 42
ROTATE 39 R
ROTATE 39 L
ROTATE 39 L
MOVE 37
MOVE 37
ROTATE 37 R
ROTATE 36 R
ROTATE 36 L
ROTATE 36 R
MOVE 32
ROTATE 32 R
ROTATE 32 L
ROTATE 28 L
ROTATE 28 R
ROTATE 28 L
ROTATE 27 R
ROTATE 27 R
ROTATE 27 R
ROTATE 24 R
ROTATE 24 L
ROTATE 24 R
ROTATE 23 L
ROTATE 23 L
ROTATE 23 L
SHOOT 22
SHOOT 22
ROTATE 12 R
ROTATE 12 R
MOVE 12
ROTATE 10 R
ROTATE 10 L
ROTATE 10 R
ROTATE 8 R
ROTATE 8 L
ROTATE 5 R
MOVE 5
DIG 4
DIG 4
ROTATE 1 L
ROTATE 1 R
BUILD 7 4 1 3
END

Player1
ROTATE 74 R
ROTATE 74 R
ROTATE 74 R
ROTATE 73 L
ROTATE 73 L
ROTATE 72 L
ROTATE 72 L
MOVE 72
ROTATE 68 L
MOVE 68
ROTATE 68 R
ROTATE 65 R
ROTATE 65 R
ROTATE 65 R
MOVE 63
ROTATE 63 R
ROTATE 63 R
ROTATE 60 R
ROTATE 60 L
ROTATE 54 L
ROTATE 54 L
ROTATE 54 R
ROTATE 53 L
ROTATE 53 R
ROTATE 53 L
ROTATE 52 L
MOVE 52
ROTATE 52 R
ROTATE 49 L
ROTATE 49 R
ROTATE 49 R
ROTATE 46 L
ROTATE 46 L
ROTATE 46 L
ROTATE 44 L
ROTATE 44 R
ROTATE 44 R
ROTATE 41 R
ROTATE 41 R
ROTATE 41 R
MOVE 40
ROTATE 40 R
ROTATE 40 R
ROTATE 38 L
ROTATE 38 R
ROTATE 38 L
ROTATE 35 R
ROTATE 35 L
ROTATE 35 R
ROTATE 34 L
ROTATE 34 L
ROTATE 34 R
ROTATE 33 L
ROTATE 33 L
ROTATE 33 L
SHOOT 31
SHOOT 31
SHOOT 31
ROTATE 29 L
ROTATE 29 R
ROTATE 29 L
ROTATE 25 R
ROTATE 25 L
ROTATE 25 L
SHOOT 21
SHOOT 21
SHOOT 21
ROTATE 20 L
ROTATE 20 R
ROTATE 20 L
ROTATE 18 L
ROTATE 18 R
ROTATE 18 L
SHOOT 16
SHOOT 16
SHOOT 16
ROTATE 15 R
ROTATE 15 R
MOVE 15
ROTATE 9 L
ROTATE 9 L
DIG 9
ROTATE 7 L
ROTATE 7 R
ROTATE 7 R
ROTATE 6 L
ROTATE 6 L
ROTATE 6 R
SHOOT 3
SHOOT 3
ROTATE 2 R
MOVE 2
DIG 0
DIG 0
END

Player2
ROTATE 75 L
ROTATE 75 R
ROTATE 75 L
DIG 71
ROTATE 71 L
DIG 67
DIG 67
ROTATE 58 R
ROTATE 58 L
ROTATE 58 L
ROTATE 45 L
ROTATE 45 L
ROTATE 45 L
ROTATE 43 L
MOVE 43
ROTATE 43 L
ROTATE 42 L
MOVE 42
MOVE 42
ROTATE 39 L
ROTATE 39 R
ROTATE 39 L
ROTATE 37 R
MOVE 37
ROTATE 37 L
ROTATE 36 L
ROTATE 36 L
ROTATE 36 R
ROTATE 32 L
ROTATE 32 L
ROTATE 32 L
ROTATE 28 L
ROTATE 28 L
ROTATE 28 L
ROTATE 27 R
ROTATE 27 L
ROTATE 27 R
ROTATE 24 L
ROTATE 24 L
ROTATE 24 L
ROTATE 23 L
ROTATE 23 L
MOVE 23
SHOOT 22
SHOOT 22
ROTATE 12 R
MOVE 12
MOVE 12
ROTATE 10 R
ROTATE 10 L
ROTATE 10 R
MOVE 8
ROTATE 8 R
ROTATE 5 L
ROTATE 5 R
DIG 4
DIG 4
MOVE 1
SHOOT 1
END

Player1
ROTATE 74 R
ROTATE 74 R
ROTATE 74 R
ROTATE 73 R
ROTATE 73 R
DIG 72
ROTATE 72 R
MOVE 72
MOVE 68
ROTATE 68 R
ROTATE 68 L
ROTATE 65 L
ROTATE 65 R
ROTATE 65 R
ROTATE 63 R
ROTATE 63 R
ROTATE 63 R
ROTATE 60 R
ROTATE 60 L
ROTATE 54 R
ROTATE 54 L
ROTATE 54 R
ROTATE 53 L
ROTATE 53 R
ROTATE 53 L
ROTATE 52 R
MOVE 52
ROTATE 52 R
ROTATE 49 L
ROTATE 49 L
ROTATE 49 L
ROTATE 46 R
ROTATE 46 L
ROTATE 46 R
ROTATE 44 L
ROTATE 44 R
ROTATE 44 R
ROTATE 41 R
ROTATE 41 R
ROTATE 41 L
ROTATE 40 L
ROTATE 40 L
ROTATE 40 L
ROTATE 38 R
ROTATE 38 R
ROTATE 38 L
ROTATE 35 L
ROTATE 35 R
ROTATE 35 R
ROTATE 34 L
ROTATE 34 R
ROTATE 34 R
ROTATE 33 L
ROTATE 33 L
ROTATE 33 R
SHOOT 31
SHOOT 31
SHOOT 31
ROTATE 29 R
ROTATE 29 L
ROTATE 29 L
MOVE 25
ROTATE 25 L
ROTATE 25 R
SHOOT 21
SHOOT 21
SHOOT 21
ROTATE 20 L
ROTATE 20 L
ROTATE 20 L
ROTATE 18 L
ROTATE 18 R
ROTATE 18 R
SHOOT 16
SHOOT 16
SHOOT 16
ROTATE 15 L
MOVE 15
ROTATE 15 L
DIG 9
ROTATE 9 L
ROTATE 9 R
ROTATE 7 L
ROTATE 7 R
ROTATE 7 R
ROTATE 6 R
ROTATE 6 L
ROTATE 6 L
MOVE 3
SHOOT 3
ROTATE 2 R
ROTATE 2 L
DIG 0
DIG 0
BUILD 1 2 2 3
BUILD 0 1 2 2
END

Player2
ROTATE 75 R
ROTATE 75 R
ROTATE 75 R
MOVE 71
ROTATE 71 R
ROTATE 67 L
ROTATE 67 R
MOVE 58
MOVE 58
DIG 58
ROTATE 45 R
ROTATE 45 L
ROTATE 45 L
MOVE 43
MOVE 43
ROTATE 43 L
ROTATE 42 R
MOVE 42
ROTATE 42 L
ROTATE 39 L
ROTATE 39 R
ROTATE 39 L
ROTATE 37 R
ROTATE 37 L
ROTATE 37 R
ROTATE 36 L
ROTATE 36 L
ROTATE 36 R
ROTATE 32 R
ROTATE 32 R
ROTATE 32 R
ROTATE 28 L
ROTATE 28 R
ROTATE 28 R
ROTATE 27 L
ROTATE 27 L
ROTATE 27 R
ROTATE 24 R
ROTATE 24 R
ROTATE 24 R
ROTATE 23 L
ROTATE 23 L
ROTATE 23 R
SHOOT 22
SHOOT 22
ROTATE 10 L
ROTATE 10 R
ROTATE 10 R
ROTATE 8 L
ROTATE 8 R
ROTATE 5 L
ROTATE 5 L
MOVE 4
ROTATE 4 L
SHOOT 1
SHOOT 1
END

Player1
ROTATE 77 L
ROTATE 77 L
ROTATE 76 R
ROTATE 76 L
ROTATE 74 R
ROTATE 74 L
ROTATE 74 R
ROTATE 73 R
ROTATE 73 R
ROTATE 72 L
MOVE 72
ROTATE 72 L
ROTATE 68 R
MOVE 68
ROTATE 68 L
ROTATE 65 R
ROTATE 65 R
ROTATE 65 L
ROTATE 63 L
ROTATE 63 L
ROTATE 63 R
ROTATE 60 R
ROTATE 60 R
ROTATE 54 L
ROTATE 54 L
ROTATE 54 R
ROTATE 53 R
ROTATE 53 L
ROTATE 53 L
ROTATE 52 R
ROTATE 52 R
ROTATE 52 R
ROTATE 49 L
ROTATE 49 R
ROTATE 49 R
ROTATE 46 R
ROTATE 46 R
ROTATE 46 L
ROTATE 44 L
ROTATE 44 R
ROTATE 44 R
MOVE 41
ROTATE 41 R
SHOOT 41
ROTATE 40 R
ROTATE 40 L
ROTATE 40 L
ROTATE 38 L
ROTATE 38 R
ROTATE 38 L
ROTATE 35 L
ROTATE 35 R
ROTATE 35 L
ROTATE 34 R
ROTATE 34 R
ROTATE 34 R
ROTATE 33 R
ROTATE 33 R
ROTATE 33 R
SHOOT 31
SHOOT 31
SHOOT 31
ROTATE 29 R
ROTATE 29 R
ROTATE 29 R
ROTATE 25 L
ROTATE 25 L
ROTATE 25 R
MOVE 21
MOVE 21
MOVE 21
ROTATE 20 L
ROTATE 20 R
ROTATE 20 L
ROTATE 18 L
ROTATE 18 R
ROTATE 18 R
ROTATE 16 L
MOVE 16
ROTATE 16 L
ROTATE 15 L
MOVE 15
ROTATE 15 R
DIG 9
ROTATE 9 R
ROTATE 9 L
ROTATE 7 R
ROTATE 7 R
ROTATE 7 L
ROTATE 6 R
ROTATE 6 L
ROTATE 6 R
SHOOT 3
SHOOT 3
ROTATE 2 R
ROTATE 2 R
DIG 0
DIG 0
END

Player2
ROTATE 75 L
SHOOT 75
SHOOT 75
MOVE 71
ROTATE 71 R
ROTATE 67 L
ROTATE 67 R
ROTATE 58 R
ROTATE 58 R
MOVE 58
ROTATE 45 L
ROTATE 45 L
ROTATE 45 R
MOVE 43
ROTATE 43 R
ROTATE 43 R
ROTATE 42 L
MOVE 42
MOVE 42
ROTATE 39 R
ROTATE 39 R
ROTATE 39 L
ROTATE 37 L
ROTATE 37 L
ROTATE 37 L
ROTATE 36 L
ROTATE 36 L
ROTATE 36 R
MOVE 32
ROTATE 32 L
ROTATE 32 L
ROTATE 28 L
ROTATE 28 L
ROTATE 28 R
ROTATE 27 L
ROTATE 27 R
ROTATE 27 L
MOVE 24
ROTATE 24 R
MOVE 24
ROTATE 23 R
ROTATE 23 L
ROTATE 23 L
SHOOT 22
SHOOT 22
MOVE 10
MOVE 10
ROTATE 10 R
MOVE 8
MOVE 8
MOVE 5
MOVE 5
SHOOT 4
SHOOT 4
SHOOT 1
SHOOT 1
BUILD 2 6 1 1
BUILD 3 7 1 2
BUILD 3 7 2 1
BUILD 1 7 2 2
BUILD 2 8 2 1
BUILD 2 6 2 4
END

Player1
ROTATE 77 R
ROTATE 77 L
ROTATE 76 R
ROTATE 76 L
ROTATE 74 R
ROTATE 74 L
ROTATE 74 R
ROTATE 73 R
ROTATE 73 R
ROTATE 72 R
ROTATE 72 R
MOVE 72
MOVE 68
ROTATE 68 L
ROTATE 68 L
ROTATE 65 R
ROTATE 65 L
ROTATE 65 L
ROTATE 63 R
ROTATE 63 R
MOVE 63
ROTATE 60 L
ROTATE 60 L
MOVE 54
ROTATE 54 R
ROTATE 54 L
ROTATE 53 L
ROTATE 53 L
ROTATE 53 R
ROTATE 52 L
ROTATE 52 L
ROTATE 52 R
ROTATE 49 R
MOVE 49
ROTATE 49 R
ROTATE 46 R
ROTATE 46 L
ROTATE 46 L
ROTATE 44 L
ROTATE 44 L
ROTATE 44 R
SHOOT 41
SHOOT 41
SHOOT 41
ROTATE 40 L
ROTATE 40 L
ROTATE 40 L
ROTATE 38 L
ROTATE 38 R
ROTATE 38 R
ROTATE 35 L
ROTATE 35 L
ROTATE 35 R
ROTATE 34 L
ROTATE 34 L
ROTATE 34 L
ROTATE 33 R
ROTATE 33 L
ROTATE 33 L
MOVE 31
SHOOT 31
SHOOT 31
ROTATE 29 L
ROTATE 29 R
ROTATE 29 R
ROTATE 25 L
MOVE 25
ROTATE 25 L
SHOOT 21
SHOOT 21
SHOOT 21
ROTATE 20 R
ROTATE 20 L
ROTATE 20 R
ROTATE 18 R
SHOOT 18
SHOOT 18
ROTATE 16 L
ROTATE 16 R
ROTATE 16 R
ROTATE 15 L
ROTATE 15 R
ROTATE 15 L
DIG 9
ROTATE 9 R
ROTATE 9 L
ROTATE 7 L
ROTATE 7 L
ROTATE 7 L
ROTATE 6 R
ROTATE 6 R
ROTATE 6 L
SHOOT 3
SHOOT 3
MOVE 2
ROTATE 2 R
DIG 0
DIG 0
BUILD 1 3 2 4
END

Player2
DIG 80
DIG 80
ROTATE 79 L
MOVE 79
MOVE 79
SHOOT 75
SHOOT 75
SHOOT 75
ROTATE 71 R
ROTATE 71 R
ROTATE 67 L
ROTATE 67 R
ROTATE 45 R
ROTATE 45 L
ROTATE 45 L
MOVE 43
ROTATE 43 L
ROTATE 43 R
ROTATE 42 L
SHOOT 42
SHOOT 42
ROTATE 39 R
ROTATE 39 L
ROTATE 39 L
ROTATE 37 R
ROTATE 37 R
ROTATE 37 R
ROTATE 36 L
ROTATE 36 L
ROTATE 36 L
MOVE 32
ROTATE 32 L
MOVE 32
ROTATE 28 R
ROTATE 28 R
MOVE 28
ROTATE 27 R
ROTATE 27 R
ROTATE 27 L
ROTATE 24 L
MOVE 24
ROTATE 24 L
MOVE 23
MOVE 23
MOVE 23
SHOOT 22
SHOOT 22
MOVE 10
ROTATE 10 L
ROTATE 10 R
MOVE 8
MOVE 8
MOVE 5
MOVE 5
ROTATE 4 L
MOVE 4
SHOOT 1
SHOOT 1
BUILD 6 3 1 1
END

Player1
ROTATE 81 R
ROTATE 81 R
ROTATE 77 L
ROTATE 77 R
ROTATE 76 L
ROTATE 76 L
MOVE 74
ROTATE 74 L
ROTATE 74 L
MOVE 73
ROTATE 73 L
ROTATE 72 R
ROTATE 72 L
ROTATE 72 R
ROTATE 68 R
ROTATE 68 L
ROTATE 68 R
ROTATE 65 R
ROTATE 65 L
ROTATE 65 R
ROTATE 63 R
ROTATE 63 R
ROTATE 63 L
ROTATE 60 L
ROTATE 60 L
ROTATE 54 R
ROTATE 54 L
ROTATE 54 L
ROTATE 53 R
ROTATE 53 R
ROTATE 53 R
ROTATE 52 R
ROTATE 52 R
ROTATE 52 L
ROTATE 49 L
ROTATE 49 R
ROTATE 49 L
ROTATE 46 R
ROTATE 46 R
ROTATE 46 L
ROTATE 44 R
ROTATE 44 R
ROTATE 44 R
SHOOT 41
SHOOT 41
SHOOT 41
ROTATE 40 R
ROTATE 40 R
ROTATE 40 R
ROTATE 38 R
ROTATE 38 L
ROTATE 38 L
ROTATE 35 L
ROTATE 35 R
ROTATE 35 R
ROTATE 34 R
ROTATE 34 R
ROTATE 34 L
ROTATE 33 R
ROTATE 33 R
ROTATE 33 L
ROTATE 29 R
ROTATE 29 L
ROTATE 29 R
ROTATE 25 R
ROTATE 25 R
ROTATE 25 L
ROTATE 20 R
ROTATE 20 L
ROTATE 20 R
SHOOT 18
SHOOT 18
SHOOT 18
ROTATE 16 R
SHOOT 16
SHOOT 16
ROTATE 15 R
MOVE 15
ROTATE 15 R
DIG 9
ROTATE 9 R
ROTATE 9 L
ROTATE 7 L
ROTATE 7 R
ROTATE 7 L
ROTATE 6 R
ROTATE 6 L
ROTATE 6 R
SHOOT 3
SHOOT 3
ROTATE 2 R
ROTATE 2 L
DIG 0
DIG 0
BUILD 0 4 1 4
END

Player2
DIG 80
DIG 80
ROTATE 79 R
MOVE 79
MOVE 79
SHOOT 75
SHOOT 75
SHOOT 75
ROTATE 71 R
MOVE 71
ROTATE 67 L
ROTATE 67 L
ROTATE 45 R
ROTATE 45 R
ROTATE 45 L
ROTATE 43 R
MOVE 43
MOVE 43
ROTATE 39 R
MOVE 39
ROTATE 39 L
ROTATE 37 R
MOVE 37
MOVE 37
ROTATE 36 L
ROTATE 36 L
ROTATE 36 R
ROTATE 32 R
SHOOT 32
SHOOT 32
ROTATE 28 L
ROTATE 28 L
ROTATE 28 R
ROTATE 27 L
ROTATE 27 R
ROTATE 27 R
ROTATE 24 R
MOVE 24
MOVE 24
MOVE 23
ROTATE 23 R
SHOOT 23
SHOOT 22
SHOOT 22
ROTATE 10 R
MOVE 10
ROTATE 10 L
ROTATE 8 L
MOVE 8
MOVE 5
ROTATE 5 L
DIG 4
DIG 4
SHOOT 1
SHOOT 1
END

Player1
ROTATE 83 R
DIG 83
ROTATE 83 L
DIG 81
DIG 81
MOVE 77
ROTATE 77 R
ROTATE 76 L
ROTATE 76 R
ROTATE 74 L
ROTATE 74 L
ROTATE 74 R
DIG 73
DIG 73
ROTATE 72 L
ROTATE 72 L
ROTATE 72 R
ROTATE 68 R
ROTATE 68 R
ROTATE 68 L
ROTATE 65 R
SHOOT 65
SHOOT 65
ROTATE 63 R
ROTATE 63 R
ROTATE 63 L
ROTATE 60 R
ROTATE 60 R
ROTATE 54 R
ROTATE 54 R
ROTATE 54 R
ROTATE 53 R
ROTATE 53 R
ROTATE 53 R
ROTATE 52 L
ROTATE 52 L
MOVE 52
ROTATE 49 L
ROTATE 49 L
ROTATE 49 L
ROTATE 46 L
ROTATE 46 R
ROTATE 46 R
ROTATE 44 L
ROTATE 44 L
ROTATE 44 R
SHOOT 41
SHOOT 41
SHOOT 41
MOVE 40
ROTATE 40 L
ROTATE 40 R
ROTATE 38 L
ROTATE 38 L
ROTATE 38 R
ROTATE 35 R
ROTATE 35 R
ROTATE 35 R
ROTATE 34 L
ROTATE 34 L
ROTATE 34 L
ROTATE 33 L
ROTATE 33 L
ROTATE 33 L
ROTATE 29 R
ROTATE 29 R
ROTATE 29 R
ROTATE 25 R
ROTATE 25 L
ROTATE 25 L
ROTATE 20 R
ROTATE 20 L
ROTATE 20 R
SHOOT 18
SHOOT 18
SHOOT 18
SHOOT 16
SHOOT 16
SHOOT 16
ROTATE 15 L
ROTATE 15 R
ROTATE 15 R
DIG 9
ROTATE 9 R
ROTATE 9 L
ROTATE 7 R
ROTATE 7 R
ROTATE 7 L
ROTATE 6 R
ROTATE 6 L
ROTATE 6 L
SHOOT 3
SHOOT 3
ROTATE 2 R
ROTATE 2 R
DIG 0
DIG 0
BUILD 6 4 2 2
END

Player2
DIG 80
DIG 80
MOVE 79
ROTATE 79 R
ROTATE 79 L
SHOOT 75
SHOOT 75
SHOOT 75
ROTATE 71 R
ROTATE 71 L
ROTATE 67 R
ROTATE 67 L
ROTATE 45 R
ROTATE 45 L
ROTATE 45 L
ROTATE 43 R
MOVE 43
ROTATE 43 R
ROTATE 39 R
ROTATE 39 R
ROTATE 39 L
MOVE 37
MOVE 37
MOVE 37
ROTATE 36 L
ROTATE 36 R
ROTATE 36 R
SHOOT 32
SHOOT 32
SHOOT 32
ROTATE 28 R
ROTATE 28 L
ROTATE 28 L
MOVE 27
ROTATE 27 L
ROTATE 27 L
ROTATE 24 L
ROTATE 24 R
ROTATE 24 L
SHOOT 22
SHOOT 22
ROTATE 10 L
ROTATE 10 R
ROTATE 10 L
ROTATE 8 R
ROTATE 8 R
ROTATE 5 R
MOVE 5
DIG 4
ROTATE 4 L
SHOOT 1
SHOOT 1
END

Player1
ROTATE 83 R
ROTATE 83 L
ROTATE 83 R
DIG 81
DIG 81
ROTATE 77 R
ROTATE 77 L
ROTATE 76 R
ROTATE 76 L
ROTATE 74 L
ROTATE 74 R
ROTATE 74 R
DIG 73
DIG 73
SHOOT 72
SHOOT 72
SHOOT 72
ROTATE 68 R
ROTATE 68 L
ROTATE 68 L
SHOOT 65
SHOOT 65
SHOOT 65
ROTATE 63 R
ROTATE 63 L
ROTATE 63 L
ROTATE 60 R
ROTATE 60 R
ROTATE 54 L
ROTATE 54 L
ROTATE 54 R
ROTATE 53 L
MOVE 53
ROTATE 53 L
ROTATE 52 L
ROTATE 52 R
ROTATE 52 R
ROTATE 49 R
ROTATE 49 R
ROTATE 49 R
ROTATE 46 L
ROTATE 46 R
ROTATE 46 L
ROTATE 44 R
ROTATE 44 L
ROTATE 44 R
SHOOT 41
SHOOT 41
SHOOT 41
ROTATE 40 R
ROTATE 40 R
ROTATE 40 L
ROTATE 38 R
ROTATE 38 R
ROTATE 38 R
ROTATE 35 L
ROTATE 35 R
ROTATE 35 L
ROTATE 34 L
ROTATE 34 L
ROTATE 34 L
ROTATE 33 R
ROTATE 33 R
ROTATE 33 R
ROTATE 29 R
ROTATE 29 L
ROTATE 29 R
ROTATE 25 R
ROTATE 25 R
ROTATE 25 R
ROTATE 20 L
ROTATE 20 L
ROTATE 20 L
SHOOT 18
SHOOT 18
SHOOT 18
MOVE 16
MOVE 16
MOVE 16
ROTATE 15 R
ROTATE 15 R
ROTATE 15 R
DIG 9
ROTATE 9 L
ROTATE 9 L
ROTATE 7 R
ROTATE 7 R
ROTATE 7 R
ROTATE 6 R
ROTATE 6 R
ROTATE 6 L
ROTATE 2 L
ROTATE 2 R
DIG 0
DIG 0
BUILD 6 4 1 3
BUILD 4 4 1 4
END

Player2
DIG 80
DIG 80
ROTATE 79 R
ROTATE 79 R
MOVE 79
SHOOT 75
SHOOT 75
SHOOT 75
ROTATE 71 L
ROTATE 71 L
ROTATE 67 R
ROTATE 67 R
ROTATE 45 R
ROTATE 45 R
ROTATE 45 L
ROTATE 43 R
ROTATE 43 R
ROTATE 43 R
ROTATE 39 L
ROTATE 39 R
ROTATE 39 L
ROTATE 37 R
ROTATE 37 L
ROTATE 37 R
ROTATE 36 L
ROTATE 36 R
ROTATE 36 L
ROTATE 28 R
MOVE 28
ROTATE 28 L
ROTATE 27 R
ROTATE 27 R
ROTATE 27 R
ROTATE 24 R
ROTATE 24 R
MOVE 24
SHOOT 22
SHOOT 22
MOVE 10
ROTATE 10 L
ROTATE 10 R
MOVE 8
ROTATE 8 R
MOVE 5
MOVE 5
ROTATE 4 R
ROTATE 4 L
SHOOT 1
SHOOT 1
BUILD 6 3 1 2
END

Player1
ROTATE 86 L
ROTATE 86 R
ROTATE 86 L
ROTATE 83 R
ROTATE 83 L
ROTATE 83 L
DIG 81
DIG 81
ROTATE 77 R
ROTATE 77 R
ROTATE 76 L
ROTATE 76 L
ROTATE 74 R
ROTATE 74 R
ROTATE 74 L
DIG 73
DIG 73
SHOOT 72
SHOOT 72
SHOOT 72
ROTATE 68 R
ROTATE 68 R
ROTATE 68 L
SHOOT 65
SHOOT 65
SHOOT 65
ROTATE 63 R
ROTATE 63 R
ROTATE 63 L
ROTATE 60 L
ROTATE 60 R
ROTATE 54 L
ROTATE 54 L
ROTATE 54 L
ROTATE 53 L
MOVE 53
ROTATE 53 L
ROTATE 52 R
MOVE 52
ROTATE 52 R
ROTATE 49 R
ROTATE 49 R
ROTATE 49 L
ROTATE 46 R
ROTATE 46 L
ROTATE 46 L
ROTATE 44 R
ROTATE 44 R
ROTATE 44 R
SHOOT 41
SHOOT 41
SHOOT 41
ROTATE 40 L
ROTATE 40 L
ROTATE 40 R
ROTATE 38 L
ROTATE 38 R
ROTATE 38 L
ROTATE 35 L
ROTATE 35 L
ROTATE 35 R
ROTATE 34 R
ROTATE 34 R
ROTATE 34 L
ROTATE 33 R
ROTATE 33 L
ROTATE 33 L
ROTATE 29 R
ROTATE 29 L
ROTATE 29 L
ROTATE 25 L
ROTATE 25 R
ROTATE 25 L
ROTATE 20 R
ROTATE 20 L
ROTATE 20 R
SHOOT 18
SHOOT 18
SHOOT 18
SHOOT 16
SHOOT 16
SHOOT 16
ROTATE 15 R
ROTATE 15 R
ROTATE 15 R
ROTATE 9 L
ROTATE 9 L
DIG 9
ROTATE 7 L
ROTATE 7 R
ROTATE 7 R
ROTATE 6 R
ROTATE 6 L
ROTATE 6 R
ROTATE 2 L
ROTATE 2 L
DIG 0
DIG 0
BUILD 0 1 1 3
END

Player2
DIG 80
DIG 80
ROTATE 79 R
ROTATE 79 L
ROTATE 79 L
SHOOT 75
SHOOT 75
SHOOT 75
MOVE 71
MOVE 71
ROTATE 67 R
ROTATE 67 L
ROTATE 45 L
ROTATE 45 R
ROTATE 45 L
ROTATE 43 L
MOVE 43
MOVE 43
MOVE 39
MOVE 39
ROTATE 39 R
ROTATE 37 L
ROTATE 37 L
ROTATE 37 R
ROTATE 36 R
ROTATE 36 R
ROTATE 36 L
ROTATE 28 R
ROTATE 28 L
ROTATE 28 L
ROTATE 27 R
ROTATE 27 L
ROTATE 27 L
SHOOT 22
SHOOT 22
ROTATE 10 R
ROTATE 10 L
ROTATE 10 L
MOVE 8
MOVE 8
ROTATE 5 L
ROTATE 5 R
ROTATE 4 R
ROTATE 4 R
SHOOT 1
SHOOT 1
END

Player1
ROTATE 88 L
ROTATE 88 R
ROTATE 88 L
ROTATE 86 R
ROTATE 86 R
ROTATE 86 L
ROTATE 83 L
ROTATE 83 R
ROTATE 83 R
DIG 81
DIG 81
ROTATE 77 L
ROTATE 77 R
ROTATE 76 R
ROTATE 76 L
ROTATE 74 L
ROTATE 74 L
ROTATE 74 R
DIG 73
DIG 73
SHOOT 72
SHOOT 72
SHOOT 72
ROTATE 68 L
ROTATE 68 L
ROTATE 68 R
MOVE 65
MOVE 65
MOVE 65
ROTATE 63 R
ROTATE 63 L
ROTATE 63 R
ROTATE 60 L
ROTATE 60 L
ROTATE 54 R
ROTATE 54 R
ROTATE 54 L
ROTATE 53 L
MOVE 53
ROTATE 53 L
ROTATE 52 L
ROTATE 52 L
ROTATE 52 R
ROTATE 49 R
ROTATE 49 L
ROTATE 49 L
ROTATE 46 R
ROTATE 46 L
ROTATE 46 R
ROTATE 44 L
ROTATE 44 L
ROTATE 44 R
SHOOT 41
SHOOT 41
SHOOT 41
ROTATE 40 R
ROTATE 40 R
ROTATE 40 L
ROTATE 38 R
ROTATE 38 R
ROTATE 38 R
ROTATE 35 L
ROTATE 35 R
ROTATE 35 L
ROTATE 34 R
ROTATE 34 R
ROTATE 34 R
ROTATE 33 R
ROTATE 33 L
ROTATE 33 L
ROTATE 29 L
ROTATE 29 L
ROTATE 29 L
ROTATE 25 L
MOVE 25
MOVE 25
ROTATE 20 R
ROTATE 20 L
ROTATE 20 R
ROTATE 18 L
ROTATE 18 L
ROTATE 18 L
SHOOT 16
SHOOT 16
SHOOT 16
ROTATE 15 R
ROTATE 15 R
ROTATE 15 R
DIG 9
ROTATE 9 L
ROTATE 9 R
ROTATE 7 L
ROTATE 7 R
ROTATE 7 L
ROTATE 6 L
ROTATE 6 R
ROTATE 6 L
MOVE 2
MOVE 2
DIG 0
DIG 0
BUILD 6 4 1 4
END

Player2
DIG 80
DIG 80
MOVE 79
ROTATE 79 L
ROTATE 79 L
SHOOT 75
SHOOT 75
SHOOT 75
MOVE 71
ROTATE 71 L
ROTATE 67 L
ROTATE 67 R
ROTATE 45 R
ROTATE 45 L
ROTATE 45 L
MOVE 39
MOVE 39
ROTATE 39 R
ROTATE 37 R
ROTATE 37 R
SHOOT 37
ROTATE 36 R
ROTATE 36 L
ROTATE 36 R
MOVE 28
MOVE 28
MOVE 28
ROTATE 27 L
MOVE 27
ROTATE 27 L
SHOOT 22
SHOOT 22
MOVE 10
MOVE 10
MOVE 10
ROTATE 8 L
MOVE 8
ROTATE 5 R
ROTATE 5 R
MOVE 4
MOVE 4
SHOOT 1
SHOOT 1
END

Player1
ROTATE 88 L
ROTATE 88 L
ROTATE 88 L
ROTATE 86 R
ROTATE 86 R
MOVE 86
ROTATE 83 L
ROTATE 83 R
ROTATE 83 R
DIG 81
DIG 81
ROTATE 77 L
ROTATE 77 L
ROTATE 76 R
ROTATE 76 R
ROTATE 74 L
ROTATE 74 L
ROTATE 74 L
DIG 73
DIG 73
ROTATE 68 R
ROTATE 68 R
SHOOT 68
MOVE 65
MOVE 65
MOVE 65
ROTATE 63 L
ROTATE 63 R
ROTATE 63 R
ROTATE 60 R
ROTATE 60 R
ROTATE 54 R
ROTATE 54 L
ROTATE 54 L
ROTATE 53 R
ROTATE 53 R
ROTATE 53 L
ROTATE 52 L
ROTATE 52 R
ROTATE 52 R
ROTATE 49 L
ROTATE 49 R
ROTATE 49 L
ROTATE 46 R
ROTATE 46 L
ROTATE 46 L
ROTATE 44 R
ROTATE 44 L
ROTATE 44 R
SHOOT 41
SHOOT 41
SHOOT 41
ROTATE 40 R
ROTATE 40 R
ROTATE 40 L
ROTATE 38 R
ROTATE 38 L
ROTATE 38 L
ROTATE 35 R
MOVE 35
ROTATE 35 R
ROTATE 34 R
ROTATE 34 L
ROTATE 34 L
ROTATE 33 L
ROTATE 33 R
ROTATE 33 R
ROTATE 29 L
ROTATE 29 R
ROTATE 29 L
MOVE 25
MOVE 25
MOVE 25
ROTATE 20 R
ROTATE 20 L
ROTATE 20 L
ROTATE 18 R
MOVE 18
ROTATE 18 R
ROTATE 15 R
ROTATE 15 L
ROTATE 15 R
DIG 9
ROTATE 9 L
ROTATE 9 R
ROTATE 7 L
ROTATE 7 R
ROTATE 7 R
ROTATE 6 R
ROTATE 6 L
ROTATE 6 L
MOVE 2
MOVE 2
DIG 0
DIG 0
BUILD 6 2 2 3
BUILD 5 3 1 1
END

Player2
DIG 80
DIG 80
MOVE 79
ROTATE 79 L
MOVE 79
SHOOT 75
SHOOT 75
SHOOT 75
MOVE 71
ROTATE 71 R
ROTATE 67 R
ROTATE 67 L
ROTATE 45 L
ROTATE 45 R
ROTATE 45 R
ROTATE 39 R
MOVE 39
MOVE 39
MOVE 37
ROTATE 37 R
ROTATE 37 L
ROTATE 36 R
ROTATE 36 L
ROTATE 36 L
ROTATE 28 L
SHOOT 28
SHOOT 28
MOVE 27
ROTATE 27 R
MOVE 27
SHOOT 22
SHOOT 22
MOVE 10
MOVE 10
ROTATE 10 L
MOVE 8
ROTATE 8 R
MOVE 5
MOVE 5
MOVE 4
ROTATE 4 L
MOVE 1
SHOOT 1
END

Player1
SHOOT 91
SHOOT 91
SHOOT 91
MOVE 90
SHOOT 90
ROTATE 88 L
ROTATE 88 L
ROTATE 88 R
SHOOT 86
SHOOT 86
SHOOT 86
ROTATE 83 L
ROTATE 83 R
ROTATE 83 L
ROTATE 81 L
ROTATE 81 R
ROTATE 77 L
ROTATE 77 L
ROTATE 76 L
ROTATE 76 L
ROTATE 74 L
ROTATE 74 R
ROTATE 74 R
DIG 73
DIG 73
SHOOT 68
SHOOT 68
SHOOT 68
DIG 65
ROTATE 65 L
SHOOT 65
ROTATE 63 L
ROTATE 63 R
ROTATE 63 R
ROTATE 60 L
ROTATE 60 L
ROTATE 54 L
ROTATE 54 R
ROTATE 54 L
ROTATE 53 R
ROTATE 53 R
MOVE 53
ROTATE 52 L
ROTATE 52 R
ROTATE 52 L
ROTATE 49 R
ROTATE 49 R
ROTATE 49 L
ROTATE 46 R
ROTATE 46 L
ROTATE 46 L
ROTATE 44 L
ROTATE 44 R
ROTATE 44 L
SHOOT 41
SHOOT 41
SHOOT 41
MOVE 40
ROTATE 40 R
ROTATE 40 R
ROTATE 38 L
ROTATE 38 R
ROTATE 38 R
MOVE 35
ROTATE 35 R
ROTATE 35 R
ROTATE 34 R
ROTATE 34 R
ROTATE 34 R
ROTATE 33 L
ROTATE 33 R
ROTATE 33 R
ROTATE 29 L
MOVE 29
ROTATE 29 R
MOVE 25
ROTATE 25 R
SHOOT 25
ROTATE 20 R
MOVE 20
ROTATE 20 L
ROTATE 18 L
ROTATE 18 R
ROTATE 18 L
ROTATE 15 R
ROTATE 15 L
ROTATE 15 R
DIG 9
ROTATE 9 R
ROTATE 9 R
ROTATE 7 L
ROTATE 7 L
MOVE 7
MOVE 6
MOVE 6
ROTATE 6 L
DIG 0
DIG 0
END

Player2
DIG 80
DIG 80
MOVE 79
MOVE 79
ROTATE 79 R
SHOOT 75
SHOOT 75
SHOOT 75
SHOOT 71
SHOOT 71
ROTATE 67 L
ROTATE 67 R
ROTATE 45 R
ROTATE 45 R
ROTATE 45 R
ROTATE 39 L
MOVE 39
MOVE 39
ROTATE 36 R
ROTATE 36 L
ROTATE 36 L
MOVE 28
MOVE 28
ROTATE 28 L
MOVE 27
ROTATE 27 L
MOVE 27
SHOOT 22
SHOOT 22
MOVE 10
MOVE 10
ROTATE 10 L
ROTATE 8 R
ROTATE 8 L
ROTATE 5 L
ROTATE 5 R
MOVE 4
ROTATE 4 R
SHOOT 1
SHOOT 1
END

Player1
ROTATE 91 L
MOVE 91
ROTATE 91 L
SHOOT 90
SHOOT 90
ROTATE 88 L
ROTATE 88 R
ROTATE 88 R
MOVE 86
SHOOT 86
SHOOT 86
ROTATE 83 R
ROTATE 83 R
ROTATE 83 L
ROTATE 81 L
ROTATE 81 L
ROTATE 77 R
ROTATE 77 R
ROTATE 76 R
ROTATE 76 R
ROTATE 74 L
ROTATE 74 L
ROTATE 74 L
DIG 73
DIG 73
ROTATE 68 L
ROTATE 68 R
ROTATE 68 R
SHOOT 65
SHOOT 65
SHOOT 65
ROTATE 63 L
ROTATE 63 R
ROTATE 63 L
ROTATE 60 L
ROTATE 60 R
ROTATE 54 R
ROTATE 54 L
ROTATE 54 R
ROTATE 53 L
ROTATE 53 R
ROTATE 53 L
ROTATE 52 L
ROTATE 52 R
ROTATE 52 L
ROTATE 49 R
ROTATE 49 L
ROTATE 49 L
ROTATE 46 R
MOVE 46
MOVE 46
ROTATE 44 R
ROTATE 44 L
ROTATE 44 R
SHOOT 41
SHOOT 41
SHOOT 41
ROTATE 40 L
ROTATE 40 L
ROTATE 40 L
ROTATE 38 R
ROTATE 38 L
ROTATE 38 L
MOVE 35
ROTATE 35 L
ROTATE 35 R
ROTATE 34 R
MOVE 34
ROTATE 34 R
ROTATE 33 R
ROTATE 33 L
ROTATE 33 R
ROTATE 29 R
ROTATE 29 R
ROTATE 29 R
SHOOT 25
SHOOT 25
SHOOT 25
ROTATE 20 R
ROTATE 20 L
ROTATE 20 R
ROTATE 18 L
ROTATE 18 R
ROTATE 18 L
ROTATE 15 R
ROTATE 15 R
ROTATE 15 R
MOVE 9
ROTATE 9 L
MOVE 9
ROTATE 7 R
ROTATE 7 L
ROTATE 7 R
ROTATE 6 L
ROTATE 6 R
ROTATE 6 R
DIG 0
DIG 0
BUILD 8 2 2 2
BUILD 8 2 1 4
END

Player2
DIG 80
DIG 80
ROTATE 79 R
ROTATE 79 L
ROTATE 79 L
SHOOT 75
SHOOT 75
SHOOT 75
SHOOT 71
SHOOT 71
ROTATE 67 L
ROTATE 67 L
ROTATE 45 R
ROTATE 45 L
ROTATE 45 R
ROTATE 36 R
ROTATE 36 L
ROTATE 36 L
SHOOT 28
SHOOT 28
SHOOT 28
ROTATE 27 L
MOVE 27
MOVE 27
SHOOT 22
SHOOT 22
ROTATE 8 L
ROTATE 8 L
MOVE 5
MOVE 5
MOVE 4
MOVE 4
SHOOT 1
SHOOT 1
BUILD 4 5 1 4
BUILD 3 6 1 4
END

Player1
ROTATE 92 L
DIG 92
MOVE 91
DIG 91
ROTATE 91 R
SHOOT 90
SHOOT 90
ROTATE 88 L
ROTATE 88 R
ROTATE 88 L
SHOOT 86
SHOOT 86
SHOOT 86
ROTATE 83 L
ROTATE 83 L
ROTATE 83 L
ROTATE 81 R
ROTATE 81 R
ROTATE 77 L
ROTATE 77 R
ROTATE 76 R
ROTATE 76 L
ROTATE 74 R
ROTATE 74 L
ROTATE 74 L
DIG 73
DIG 73
ROTATE 68 R
ROTATE 68 L
ROTATE 68 L
SHOOT 65
SHOOT 65
SHOOT 65
ROTATE 63 L
ROTATE 63 L
ROTATE 63 R
ROTATE 60 L
MOVE 60
ROTATE 54 L
ROTATE 54 L
ROTATE 54 R
ROTATE 53 R
ROTATE 53 R
ROTATE 53 L
ROTATE 52 L
ROTATE 52 R
ROTATE 52 L
ROTATE 49 L
ROTATE 49 L
ROTATE 49 L
ROTATE 46 L
ROTATE 46 R
ROTATE 46 L
ROTATE 44 R
ROTATE 44 L
ROTATE 44 L
MOVE 41
MOVE 41
MOVE 41
ROTATE 40 R
ROTATE 40 R
ROTATE 40 R
ROTATE 38 L
ROTATE 38 R
ROTATE 38 R
ROTATE 35 R
SHOOT 35
SHOOT 35
SHOOT 34
SHOOT 34
SHOOT 34
ROTATE 33 L
ROTATE 33 R
ROTATE 33 L
ROTATE 29 L
ROTATE 29 L
ROTATE 29 L
ROTATE 20 L
ROTATE 20 L
MOVE 20
ROTATE 18 R
ROTATE 18 L
ROTATE 18 L
ROTATE 15 L
ROTATE 15 L
MOVE 15
ROTATE 9 R
ROTATE 9 L
ROTATE 9 L
ROTATE 7 L
ROTATE 7 L
ROTATE 7 L
ROTATE 6 R
ROTATE 6 L
ROTATE 6 R
DIG 0
DIG 0
BUILD 9 1 1 4
END

Player2
SHOOT 93
SHOOT 93
SHOOT 93
DIG 80
DIG 80
MOVE 79
DIG 79
ROTATE 79 R
SHOOT 75
SHOOT 75
SHOOT 75
SHOOT 71
SHOOT 71
ROTATE 67 L
ROTATE 67 L
ROTATE 45 L
ROTATE 45 L
ROTATE 45 R
SHOOT 36
SHOOT 36
SHOOT 36
SHOOT 28
SHOOT 28
SHOOT 28
SHOOT 22
SHOOT 22
SHOOT 8
SHOOT 8
SHOOT 5
SHOOT 5
MOVE 4
ROTATE 4 R
SHOOT 1
SHOOT 1
END

Player1
ROTATE 94 R
ROTATE 94 L
ROTATE 94 R
DIG 92
DIG 92
ROTATE 91 L
ROTATE 91 R
ROTATE 91 R
SHOOT 90
SHOOT 90
ROTATE 88 R
ROTATE 88 R
ROTATE 88 L
SHOOT 86
SHOOT 86
SHOOT 86
ROTATE 83 L
ROTATE 83 L
ROTATE 83 R
ROTATE 81 L
ROTATE 81 R
ROTATE 77 L
ROTATE 77 L
ROTATE 76 R
ROTATE 76 L
ROTATE 74 L
ROTATE 74 R
ROTATE 74 R
DIG 73
DIG 73
ROTATE 68 L
ROTATE 68 R
ROTATE 68 L
ROTATE 63 L
ROTATE 63 R
ROTATE 63 L
ROTATE 60 R
ROTATE 60 L
ROTATE 54 R
ROTATE 54 L
ROTATE 54 R
ROTATE 53 L
ROTATE 53 R
ROTATE 53 L
ROTATE 52 R
ROTATE 52 L
ROTATE 52 R
ROTATE 49 R
ROTATE 49 R
ROTATE 49 L
ROTATE 46 R
ROTATE 46 L
ROTATE 46 L
ROTATE 44 R
ROTATE 44 L
ROTATE 44 R
MOVE 41
ROTATE 41 L
SHOOT 41
ROTATE 40 R
ROTATE 40 R
ROTATE 40 R
ROTATE 38 L
ROTATE 38 R
ROTATE 38 R
SHOOT 34
SHOOT 34
SHOOT 34
ROTATE 33 L
ROTATE 33 R
ROTATE 33 L
ROTATE 29 L
MOVE 29
DIG 29
MOVE 20
ROTATE 20 R
ROTATE 20 L
ROTATE 18 L
ROTATE 18 R
ROTATE 18 R
MOVE 15
ROTATE 15 L
ROTATE 15 R
ROTATE 9 R
ROTATE 9 R
ROTATE 9 R
ROTATE 7 R
MOVE 7
ROTATE 7 L
ROTATE 6 L
ROTATE 6 R
ROTATE 6 L
SHOOT 0
SHOOT 0
BUILD 9 3 1 4
END

Player2
SHOOT 93
SHOOT 93
SHOOT 93
DIG 80
DIG 80
SHOOT 75
SHOOT 75
SHOOT 75
SHOOT 71
SHOOT 71
ROTATE 67 R
ROTATE 67 R
ROTATE 45 R
ROTATE 45 R
ROTATE 45 L
SHOOT 36
SHOOT 36
SHOOT 36
MOVE 28
MOVE 28
ROTATE 28 L
SHOOT 22
SHOOT 22
SHOOT 8
SHOOT 8
MOVE 4
ROTATE 4 L
SHOOT 1
SHOOT 1
END

Player1
ROTATE 94 L
ROTATE 94 R
ROTATE 94 R
DIG 92
DIG 92
ROTATE 91 L
ROTATE 91 L
ROTATE 91 R
SHOOT 90
SHOOT 90
ROTATE 88 L
ROTATE 88 L
ROTATE 88 R
MOVE 86
MOVE 86
MOVE 86
ROTATE 83 L
ROTATE 83 L
ROTATE 83 R
ROTATE 81 L
ROTATE 81 L
ROTATE 77 R
ROTATE 77 L
ROTATE 76 L
ROTATE 76 R
ROTATE 74 L
ROTATE 74 R
ROTATE 74 R
DIG 73
DIG 73
MOVE 68
ROTATE 68 R
SHOOT 68
ROTATE 63 L
MOVE 63
MOVE 63
ROTATE 60 L
ROTATE 60 R
ROTATE 54 R
ROTATE 54 R
ROTATE 54 L
ROTATE 53 L
ROTATE 53 R
ROTATE 53 L
ROTATE 52 L
ROTATE 52 L
ROTATE 52 R
ROTATE 49 R
ROTATE 49 R
ROTATE 49 L
ROTATE 46 R
ROTATE 46 R
MOVE 46
ROTATE 44 L
ROTATE 44 R
ROTATE 44 L
MOVE 41
ROTATE 41 R
ROTATE 41 R
ROTATE 40 L
ROTATE 40 L
ROTATE 40 L
ROTATE 38 R
ROTATE 38 R
ROTATE 38 L
MOVE 33
ROTATE 33 L
ROTATE 33 L
ROTATE 29 L
ROTATE 29 L
ROTATE 29 R
ROTATE 20 R
ROTATE 20 R
ROTATE 20 L
ROTATE 15 R
ROTATE 15 R
ROTATE 15 L
ROTATE 9 L
ROTATE 9 R
ROTATE 9 L
MOVE 7
ROTATE 7 R
ROTATE 7 L
ROTATE 6 R
ROTATE 6 L
ROTATE 6 L
SHOOT 0
SHOOT 0
BUILD 9 3 1 4
END

Player2
DIG 80
DIG 80
SHOOT 75
SHOOT 75
SHOOT 75
SHOOT 71
SHOOT 71
ROTATE 67 L
ROTATE 67 R
ROTATE 45 L
ROTATE 45 L
ROTATE 45 L
SHOOT 36
SHOOT 36
SHOOT 36
MOVE 28
MOVE 28
MOVE 28
SHOOT 22
SHOOT 22
MOVE 8
MOVE 8
ROTATE 4 L
MOVE 4
MOVE 1
MOVE 1
END

Player1
ROTATE 94 L
ROTATE 94 R
ROTATE 94 R
DIG 92
DIG 92
ROTATE 91 R
ROTATE 91 R
ROTATE 91 L
ROTATE 88 R
ROTATE 88 R
ROTATE 88 R
ROTATE 86 L
MOVE 86
DIG 86
ROTATE 83 L
ROTATE 83 L
ROTATE 83 L
ROTATE 81 R
SHOOT 81
ROTATE 77 L
ROTATE 77 L
ROTATE 76 L
ROTATE 76 L
ROTATE 74 R
ROTATE 74 R
ROTATE 74 R
DIG 73
DIG 73
MOVE 68
MOVE 68
MOVE 68
MOVE 63
MOVE 63
MOVE 63
ROTATE 60 L
ROTATE 60 L
ROTATE 54 L
ROTATE 54 L
ROTATE 54 R
ROTATE 53 R
ROTATE 53 L
ROTATE 53 R
ROTATE 52 L
ROTATE 52 R
ROTATE 52 R
ROTATE 49 L
ROTATE 49 L
MOVE 49
ROTATE 46 L
ROTATE 46 R
ROTATE 46 L
ROTATE 44 R
ROTATE 44 L
ROTATE 44 R
SHOOT 41
SHOOT 41
SHOOT 41
ROTATE 40 L
ROTATE 40 L
ROTATE 40 R
ROTATE 38 L
MOVE 38
ROTATE 38 R
ROTATE 33 R
ROTATE 33 R
MOVE 33
ROTATE 29 L
ROTATE 29 L
ROTATE 29 L
SHOOT 20
SHOOT 20
SHOOT 20
ROTATE 15 R
ROTATE 15 R
ROTATE 15 L
MOVE 9
ROTATE 9 L
ROTATE 9 R
ROTATE 7 L
MOVE 7
ROTATE 7 R
MOVE 6
ROTATE 6 L
ROTATE 6 R
SHOOT 0
SHOOT 0
BUILD 6 2 1 1
END

Player2
DIG 80
DIG 80
SHOOT 75
SHOOT 75
SHOOT 75
MOVE 71
SHOOT 71
ROTATE 67 R
ROTATE 67 R
SHOOT 45
SHOOT 45
SHOOT 45
ROTATE 28 L
ROTATE 28 R
ROTATE 28 L
SHOOT 22
SHOOT 22
MOVE 8
ROTATE 8 R
DIG 1
DIG 1
END

Player1
ROTATE 97 L
ROTATE 97 L
ROTATE 97 L
ROTATE 94 R
MOVE 94
ROTATE 94 R
DIG 92
DIG 92
ROTATE 91 R
MOVE 91
MOVE 91
ROTATE 88 R
ROTATE 88 R
ROTATE 88 L
ROTATE 86 L
MOVE 86
SHOOT 86
ROTATE 83 L
ROTATE 83 R
ROTATE 83 L
ROTATE 81 L
ROTATE 81 R
ROTATE 77 L
ROTATE 77 L
ROTATE 76 L
MOVE 76
ROTATE 74 R
ROTATE 74 L
ROTATE 74 R
DIG 73
DIG 73
MOVE 68
MOVE 68
MOVE 68
MOVE 63
ROTATE 63 R
MOVE 63
MOVE 60
ROTATE 60 L
ROTATE 54 R
ROTATE 54 R
MOVE 54
ROTATE 53 R
ROTATE 53 R
ROTATE 53 L
ROTATE 52 R
ROTATE 52 R
ROTATE 52 R
MOVE 49
ROTATE 49 L
MOVE 49
ROTATE 46 R
ROTATE 46 R
ROTATE 46 R
ROTATE 44 L
ROTATE 44 R
ROTATE 44 L
MOVE 41
ROTATE 41 L
ROTATE 41 R
ROTATE 40 L
ROTATE 40 L
MOVE 40
ROTATE 38 L
ROTATE 38 L
MOVE 38
ROTATE 33 L
ROTATE 33 L
ROTATE 33 L
ROTATE 29 R
ROTATE 29 L
ROTATE 29 R
SHOOT 20
SHOOT 20
SHOOT 20
ROTATE 15 R
ROTATE 15 L
ROTATE 15 L
ROTATE 9 R
MOVE 9
ROTATE 9 R
ROTATE 7 R
ROTATE 7 R
MOVE 7
ROTATE 6 L
ROTATE 6 R
ROTATE 6 L
MOVE 0
SHOOT 0
BUILD 1 2 1 2
END

Player2
DIG 80
DIG 80
ROTATE 75 R
ROTATE 75 R
ROTATE 75 R
SHOOT 71
SHOOT 71
ROTATE 67 L
ROTATE 67 L
SHOOT 45
SHOOT 45
SHOOT 45
ROTATE 28 L
MOVE 28
SHOOT 28
SHOOT 8
SHOOT 8
DIG 1
DIG 1
BUILD 4 3 1 4
BUILD 2 3 1 4
END

Player1
ROTATE 98 R
ROTATE 98 R
ROTATE 98 L
SHOOT 97
SHOOT 97
SHOOT 97
ROTATE 94 R
ROTATE 94 L
ROTATE 94 R
DIG 92
DIG 92
MOVE 91
MOVE 91
MOVE 91
ROTATE 88 R
ROTATE 88 R
ROTATE 88 L
ROTATE 83 L
ROTATE 83 L
ROTATE 83 L
SHOOT 81
SHOOT 81
ROTATE 77 R
ROTATE 77 R
DIG 76
DIG 76
ROTATE 74 L
ROTATE 74 L
ROTATE 74 L
DIG 73
DIG 73
ROTATE 68 L
MOVE 68
ROTATE 68 R
MOVE 63
ROTATE 63 R
MOVE 63
ROTATE 60 R
ROTATE 60 L
MOVE 54
MOVE 54
MOVE 54
ROTATE 53 L
ROTATE 53 R
ROTATE 53 R
ROTATE 52 R
ROTATE 52 R
ROTATE 52 R
MOVE 49
ROTATE 49 L
SHOOT 49
ROTATE 46 L
ROTATE 46 R
ROTATE 46 L
ROTATE 44 R
ROTATE 44 R
ROTATE 44 R
MOVE 41
MOVE 41
ROTATE 41 R
SHOOT 40
SHOOT 40
SHOOT 40
ROTATE 38 R
MOVE 38
ROTATE 38 R
ROTATE 33 L
ROTATE 33 R
ROTATE 33 R
ROTATE 29 R
ROTATE 29 L
ROTATE 29 R
SHOOT 20
SHOOT 20
SHOOT 20
ROTATE 15 L
ROTATE 15 L
ROTATE 15 R
MOVE 9
ROTATE 9 L
ROTATE 9 L
ROTATE 7 L
ROTATE 7 R
ROTATE 7 R
ROTATE 6 L
ROTATE 6 R
ROTATE 6 R
SHOOT 0
SHOOT 0
END

Player2
SHOOT 100
SHOOT 100
SHOOT 100
DIG 80
DIG 80
MOVE 75
MOVE 75
MOVE 75
ROTATE 67 L
MOVE 67
ROTATE 45 L
ROTATE 45 L
ROTATE 45 L
MOVE 28
MOVE 28
MOVE 28
MOVE 8
MOVE 8
DIG 1
DIG 1
BUILD 4 3 1 3
BUILD 3 4 1 2
END

Player1
ROTATE 98 L
ROTATE 98 R
ROTATE 98 R
MOVE 97
MOVE 97
MOVE 97
ROTATE 94 L
ROTATE 94 L
ROTATE 94 L
DIG 92
DIG 92
MOVE 91
MOVE 91
ROTATE 91 L
ROTATE 88 R
ROTATE 88 L
ROTATE 88 R
ROTATE 83 L
ROTATE 83 R
ROTATE 83 L
SHOOT 81
SHOOT 81
ROTATE 77 R
ROTATE 77 L
DIG 76
DIG 76
MOVE 74
MOVE 74
MOVE 74
DIG 73
DIG 73
ROTATE 68 L
ROTATE 68 R
ROTATE 68 R
ROTATE 63 R
MOVE 63
MOVE 63
ROTATE 60 R
ROTATE 60 R
ROTATE 54 L
ROTATE 54 L
MOVE 54
ROTATE 53 R
MOVE 53
ROTATE 53 R
ROTATE 52 L
ROTATE 52 R
ROTATE 52 L
SHOOT 49
SHOOT 49
SHOOT 49
ROTATE 46 R
ROTATE 46 R
ROTATE 46 R
ROTATE 44 R
ROTATE 44 R
ROTATE 44 L
MOVE 41
DIG 41
ROTATE 41 R
SHOOT 40
SHOOT 40
SHOOT 40
ROTATE 38 R
ROTATE 38 R
ROTATE 38 R
ROTATE 33 L
ROTATE 33 R
ROTATE 33 L
ROTATE 29 L
ROTATE 29 R
ROTATE 29 L
SHOOT 20
SHOOT 20
SHOOT 20
ROTATE 15 R
ROTATE 15 R
ROTATE 15 L
MOVE 9
ROTATE 9 L
ROTATE 9 L
ROTATE 7 R
ROTATE 7 L
ROTATE 7 R
ROTATE 6 L
ROTATE 6 L
MOVE 6
SHOOT 0
SHOOT 0
END

Player2
ROTATE 102 L
SHOOT 102
SHOOT 102
SHOOT 100
SHOOT 100
SHOOT 100
DIG 80
DIG 80
MOVE 75
DIG 75
ROTATE 75 L
ROTATE 67 R
ROTATE 67 L
ROTATE 45 R
ROTATE 45 L
ROTATE 45 R
SHOOT 28
SHOOT 28
SHOOT 28
ROTATE 8 R
ROTATE 8 R
DIG 1
DIG 1
BUILD 4 3 1 1
END

Player1
MOVE 98
DIG 98
ROTATE 98 L
MOVE 97
MOVE 97
MOVE 97
ROTATE 94 L
ROTATE 94 L
ROTATE 94 R
DIG 92
DIG 92
ROTATE 91 L
MOVE 91
MOVE 91
ROTATE 88 R
ROTATE 88 R
ROTATE 88 L
ROTATE 83 L
ROTATE 83 L
ROTATE 83 R
SHOOT 81
SHOOT 81
MOVE 77
ROTATE 77 R
ROTATE 74 R
MOVE 74
MOVE 74
DIG 73
DIG 73
MOVE 68
MOVE 68
MOVE 68
MOVE 60
ROTATE 60 R
MOVE 54
MOVE 54
MOVE 54
ROTATE 53 R
MOVE 53
ROTATE 53 L
ROTATE 52 L
ROTATE 52 L
ROTATE 52 L
SHOOT 49
SHOOT 49
SHOOT 49
MOVE 46
ROTATE 46 L
ROTATE 46 R
ROTATE 44 L
ROTATE 44 L
MOVE 44
MOVE 41
MOVE 41
SHOOT 41
SHOOT 40
SHOOT 40
SHOOT 40
MOVE 38
MOVE 38
ROTATE 38 R
ROTATE 33 L
ROTATE 33 L
MOVE 33
ROTATE 29 R
MOVE 29
ROTATE 29 R
SHOOT 20
SHOOT 20
SHOOT 20
ROTATE 15 L
ROTATE 15 L
ROTATE 15 R
MOVE 9
ROTATE 9 L
MOVE 9
MOVE 7
ROTATE 7 L
MOVE 7
MOVE 6
MOVE 6
MOVE 6
SHOOT 0
SHOOT 0
END

Player2
SHOOT 102
SHOOT 102
SHOOT 102
DIG 80
DIG 80
MOVE 75
MOVE 75
ROTATE 75 L
ROTATE 67 R
ROTATE 67 L
ROTATE 45 R
ROTATE 45 R
ROTATE 45 R
SHOOT 28
SHOOT 28
SHOOT 28
MOVE 8
MOVE 8
DIG 1
DIG 1
BUILD 4 3 1 4
BUILD 2 3 1 3
END

Player1
ROTATE 98 L
ROTATE 98 R
ROTATE 98 L
DIG 97
ROTATE 97 L
SHOOT 97
ROTATE 94 R
MOVE 94
MOVE 94
DIG 92
DIG 92
MOVE 91
MOVE 91
ROTATE 91 L
ROTATE 88 L
ROTATE 88 L
ROTATE 88 R
ROTATE 83 L
ROTATE 83 L
MOVE 83
SHOOT 81
SHOOT 81
ROTATE 77 R
ROTATE 77 R
DIG 73
DIG 73
MOVE 68
MOVE 68
ROTATE 68 L
ROTATE 60 R
ROTATE 60 R
ROTATE 54 L
ROTATE 54 L
MOVE 54
ROTATE 53 L
ROTATE 53 L
ROTATE 53 L
MOVE 52
DIG 52
ROTATE 52 R
SHOOT 49
SHOOT 49
SHOOT 49
ROTATE 46 L
ROTATE 46 L
ROTATE 46 R
ROTATE 44 L
ROTATE 44 L
ROTATE 44 L
SHOOT 40
SHOOT 40
SHOOT 40
MOVE 38
ROTATE 38 R
ROTATE 38 R
MOVE 33
MOVE 33
MOVE 33
MOVE 29
MOVE 29
MOVE 29
SHOOT 20
SHOOT 20
SHOOT 20
ROTATE 15 L
MOVE 15
ROTATE 15 L
ROTATE 9 L
MOVE 9
ROTATE 9 L
MOVE 7
ROTATE 7 L
ROTATE 7 R
MOVE 6
MOVE 6
ROTATE 6 L
SHOOT 0
SHOOT 0
END

Player2
SHOOT 105
SHOOT 105
SHOOT 105
MOVE 102
MOVE 102
MOVE 102
DIG 80
DIG 80
ROTATE 75 R
ROTATE 75 L
ROTATE 75 L
ROTATE 67 R
ROTATE 67 R
ROTATE 45 R
ROTATE 45 L
ROTATE 45 L
MOVE 28
MOVE 28
MOVE 28
MOVE 8
ROTATE 8 R
DIG 1
DIG 1
END

Player1
ROTATE 98 L
SHOOT 98
SHOOT 98
SHOOT 97
SHOOT 97
SHOOT 97
MOVE 94
ROTATE 94 L
MOVE 94
ROTATE 92 R
ROTATE 92 L
MOVE 91
MOVE 91
MOVE 91
ROTATE 88 R
MOVE 88
ROTATE 88 R
ROTATE 83 R
ROTATE 83 R
MOVE 83
SHOOT 81
SHOOT 81
ROTATE 77 R
ROTATE 77 R
DIG 73
DIG 73
ROTATE 68 R
ROTATE 68 R
MOVE 68
ROTATE 60 R
ROTATE 60 R
ROTATE 53 R
ROTATE 53 R
ROTATE 53 L
ROTATE 52 L
ROTATE 52 R
ROTATE 52 R
MOVE 49
ROTATE 49 L
SHOOT 49
ROTATE 46 L
MOVE 46
ROTATE 46 L
MOVE 44
ROTATE 44 L
ROTATE 44 L
ROTATE 40 L
MOVE 40
ROTATE 40 L
ROTATE 38 L
MOVE 38
MOVE 38
MOVE 33
MOVE 33
ROTATE 33 R
MOVE 29
MOVE 29
ROTATE 29 R
ROTATE 20 L
ROTATE 20 R
ROTATE 20 R
ROTATE 15 R
ROTATE 15 L
ROTATE 15 L
MOVE 9
ROTATE 9 L
MOVE 9
ROTATE 7 R
ROTATE 7 R
ROTATE 7 L
SHOOT 6
SHOOT 6
SHOOT 6
SHOOT 0
SHOOT 0
END

Player2
MOVE 102
MOVE 102
ROTATE 102 L
DIG 80
DIG 80
MOVE 67
MOVE 67
SHOOT 45
SHOOT 45
SHOOT 45
SHOOT 28
SHOOT 28
SHOOT 28
ROTATE 8 L
ROTATE 8 R
DIG 1
DIG 1
BUILD 2 3 1 3
BUILD 3 4 1 2
END

Player1
SHOOT 98
SHOOT 98
SHOOT 98
MOVE 97
MOVE 97
MOVE 97
ROTATE 94 R
ROTATE 94 R
MOVE 94
ROTATE 92 L
ROTATE 92 L
MOVE 91
ROTATE 91 L
ROTATE 91 R
ROTATE 88 R
ROTATE 88 R
ROTATE 88 L
ROTATE 83 L
ROTATE 83 R
ROTATE 83 R
SHOOT 81
SHOOT 81
ROTATE 77 L
ROTATE 77 R
DIG 73
DIG 73
ROTATE 60 R
ROTATE 60 R
ROTATE 53 R
MOVE 53
ROTATE 53 R
ROTATE 52 R
ROTATE 52 L
ROTATE 52 R
SHOOT 49
SHOOT 49
SHOOT 49
MOVE 46
ROTATE 46 R
ROTATE 46 L
MOVE 44
ROTATE 44 R
ROTATE 44 R
MOVE 40
ROTATE 40 L
ROTATE 40 R
MOVE 38
MOVE 38
ROTATE 38 R
MOVE 33
MOVE 33
MOVE 33
MOVE 29
MOVE 29
MOVE 29
MOVE 20
ROTATE 20 L
MOVE 20
MOVE 15
ROTATE 15 L
MOVE 15
ROTATE 9 L
ROTATE 9 R
ROTATE 9 R
ROTATE 7 L
ROTATE 7 R
ROTATE 7 R
SHOOT 6
SHOOT 6
SHOOT 6
SHOOT 0
SHOOT 0
END

Player2
MOVE 107
DIG 107
ROTATE 107 L
MOVE 102
MOVE 102
DIG 102
DIG 80
DIG 80
SHOOT 67
SHOOT 67
MOVE 28
MOVE 28
ROTATE 28 R
ROTATE 8 L
MOVE 8
DIG 1
DIG 1
BUILD 2 3 1 3
BUILD 3 4 1 4
END

Player1
SHOOT 98
SHOOT 98
SHOOT 98
ROTATE 97 R
MOVE 97
ROTATE 97 L
ROTATE 94 L
ROTATE 94 R
ROTATE 94 L
ROTATE 92 L
ROTATE 92 R
ROTATE 91 L
ROTATE 91 L
MOVE 91
MOVE 88
ROTATE 88 L
ROTATE 88 L
ROTATE 83 R
MOVE 83
ROTATE 83 R
SHOOT 81
SHOOT 81
ROTATE 77 L
ROTATE 77 R
DIG 73
DIG 73
ROTATE 60 R
ROTATE 60 R
ROTATE 53 R
MOVE 53
ROTATE 53 L
ROTATE 52 R
ROTATE 52 R
ROTATE 52 R
SHOOT 49
SHOOT 49
SHOOT 49
ROTATE 46 R
ROTATE 46 L
ROTATE 46 L
ROTATE 44 R
ROTATE 44 L
ROTATE 44 L
ROTATE 40 L
MOVE 40
ROTATE 40 L
ROTATE 38 R
MOVE 38
MOVE 38
MOVE 33
DIG 33
ROTATE 33 R
MOVE 29
ROTATE 29 R
SHOOT 29
ROTATE 20 R
ROTATE 20 L
ROTATE 20 R
ROTATE 15 R
ROTATE 15 L
ROTATE 15 R
MOVE 9
MOVE 9
MOVE 9
MOVE 7
MOVE 7
MOVE 7
SHOOT 6
SHOOT 6
SHOOT 6
MOVE 0
SHOOT 0
END

Player2
ROTATE 109 L
ROTATE 109 R
ROTATE 109 L
SHOOT 107
SHOOT 107
SHOOT 107
ROTATE 102 R
ROTATE 102 R
MOVE 102
DIG 80
DIG 80
SHOOT 67
SHOOT 67
ROTATE 28 R
MOVE 28
ROTATE 28 L
MOVE 8
ROTATE 8 L
DIG 1
DIG 1
END

Player1
SHOOT 98
SHOOT 98
SHOOT 98
ROTATE 97 L
SHOOT 97
SHOOT 97
ROTATE 94 R
ROTATE 94 R
ROTATE 94 R
MOVE 92
MOVE 92
MOVE 91
MOVE 91
MOVE 91
MOVE 88
ROTATE 88 L
ROTATE 88 R
ROTATE 83 R
MOVE 83
ROTATE 83 L
SHOOT 81
SHOOT 81
ROTATE 77 R
ROTATE 77 R
DIG 73
DIG 73
MOVE 60
ROTATE 60 R
ROTATE 53 L
ROTATE 53 R
ROTATE 53 R
ROTATE 52 L
ROTATE 52 L
ROTATE 52 L
SHOOT 49
SHOOT 49
SHOOT 49
DIG 46
ROTATE 46 R
ROTATE 46 R
ROTATE 44 L
ROTATE 44 R
ROTATE 44 R
ROTATE 40 L
ROTATE 40 R
ROTATE 40 R
ROTATE 38 L
MOVE 38
ROTATE 38 L
SHOOT 33
SHOOT 33
SHOOT 33
ROTATE 20 L
ROTATE 20 R
ROTATE 20 L
ROTATE 15 L
ROTATE 15 R
ROTATE 15 R
ROTATE 9 L
MOVE 9
ROTATE 9 R
MOVE 7
ROTATE 7 R
ROTATE 7 R
SHOOT 6
SHOOT 6
SHOOT 6
SHOOT 0
SHOOT 0
END

Player2
MOVE 109
DIG 109
ROTATE 109 R
MOVE 102
ROTATE 102 R
MOVE 102
DIG 80
DIG 80
SHOOT 67
SHOOT 67
ROTATE 28 R
MOVE 28
ROTATE 28 L
MOVE 8
MOVE 8
DIG 1
DIG 1
BUILD 2 3 1 4
BUILD 3 4 1 4
END

Player1
SHOOT 98
SHOOT 98
SHOOT 98
SHOOT 97
SHOOT 97
SHOOT 97
MOVE 94
MOVE 94
MOVE 94
ROTATE 92 L
MOVE 92
MOVE 91
MOVE 91
MOVE 91
ROTATE 88 L
ROTATE 88 L
MOVE 88
ROTATE 83 R
ROTATE 83 L
ROTATE 83 R
SHOOT 81
SHOOT 81
ROTATE 77 L
ROTATE 77 R
DIG 73
DIG 73
MOVE 60
MOVE 60
ROTATE 53 R
ROTATE 53 R
ROTATE 53 L
ROTATE 52 L
MOVE 52
ROTATE 52 R
SHOOT 49
SHOOT 49
SHOOT 49
MOVE 46
ROTATE 46 L
ROTATE 46 L
ROTATE 44 R
MOVE 44
ROTATE 44 R
ROTATE 40 L
ROTATE 40 R
ROTATE 40 R
MOVE 38
MOVE 38
ROTATE 38 R
SHOOT 33
SHOOT 33
SHOOT 33
ROTATE 20 L
ROTATE 20 R
ROTATE 20 L
ROTATE 15 R
ROTATE 15 R
MOVE 15
ROTATE 9 L
MOVE 9
ROTATE 9 R
MOVE 7
MOVE 7
MOVE 7
SHOOT 6
SHOOT 6
SHOOT 6
SHOOT 0
SHOOT 0
END

Player2
ROTATE 111 L
MOVE 111
DIG 111
MOVE 102
MOVE 102
MOVE 102
DIG 80
DIG 80
SHOOT 67
SHOOT 67
SHOOT 28
SHOOT 28
SHOOT 28
MOVE 8
ROTATE 8 R
DIG 1
DIG 1
BUILD 2 3 1 4
BUILD 3 4 1 1
END

Player1
SHOOT 98
SHOOT 98
SHOOT 98
SHOOT 97
SHOOT 97
SHOOT 97
MOVE 94
MOVE 94
MOVE 94
ROTATE 92 R
ROTATE 92 R
ROTATE 91 L
SHOOT 91
SHOOT 91
ROTATE 88 L
MOVE 88
ROTATE 88 L
ROTATE 83 L
ROTATE 83 R
ROTATE 83 L
SHOOT 81
SHOOT 81
ROTATE 77 R
ROTATE 77 L
DIG 73
DIG 73
ROTATE 60 L
ROTATE 60 L
ROTATE 53 L
ROTATE 53 L
ROTATE 53 L
ROTATE 52 R
ROTATE 52 L
ROTATE 52 R
SHOOT 49
SHOOT 49
SHOOT 49
MOVE 46
ROTATE 46 R
ROTATE 46 R
ROTATE 44 L
ROTATE 44 L
ROTATE 44 R
ROTATE 40 L
ROTATE 40 L
ROTATE 40 R
MOVE 38
MOVE 38
ROTATE 38 L
ROTATE 20 L
MOVE 20
MOVE 20
MOVE 15
MOVE 15
SHOOT 15
ROTATE 9 R
MOVE 9
MOVE 9
MOVE 7
ROTATE 7 R
MOVE 7
SHOOT 6
SHOOT 6
SHOOT 6
SHOOT 0
SHOOT 0
END

Player2
MOVE 113
MOVE 113
MOVE 113
ROTATE 111 L
MOVE 111
MOVE 111
MOVE 102
ROTATE 102 R
MOVE 102
DIG 80
DIG 80
MOVE 28
ROTATE 28 L
ROTATE 28 R
ROTATE 8 R
MOVE 8
DIG 1
DIG 1
END

Player1
MOVE 98
SHOOT 98
SHOOT 98
SHOOT 97
SHOOT 97
SHOOT 97
ROTATE 94 L
SHOOT 94
SHOOT 94
ROTATE 92 R
MOVE 92
SHOOT 91
SHOOT 91
SHOOT 91
ROTATE 88 R
ROTATE 88 L
ROTATE 88 L
ROTATE 83 R
ROTATE 83 L
ROTATE 83 L
ROTATE 81 R
ROTATE 81 L
MOVE 77
DIG 77
DIG 73
DIG 73
MOVE 60
MOVE 60
ROTATE 53 L
ROTATE 53 R
ROTATE 53 R
ROTATE 52 L
ROTATE 52 L
ROTATE 52 L
SHOOT 49
SHOOT 49
SHOOT 49
MOVE 46
MOVE 46
MOVE 46
ROTATE 44 L
ROTATE 44 L
ROTATE 44 L
ROTATE 40 L
MOVE 40
ROTATE 40 R
ROTATE 38 L
ROTATE 38 L
DIG 38
ROTATE 20 L
MOVE 20
MOVE 20
MOVE 15
MOVE 15
MOVE 15
MOVE 9
ROTATE 9 L
DIG 9
ROTATE 7 L
ROTATE 7 L
MOVE 7
MOVE 6
MOVE 6
MOVE 6
SHOOT 0
SHOOT 0
END

Player2
SHOOT 113
SHOOT 113
SHOOT 113
ROTATE 111 L
MOVE 111
SHOOT 111
MOVE 102
ROTATE 102 L
MOVE 102
DIG 80
DIG 80
MOVE 28
SHOOT 28
SHOOT 28
MOVE 8
MOVE 8
DIG 1
DIG 1
BUILD 3 4 2 3
BUILD 6 3 1 2
BUILD 7 4 1 1
END

Player1
SHOOT 98
SHOOT 98
SHOOT 98
MOVE 97
ROTATE 97 L
MOVE 97
SHOOT 94
SHOOT 94
SHOOT 94
ROTATE 92 R
MOVE 92
SHOOT 91
SHOOT 91
SHOOT 91
MOVE 88
ROTATE 88 R
ROTATE 88 L
MOVE 83
ROTATE 83 L
MOVE 83
ROTATE 81 R
ROTATE 81 L
MOVE 77
ROTATE 77 R
DIG 73
DIG 73
DIG 60
DIG 60
ROTATE 53 L
MOVE 53
MOVE 53
ROTATE 52 R
ROTATE 52 L
ROTATE 52 L
SHOOT 49
