
Player1
BUILD 1 3 1 1
NOT ENOUGHT MATERIALS TO BUILD NEW SHIP

Player2
BUILD 8 4 2 4
NOT ENOUGHT MATERIALS TO BUILD NEW SHIP

Player1
BUILD 0 1 1 3
NOT ENOUGHT MATERIALS TO BUILD NEW SHIP

Player1
BUILD 1 0 1 4
NOT ENOUGHT MATERIALS TO BUILD NEW SHIP

Player1
BUILD 0 1 1 1
NOT ENOUGHT MATERIALS TO BUILD NEW SHIP

Player1
BUILD 1 0 1 1
NOT ENOUGHT MATERIALS TO BUILD NEW SHIP

Player2
BUILD 8 6 1 1
NOT ENOUGHT MATERIALS TO BUILD NEW SHIP

Player1
BUILD 1 5 1 1
NOT ENOUGHT MATERIALS TO BUILD NEW SHIP

Player1
BUILD 1 3 1 2
NOT ENOUGHT MATERIALS TO BUILD NEW SHIP

Player2
BUILD 8 6 1 2
NOT ENOUGHT MATERIALS TO BUILD NEW SHIP

Player2
BUILD 8 4 1 1
NOT ENOUGHT MATERIALS TO BUILD NEW SHIP

Player2
BUILD 8 6 1 4
NOT ENOUGHT MATERIALS TO BUILD NEW SHIP

Player2
BUILD 8 4 1 3
NOT ENOUGHT MATERIALS TO BUILD NEW SHIP

Player2
BUILD 8 4 1 2
NOT ENOUGHT MATERIALS TO BUILD NEW SHIP

Player1
BUILD 6 1 1 1
NOT ENOUGHT MATERIALS TO BUILD NEW SHIP

Player1
WORKSHOP 3 1
YOU CAN BUILD NEW WORKSHOP OLNY NEAR BY HQ, ANOTHER WORKSHOP OR ONE OF YOURS SHIPS ON ASTEROID

Player1
BUILD 3 0 1 4
NOT ENOUGHT MATERIALS TO BUILD NEW SHIP

Player1
BUILD 3 2 2 2
NOT ENOUGHT MATERIALS TO BUILD NEW SHIP

Player1
BUILD 3 0 2 4
NOT ENOUGHT MATERIALS TO BUILD NEW SHIP

Player1
BUILD 3 0 1 1
NOT ENOUGHT MATERIALS TO BUILD NEW SHIP

Player2
BUILD 8 6 2 2
NOT ENOUGHT MATERIALS TO BUILD NEW SHIP

Player2
BUILD 8 4 2 1
NOT ENOUGHT MATERIALS TO BUILD NEW SHIP

Player1
BUILD 3 0 1 3
NOT ENOUGHT MATERIALS TO BUILD NEW SHIP

Player2
WORKSHOP 6 5
NOT ENOUGHT MATERIALS TO BUILD NEW WORKSHOP

Player2
WORKSHOP 6 5
YOU CAN BUILD NEW WORKSHOP OLNY NEAR BY HQ, ANOTHER WORKSHOP OR ONE OF YOURS SHIPS ON ASTEROID

Player2
BUILD 6 3 1 4
NOT ENOUGHT MATERIALS TO BUILD NEW SHIP

Player2
BUILD 7 4 1 1
NOT ENOUGHT MATERIALS TO BUILD NEW SHIP

Player1
BUILD 3 0 1 4
NOT ENOUGHT MATERIALS TO BUILD NEW SHIP

Player2
BUILD 5 3 1 3
NOT ENOUGHT MATERIALS TO BUILD NEW SHIP

Player1
BUILD 3 0 1 3
NOT ENOUGHT MATERIALS TO BUILD NEW SHIP

Player1
BUILD 3 0 1 1
NOT ENOUGHT MATERIALS TO BUILD NEW SHIP

Player2
BUILD 9 2 1 4
NOT ENOUGHT MATERIALS TO BUILD NEW SHIP

Player1
BUILD 3 0 1 4
NOT ENOUGHT MATERIALS TO BUILD NEW SHIP

Player1
BUILD 3 0 1 4
NOT ENOUGHT MATERIALS TO BUILD NEW SHIP

Player2
BUILD 9 4 1 1
NOT ENOUGHT MATERIALS TO BUILD NEW SHIP

Player2
BUILD 9 2 1 4
NOT ENOUGHT MATERIALS TO BUILD NEW SHIP

Player2
BUILD 5 3 2 3
NOT ENOUGHT MATERIALS TO BUILD NEW SHIP

Player2
BUILD 5 3 2 2
NOT ENOUGHT MATERIALS TO BUILD NEW SHIP

Player2
BUILD 7 5 1 1
NOT ENOUGHT MATERIALS TO BUILD NEW SHIP

Player2
BUILD 6 6 1 2
NOT ENOUGHT MATERIALS TO BUILD NEW SHIP

Player2
BUILD 5 3 1 4
NOT ENOUGHT MATERIALS TO BUILD NEW SHIP

Player2
BUILD 5 3 1 3
NOT ENOUGHT MATERIALS TO BUILD NEW SHIP

Player2
BUILD 5 3 1 4
NOT ENOUGHT MATERIALS TO BUILD NEW SHIP

Player2
BUILD 9 4 1 4
NOT ENOUGHT MATERIALS TO BUILD NEW SHIP

Player2
BUILD 9 2 1 1
NOT ENOUGHT MATERIALS TO BUILD NEW SHIP

Player2
BUILD 9 1 1 4
NOT ENOUGHT MATERIALS TO BUILD NEW SHIP

Player2
BUILD 9 1 1 4
NOT ENOUGHT MATERIALS TO BUILD NEW SHIP

Player2
BUILD 9 3 1 4
NOT ENOUGHT MATERIALS TO BUILD NEW SHIP

Player1
BUILD 2 1 1 2
NOT ENOUGHT MATERIALS TO BUILD NEW SHIP

Player1
BUILD 3 2 1 4
NOT ENOUGHT MATERIALS TO BUILD NEW SHIP

Player1
BUILD 3 0 1 3
NOT ENOUGHT MATERIALS TO BUILD NEW SHIP

Player2
BUILD 9 2 1 1
NOT ENOUGHT MATERIALS TO BUILD NEW SHIP

Player2
BUILD 9 2 1 4
NOT ENOUGHT MATERIALS TO BUILD NEW SHIP

Player1
BUILD 3 2 1 4
NOT ENOUGHT MATERIALS TO BUILD NEW SHIP

Player1
BUILD 3 0 1 1
NOT ENOUGHT MATERIALS TO BUILD NEW SHIP

Player1
BUILD 3 2 1 4
NOT ENOUGHT MATERIALS TO BUILD NEW SHIP

Player2
BUILD 6 6 1 1
NOT ENOUGHT MATERIALS TO BUILD NEW SHIP

Player2
BUILD 6 4 1 2
NOT ENOUGHT MATERIALS TO BUILD NEW SHIP

Player1
BUILD 3 2 1 1
NOT ENOUGHT MATERIALS TO BUILD NEW SHIP

Player1
BUILD 3 0 1 3
NOT ENOUGHT MATERIALS TO BUILD NEW SHIP

Player2
BUILD 7 1 1 2
NOT ENOUGHT MATERIALS TO BUILD NEW SHIP

Player1
BUILD 3 0 1 4
NOT ENOUGHT MATERIALS TO BUILD NEW SHIP

Player2
BUILD 6 6 1 4
NOT ENOUGHT MATERIALS TO BUILD NEW SHIP

Player2
BUILD 6 4 1 1
NOT ENOUGHT MATERIALS TO BUILD NEW SHIP

Player1
BUILD 3 2 1 1
NOT ENOUGHT MATERIALS TO BUILD NEW SHIP

Player1
BUILD 3 2 1 3
NOT ENOUGHT MATERIALS TO BUILD NEW SHIP

Player2
BUILD 5 1 1 4
NOT ENOUGHT MATERIALS TO BUILD NEW SHIP

Player1
BUILD 3 2 1 2
NOT ENOUGHT MATERIALS TO BUILD NEW SHIP

Player2
BUILD 5 1 1 3
NOT ENOUGHT MATERIALS TO BUILD NEW SHIP

Player1
BUILD 3 0 1 2
NOT ENOUGHT MATERIALS TO BUILD NEW SHIP

Player1
BUILD 3 2 1 3
NOT ENOUGHT MATERIALS TO BUILD NEW SHIP

Player2
BUILD 6 6 1 2
NOT ENOUGHT MATERIALS TO BUILD NEW SHIP
