1582250824
Turn: 0
MINES
Mine coords: x = 1 y = 4 ID: 0 HP: 50
Mine coords: x = 8 y = 5 ID: 1 HP: 50
Mine coords: x = 6 y = 0 ID: 2 HP: 50
Mine coords: x = 3 y = 9 ID: 3 HP: 50
Mine coords: x = 3 y = 6 ID: 4 HP: 50
Mine coords: x = 6 y = 3 ID: 5 HP: 50
Mine coords: x = 3 y = 4 ID: 6 HP: 50
Mine coords: x = 6 y = 5 ID: 7 HP: 50
Mine coords: x = 2 y = 4 ID: 8 HP: 50
Mine coords: x = 7 y = 5 ID: 9 HP: 50
Mine coords: x = 2 y = 2 ID: 10 HP: 50
Mine coords: x = 7 y = 7 ID: 11 HP: 50
Mine coords: x = 2 y = 3 ID: 12 HP: 50
Mine coords: x = 7 y = 6 ID: 13 HP: 50
ASTEROIDS
Asteroid coords: x = 3 y = 2 ID: 0 HP: 50 Ws: 0
Asteroid coords: x = 6 y = 7 ID: 1 HP: 50 Ws: 0
Asteroid coords: x = 5 y = 0 ID: 2 HP: 50 Ws: 0
Asteroid coords: x = 4 y = 9 ID: 3 HP: 50 Ws: 0
Asteroid coords: x = 4 y = 5 ID: 4 HP: 50 Ws: 0
Asteroid coords: x = 5 y = 4 ID: 5 HP: 50 Ws: 0
Asteroid coords: x = 7 y = 1 ID: 6 HP: 50 Ws: 0
Asteroid coords: x = 2 y = 8 ID: 7 HP: 50 Ws: 0
Asteroid coords: x = 9 y = 0 ID: 8 HP: 50 Ws: 0
Asteroid coords: x = 0 y = 9 ID: 9 HP: 50 Ws: 0
Asteroid coords: x = 5 y = 2 ID: 10 HP: 50 Ws: 0
Asteroid coords: x = 4 y = 7 ID: 11 HP: 50 Ws: 0
SHIPS
Ship coords: x = 0 y = 0 ID: 0 Tp: 0 Rt: 3 HP: 100 St: 100 Mv: 2
Ship coords: x = 9 y = 9 ID: 1 Tp: 0 Rt: 4 HP: 100 St: 100 Mv: 2
H....AM..A
.......A..
..MA.A....
..M...M...
.MMM.A....
....A.MMM.
...M...M..
....A.AM..
..A.......
A..MA....h

